#
# A fatal error has been detected by the Java Runtime Environment:
#
#  EXCEPTION_ACCESS_VIOLATION (0xc0000005) at pc=0x000002e6e8adced8, pid=55148, tid=55504
#
# JRE version: OpenJDK Runtime Environment Temurin-17.0.7+7 (17.0.7+7) (build 17.0.7+7)
# Java VM: OpenJDK 64-Bit Server VM Temurin-17.0.7+7 (17.0.7+7, mixed mode, tiered, compressed oops, compressed class ptrs, g1 gc, windows-amd64)
# Problematic frame:
# j  jakarta.servlet.http.HttpServletRequestWrapper._getHttpServletRequest()Ljakarta/servlet/http/HttpServletRequest;+4
#
# No core dump will be written. Minidumps are not enabled by default on client versions of Windows
#
# If you would like to submit a bug report, please visit:
#   https://github.com/adoptium/adoptium-support/issues
#

---------------  S U M M A R Y ------------

Command Line: -Dfile.encoding=UTF-8 -XX:+ShowCodeDetailsInExceptionMessages -agentpath:C:\Program Files\SentinelOne\Sentinel Agent 22.3.4.612\SentinelJava64.dll com.its.readchallenge.ReadChallengeApplication

Host: AMD Ryzen 7 5700U with Radeon Graphics         , 8 cores, 14G,  Windows 10 , 64 bit Build 19041 (10.0.19041.5794)
Time: Mon Jun  2 09:09:52 2025 ora legale Europa occidentale elapsed time: 11.157059 seconds (0d 0h 0m 11s)

---------------  T H R E A D  ---------------

Current thread (0x000002e6fe204d60):  JavaThread "http-nio-8080-exec-1" daemon [_thread_in_Java, id=55504, stack(0x000000eb46400000,0x000000eb46500000)]

Stack: [0x000000eb46400000,0x000000eb46500000],  sp=0x000000eb464fba78,  free space=1006k
Native frames: (J=compiled Java code, j=interpreted, Vv=VM code, C=native code)
C  0x000002e6e8adced8


siginfo: EXCEPTION_ACCESS_VIOLATION (0xc0000005), reading address 0x00000001c4b45a48


Register to memory mapping:

RIP=0x000002e6e8adced8 is at code_begin+248 in an Interpreter codelet
checkcast  192 checkcast  [0x000002e6e8adcde0, 0x000002e6e8add020]  576 bytes
RAX=0x00000008002dafc8 is a pointer to class: 
jakarta.servlet.http.HttpServletRequest {0x00000008002dafd0}
 - instance size:     2
 - klass size:        63
 - access:            public interface abstract 
 - state:             fully_initialized
 - name:              'jakarta/servlet/http/HttpServletRequest'
 - super:             'java/lang/Object'
 - sub:               
 - nof implementors:  2
 - arrays:            NULL
 - methods:           Array<T>(0x000002e6814ba990)
 - method ordering:   Array<T>(0x000002e680000018)
 - default_methods:   Array<T>(0x0000000000000000)
 - local interfaces:  Array<T>(0x000002e6814b5c20)
 - trans. interfaces: Array<T>(0x000002e6814b5c20)
 - constants:         constant pool [249] {0x000002e6814ba140} for 'jakarta/servlet/http/HttpServletRequest' cache=0x000002e68268db50
 - class loader data:  loader data: 0x000002e6fc13eb00 for instance a 'jdk/internal/loader/ClassLoaders$AppClassLoader'{0x0000000712cd9a00}
 - source file:       'HttpServletRequest.java'
 - class annotations:       Array<T>(0x0000000000000000)
 - class type annotations:  Array<T>(0x0000000000000000)
 - field annotations:       Array<T>(0x0000000000000000)
 - field type annotations:  Array<T>(0x0000000000000000)
 - inner classes:     Array<T>(0x000002e6814b4fe0)
 - nest members:     Array<T>(0x000002e6814b5fe0)
 - permitted subclasses:     Array<T>(0x000002e680000028)
 - java mirror:       a 'java/lang/Class'{0x00000007132f07c0} = 'jakarta/servlet/http/HttpServletRequest'
 - vtable length      5  (start addr: 0x00000008002db190)
 - itable length      0 (start addr: 0x00000008002db1b8)
 - ---- static fields (2 words):
 - public static final 'BASIC_AUTH' 'Ljava/lang/String;' @112 
 - public static final 'FORM_AUTH' 'Ljava/lang/String;' @116 
 - public static final 'CLIENT_CERT_AUTH' 'Ljava/lang/String;' @120 
 - public static final 'DIGEST_AUTH' 'Ljava/lang/String;' @124 
 - ---- non-static fields (0 words):
 - non-static oop maps: 
RBX=0x000000000000000b is an unknown value
RCX=0x000002e6fe205108 points into unknown readable memory: 0x0002001f00000003 | 03 00 00 00 1f 00 02 00
RDX=0x00000001c4b45a40 is an unknown value
RSP=0x000000eb464fba78 is pointing into the stack for thread: 0x000002e6fe204d60
RBP=0x000000eb464fbac0 is pointing into the stack for thread: 0x000002e6fe204d60
RSI=0x000000eb464fbf70 is pointing into the stack for thread: 0x000002e6fe204d60
RDI=0x000002e6fe204d60 is a thread
R8 =0x0000000000000006 is an unknown value
R9 =0x0000000000000006 is an unknown value
R10=0x000002e687a2b9f0 points into unknown readable memory: 0x0000002000000005 | 05 00 00 00 20 00 00 00
R11=0x000002e6827676f0 is pointing into metadata
R12=0x0 is NULL
R13=0x000002e68276b884 is pointing into metadata
R14=0x000000eb464fbad0 is pointing into the stack for thread: 0x000002e6fe204d60
R15=0x000002e6fe204d60 is a thread


Registers:
RAX=0x00000008002dafc8, RBX=0x000000000000000b, RCX=0x000002e6fe205108, RDX=0x00000001c4b45a40
RSP=0x000000eb464fba78, RBP=0x000000eb464fbac0, RSI=0x000000eb464fbf70, RDI=0x000002e6fe204d60
R8 =0x0000000000000006, R9 =0x0000000000000006, R10=0x000002e687a2b9f0, R11=0x000002e6827676f0
R12=0x0000000000000000, R13=0x000002e68276b884, R14=0x000000eb464fbad0, R15=0x000002e6fe204d60
RIP=0x000002e6e8adced8, EFLAGS=0x0000000000010246

Top of Stack: (sp=0x000000eb464fba78)
0x000000eb464fba78:   000000eb464fba78 000002e68276b884
0x000000eb464fba88:   000000eb464fbad0 000002e68276d720
0x000000eb464fba98:   0000000000000000 0000000713fad340
0x000000eb464fbaa8:   000002e68276b8a0 0000000000000000
0x000000eb464fbab8:   000000eb464fbad0 000000eb464fbb20
0x000000eb464fbac8:   000002e6e8ac9657 00007ffe3ebbb3c7
0x000000eb464fbad8:   000000eb464fbad8 000002e68276bb31
0x000000eb464fbae8:   000000eb464fbb38 000002e68276d720
0x000000eb464fbaf8:   0000000000000000 0000000713fad340
0x000000eb464fbb08:   000002e68276bb60 000000eb464fbad0
0x000000eb464fbb18:   000000eb464fbb30 000000eb464fbd10
0x000000eb464fbb28:   000002e6e8ac1010 0000000713efbea0
0x000000eb464fbb38:   00007ffe3ebbb3c7 000002e6db5c0000
0x000000eb464fbb48:   0000000000000000 000000000000002b
0x000000eb464fbb58:   00007ffe00000000 0000000000000000
0x000000eb464fbb68:   0000000000000000 0000000200000000 

Instructions: (pc=0x000002e6e8adced8)
0x000002e6e8adcdd8:   00 00 00 00 00 00 00 00 58 48 85 c0 0f 84 fc 01
0x000002e6e8adcde8:   00 00 48 8b 4d e8 48 8b 49 08 48 8b 49 08 48 8b
0x000002e6e8adcdf8:   51 08 41 0f b7 5d 01 0f cb c1 eb 10 80 7c 1a 04
0x000002e6e8adce08:   07 0f 84 b8 00 00 00 50 e8 05 00 00 00 e9 98 00
0x000002e6e8adce18:   00 00 48 8d 44 24 08 4c 89 6d c0 49 8b cf c5 f8
0x000002e6e8adce28:   77 49 89 af 98 02 00 00 49 89 87 88 02 00 00 48
0x000002e6e8adce38:   83 ec 20 f7 c4 0f 00 00 00 0f 84 1a 00 00 00 48
0x000002e6e8adce48:   83 ec 08 49 ba e0 3d e9 99 fd 7f 00 00 41 ff d2
0x000002e6e8adce58:   48 83 c4 08 e9 0d 00 00 00 49 ba e0 3d e9 99 fd
0x000002e6e8adce68:   7f 00 00 41 ff d2 48 83 c4 20 49 c7 87 88 02 00
0x000002e6e8adce78:   00 00 00 00 00 49 c7 87 98 02 00 00 00 00 00 00
0x000002e6e8adce88:   49 c7 87 90 02 00 00 00 00 00 00 c5 f8 77 49 81
0x000002e6e8adce98:   7f 08 00 00 00 00 0f 84 05 00 00 00 e9 57 40 fe
0x000002e6e8adcea8:   ff 4c 8b 6d c0 4c 8b 75 c8 c3 49 8b 87 e8 02 00
0x000002e6e8adceb8:   00 49 c7 87 e8 02 00 00 00 00 00 00 5a eb 11 48
0x000002e6e8adcec8:   8b d0 66 8b 5c d9 48 48 8b 49 28 48 8b 44 d9 08
0x000002e6e8adced8:   8b 5a 08 49 ba 00 00 00 00 08 00 00 00 49 03 da
0x000002e6e8adcee8:   48 8b 4d d8 48 85 c9 0f 84 8a 00 00 00 48 8b 79
0x000002e6e8adcef8:   18 48 3b fb 0f 85 0f 00 00 00 48 83 41 20 01 48
0x000002e6e8adcf08:   83 59 20 00 e9 66 00 00 00 48 85 ff 0f 84 37 00
0x000002e6e8adcf18:   00 00 48 8b 79 28 48 3b fb 0f 85 0f 00 00 00 48
0x000002e6e8adcf28:   83 41 30 01 48 83 59 30 00 e9 41 00 00 00 48 85
0x000002e6e8adcf38:   ff 0f 85 38 00 00 00 48 89 59 28 bf 01 00 00 00
0x000002e6e8adcf48:   48 89 79 30 e9 26 00 00 00 48 3b 59 28 0f 85 0f
0x000002e6e8adcf58:   00 00 00 48 83 41 30 01 48 83 59 30 00 e9 0d 00
0x000002e6e8adcf68:   00 00 48 89 59 18 bf 01 00 00 00 48 89 79 20 48
0x000002e6e8adcf78:   83 c1 38 48 89 4d d8 48 3b d8 0f 84 56 00 00 00
0x000002e6e8adcf88:   8b 48 14 48 3b 04 0b 0f 84 49 00 00 00 83 f9 20
0x000002e6e8adcf98:   0f 85 1d 00 00 00 57 48 8b 7b 28 8b 0f 48 83 c7
0x000002e6e8adcfa8:   08 48 85 c0 f2 48 af 5f 75 09 48 89 43 20 e9 23
0x000002e6e8adcfb8:   00 00 00 48 8b 4d d8 48 85 c9 0f 84 10 00 00 00
0x000002e6e8adcfc8:   48 83 41 d0 ff 0f 88 05 00 00 00 48 83 41 d0 01 


Stack slot to memory mapping:
stack at sp + 0 slots: 0x000000eb464fba78 is pointing into the stack for thread: 0x000002e6fe204d60
stack at sp + 1 slots: 0x000002e68276b884 is pointing into metadata
stack at sp + 2 slots: 0x000000eb464fbad0 is pointing into the stack for thread: 0x000002e6fe204d60
stack at sp + 3 slots: 0x000002e68276d720 is pointing into metadata
stack at sp + 4 slots: 0x0 is NULL
stack at sp + 5 slots: 0x0000000713fad340 is an oop: java.lang.Class 
{0x0000000713fad340} - klass: 'java/lang/Class'
 - ---- fields (total size 14 words):
 - private volatile transient 'classRedefinedCount' 'I' @12  0
 - private volatile transient 'cachedConstructor' 'Ljava/lang/reflect/Constructor;' @40  NULL (0)
 - private transient 'name' 'Ljava/lang/String;' @44  "jakarta.servlet.http.HttpServletRequestWrapper"{0x0000000713faf8a8} (e27f5f15)
 - private transient 'module' 'Ljava/lang/Module;' @48  a 'java/lang/Module'{0x0000000712d0da88} (e25a1b51)
 - private final 'classLoader' 'Ljava/lang/ClassLoader;' @52  a 'jdk/internal/loader/ClassLoaders$AppClassLoader'{0x0000000712cd9a00} (e259b340)
 - private transient 'classData' 'Ljava/lang/Object;' @56  NULL (0)
 - private transient 'packageName' 'Ljava/lang/String;' @60  "jakarta.servlet.http"{0x00000007132a0220} (e2654044)
 - private final 'componentType' 'Ljava/lang/Class;' @64  NULL (0)
 - private volatile transient 'reflectionData' 'Ljava/lang/ref/SoftReference;' @68  NULL (0)
 - private volatile transient 'genericInfo' 'Lsun/reflect/generics/repository/ClassRepository;' @72  NULL (0)
 - private volatile transient 'enumConstants' '[Ljava/lang/Object;' @76  NULL (0)
 - private volatile transient 'enumConstantDirectory' 'Ljava/util/Map;' @80  NULL (0)
 - private volatile transient 'annotationData' 'Ljava/lang/Class$AnnotationData;' @84  NULL (0)
 - private volatile transient 'annotationType' 'Lsun/reflect/annotation/AnnotationType;' @88  NULL (0)
 - transient 'classValueMap' 'Ljava/lang/ClassValue$ClassValueMap;' @92  NULL (0)
 - signature: Ljakarta/servlet/http/HttpServletRequestWrapper;
 - fake entry for mirror: 'jakarta/servlet/http/HttpServletRequestWrapper'
 - fake entry for array: NULL
 - fake entry for oop_size: 14
 - fake entry for static_oop_field_count: 0
stack at sp + 6 slots: {method} {0x000002e68276b8a8} '_getHttpServletRequest' '()Ljakarta/servlet/http/HttpServletRequest;' in 'jakarta/servlet/http/HttpServletRequestWrapper'
stack at sp + 7 slots: 0x0 is NULL

checkcast  192 checkcast  [0x000002e6e8adcde0, 0x000002e6e8add020]  576 bytes
[MachCode]
  0x000002e6e8adcde0: 5848 85c0 | 0f84 fc01 | 0000 488b | 4de8 488b | 4908 488b | 4908 488b | 5108 410f | b75d 010f 
  0x000002e6e8adce00: cbc1 eb10 | 807c 1a04 | 070f 84b8 | 0000 0050 | e805 0000 | 00e9 9800 | 0000 488d | 4424 084c 
  0x000002e6e8adce20: 896d c049 | 8bcf c5f8 | 7749 89af | 9802 0000 | 4989 8788 | 0200 0048 | 83ec 20f7 | c40f 0000 
  0x000002e6e8adce40: 000f 841a | 0000 0048 | 83ec 0849 | bae0 3de9 | 99fd 7f00 | 0041 ffd2 | 4883 c408 | e90d 0000 
  0x000002e6e8adce60: 0049 bae0 | 3de9 99fd | 7f00 0041 | ffd2 4883 | c420 49c7 | 8788 0200 | 0000 0000 | 0049 c787 
  0x000002e6e8adce80: 9802 0000 | 0000 0000 | 49c7 8790 | 0200 0000 | 0000 00c5 | f877 4981 | 7f08 0000 | 0000 0f84 
  0x000002e6e8adcea0: 0500 0000 | e957 40fe | ff4c 8b6d | c04c 8b75 | c8c3 498b | 87e8 0200 | 0049 c787 | e802 0000 
  0x000002e6e8adcec0: 0000 0000 | 5aeb 1148 | 8bd0 668b | 5cd9 4848 | 8b49 2848 | 8b44 d908 | 8b5a 0849 | ba00 0000 
  0x000002e6e8adcee0: 0008 0000 | 0049 03da | 488b 4dd8 | 4885 c90f | 848a 0000 | 0048 8b79 | 1848 3bfb | 0f85 0f00 
  0x000002e6e8adcf00: 0000 4883 | 4120 0148 | 8359 2000 | e966 0000 | 0048 85ff | 0f84 3700 | 0000 488b | 7928 483b 
  0x000002e6e8adcf20: fb0f 850f | 0000 0048 | 8341 3001 | 4883 5930 | 00e9 4100 | 0000 4885 | ff0f 8538 | 0000 0048 
  0x000002e6e8adcf40: 8959 28bf | 0100 0000 | 4889 7930 | e926 0000 | 0048 3b59 | 280f 850f | 0000 0048 | 8341 3001 
  0x000002e6e8adcf60: 4883 5930 | 00e9 0d00 | 0000 4889 | 5918 bf01 | 0000 0048 | 8979 2048 | 83c1 3848 | 894d d848 
  0x000002e6e8adcf80: 3bd8 0f84 | 5600 0000 | 8b48 1448 | 3b04 0b0f | 8449 0000 | 0083 f920 | 0f85 1d00 | 0000 5748 
  0x000002e6e8adcfa0: 8b7b 288b | 0f48 83c7 | 0848 85c0 | f248 af5f | 7509 4889 | 4320 e923 | 0000 0048 | 8b4d d848 
  0x000002e6e8adcfc0: 85c9 0f84 | 1000 0000 | 4883 41d0 | ff0f 8805 | 0000 0048 | 8341 d001 | 52e9 fdf2 | feff 488b 
  0x000002e6e8adcfe0: c2e9 1900 | 0000 488b | 4dd8 4885 | c90f 840c | 0000 0080 | 4901 0148 | 83c1 3848 | 894d d841 
  0x000002e6e8add000: 0fb6 5d03 | 4983 c503 | 49ba b01c | 6a9a fd7f | 0000 41ff | 24da 6690 | 0000 0000 | 0000 0000 
[/MachCode]

---------------  P R O C E S S  ---------------

Threads class SMR info:
_java_thread_list=0x000002e6ffc23d00, length=29, elements={
0x000002e6fb8b99b0, 0x000002e6fc1091f0, 0x000002e6fc1271a0, 0x000002e6fc129a70,
0x000002e6fc12b880, 0x000002e6fc12f640, 0x000002e6fc1319e0, 0x000002e6fc1402c0,
0x000002e6fc152340, 0x000002e6fc2cc470, 0x000002e6fc2db320, 0x000002e6fed70b70,
0x000002e6ffb64b10, 0x000002e6ffe5ae90, 0x000002e6fe204d60, 0x000002e6872b05f0,
0x000002e6872b1930, 0x000002e6872b1460, 0x000002e6872af2b0, 0x000002e6872afc50,
0x000002e6872af780, 0x000002e6872b1e00, 0x000002e6872ae440, 0x000002e6872b0120,
0x000002e6872b0ac0, 0x000002e6872b0f90, 0x000002e6872ae910, 0x000002e6fc6c38e0,
0x000002e6fce5a050
}

Java Threads: ( => current thread )
  0x000002e6fb8b99b0 JavaThread "Reference Handler" daemon [_thread_blocked, id=50652, stack(0x000000eb44b00000,0x000000eb44c00000)]
  0x000002e6fc1091f0 JavaThread "Finalizer" daemon [_thread_blocked, id=40692, stack(0x000000eb44c00000,0x000000eb44d00000)]
  0x000002e6fc1271a0 JavaThread "Signal Dispatcher" daemon [_thread_blocked, id=57900, stack(0x000000eb44d00000,0x000000eb44e00000)]
  0x000002e6fc129a70 JavaThread "Attach Listener" daemon [_thread_blocked, id=20392, stack(0x000000eb44e00000,0x000000eb44f00000)]
  0x000002e6fc12b880 JavaThread "Service Thread" daemon [_thread_blocked, id=54016, stack(0x000000eb44f00000,0x000000eb45000000)]
  0x000002e6fc12f640 JavaThread "Monitor Deflation Thread" daemon [_thread_blocked, id=57720, stack(0x000000eb45000000,0x000000eb45100000)]
  0x000002e6fc1319e0 JavaThread "C2 CompilerThread0" daemon [_thread_blocked, id=53508, stack(0x000000eb45100000,0x000000eb45200000)]
  0x000002e6fc1402c0 JavaThread "C1 CompilerThread0" daemon [_thread_blocked, id=21992, stack(0x000000eb45200000,0x000000eb45300000)]
  0x000002e6fc152340 JavaThread "Sweeper thread" daemon [_thread_blocked, id=57008, stack(0x000000eb45300000,0x000000eb45400000)]
  0x000002e6fc2cc470 JavaThread "Notification Thread" daemon [_thread_blocked, id=57496, stack(0x000000eb45400000,0x000000eb45500000)]
  0x000002e6fc2db320 JavaThread "Common-Cleaner" daemon [_thread_blocked, id=35804, stack(0x000000eb45600000,0x000000eb45700000)]
  0x000002e6fed70b70 JavaThread "Catalina-utility-1" [_thread_blocked, id=57348, stack(0x000000eb45d00000,0x000000eb45e00000)]
  0x000002e6ffb64b10 JavaThread "Catalina-utility-2" [_thread_blocked, id=55904, stack(0x000000eb46200000,0x000000eb46300000)]
  0x000002e6ffe5ae90 JavaThread "container-0" [_thread_blocked, id=20964, stack(0x000000eb46300000,0x000000eb46400000)]
=>0x000002e6fe204d60 JavaThread "http-nio-8080-exec-1" daemon [_thread_in_Java, id=55504, stack(0x000000eb46400000,0x000000eb46500000)]
  0x000002e6872b05f0 JavaThread "http-nio-8080-exec-2" daemon [_thread_blocked, id=56392, stack(0x000000eb46500000,0x000000eb46600000)]
  0x000002e6872b1930 JavaThread "http-nio-8080-exec-3" daemon [_thread_blocked, id=55084, stack(0x000000eb46600000,0x000000eb46700000)]
  0x000002e6872b1460 JavaThread "http-nio-8080-exec-4" daemon [_thread_blocked, id=54188, stack(0x000000eb46700000,0x000000eb46800000)]
  0x000002e6872af2b0 JavaThread "http-nio-8080-exec-5" daemon [_thread_blocked, id=57776, stack(0x000000eb46800000,0x000000eb46900000)]
  0x000002e6872afc50 JavaThread "http-nio-8080-exec-6" daemon [_thread_blocked, id=57128, stack(0x000000eb46900000,0x000000eb46a00000)]
  0x000002e6872af780 JavaThread "http-nio-8080-exec-7" daemon [_thread_blocked, id=58172, stack(0x000000eb46a00000,0x000000eb46b00000)]
  0x000002e6872b1e00 JavaThread "http-nio-8080-exec-8" daemon [_thread_blocked, id=34844, stack(0x000000eb46b00000,0x000000eb46c00000)]
  0x000002e6872ae440 JavaThread "http-nio-8080-exec-9" daemon [_thread_blocked, id=56544, stack(0x000000eb46c00000,0x000000eb46d00000)]
  0x000002e6872b0120 JavaThread "http-nio-8080-exec-10" daemon [_thread_blocked, id=39336, stack(0x000000eb46d00000,0x000000eb46e00000)]
  0x000002e6872b0ac0 JavaThread "http-nio-8080-Poller" daemon [_thread_in_native, id=34740, stack(0x000000eb46e00000,0x000000eb46f00000)]
  0x000002e6872b0f90 JavaThread "http-nio-8080-Acceptor" daemon [_thread_in_native, id=52992, stack(0x000000eb46f00000,0x000000eb47000000)]
  0x000002e6872ae910 JavaThread "DestroyJavaVM" [_thread_blocked, id=58336, stack(0x000000eb44400000,0x000000eb44500000)]
  0x000002e6fc6c38e0 JavaThread "C2 CompilerThread1" daemon [_thread_in_native, id=58352, stack(0x000000eb45700000,0x000000eb45800000)]
  0x000002e6fce5a050 JavaThread "C2 CompilerThread2" daemon [_thread_blocked, id=11908, stack(0x000000eb45800000,0x000000eb45900000)]

Other Threads:
  0x000002e6fb8b6ce0 VMThread "VM Thread" [stack: 0x000000eb44a00000,0x000000eb44b00000] [id=58000]
  0x000002e6ddf9cff0 WatcherThread [stack: 0x000000eb45500000,0x000000eb45600000] [id=6380]
  0x000002e6ddf86710 GCTaskThread "GC Thread#0" [stack: 0x000000eb44500000,0x000000eb44600000] [id=8152]
  0x000002e6fd6f9d10 GCTaskThread "GC Thread#1" [stack: 0x000000eb45900000,0x000000eb45a00000] [id=56328]
  0x000002e6fd083c50 GCTaskThread "GC Thread#2" [stack: 0x000000eb45a00000,0x000000eb45b00000] [id=36708]
  0x000002e6fd013b90 GCTaskThread "GC Thread#3" [stack: 0x000000eb45b00000,0x000000eb45c00000] [id=52268]
  0x000002e6fcf3a400 GCTaskThread "GC Thread#4" [stack: 0x000000eb45c00000,0x000000eb45d00000] [id=56144]
  0x000002e6fdb90170 GCTaskThread "GC Thread#5" [stack: 0x000000eb45e00000,0x000000eb45f00000] [id=55492]
  0x000002e6fe0b27f0 GCTaskThread "GC Thread#6" [stack: 0x000000eb45f00000,0x000000eb46000000] [id=58320]
  0x000002e6fe97cbf0 GCTaskThread "GC Thread#7" [stack: 0x000000eb46000000,0x000000eb46100000] [id=57528]
  0x000002e6ddf96040 ConcurrentGCThread "G1 Main Marker" [stack: 0x000000eb44600000,0x000000eb44700000] [id=56840]
  0x000002e6ddf97810 ConcurrentGCThread "G1 Conc#0" [stack: 0x000000eb44700000,0x000000eb44800000] [id=38128]
  0x000002e6feb0f660 ConcurrentGCThread "G1 Conc#1" [stack: 0x000000eb46100000,0x000000eb46200000] [id=28544]
  0x000002e6fb7a6200 ConcurrentGCThread "G1 Refine#0" [stack: 0x000000eb44800000,0x000000eb44900000] [id=57792]
  0x000002e6fb7a68d0 ConcurrentGCThread "G1 Service" [stack: 0x000000eb44900000,0x000000eb44a00000] [id=30280]

Threads with active compile tasks:
C2 CompilerThread1    11222 5228       4       org.eclipse.jdt.internal.compiler.lookup.BinaryTypeBinding::createMethod (1719 bytes)

VM state: not at safepoint (normal execution)

VM Mutex/Monitor currently owned by a thread: None

Heap address: 0x0000000712c00000, size: 3796 MB, Compressed Oops mode: Zero based, Oop shift amount: 3

CDS archive(s) not mapped
Compressed class space mapped at: 0x0000000800000000-0x0000000840000000, reserved size: 1073741824
Narrow klass base: 0x0000000800000000, Narrow klass shift: 0, Narrow klass range: 0x40000000

GC Precious Log:
 CPUs: 8 total, 8 available
 Memory: 15178M
 Large Page Support: Disabled
 NUMA Support: Disabled
 Compressed Oops: Enabled (Zero based)
 Heap Region Size: 2M
 Heap Min Capacity: 8M
 Heap Initial Capacity: 238M
 Heap Max Capacity: 3796M
 Pre-touch: Disabled
 Parallel Workers: 8
 Concurrent Workers: 2
 Concurrent Refinement Workers: 8
 Periodic GC: Disabled

Heap:
 garbage-first heap   total 61440K, used 37785K [0x0000000712c00000, 0x0000000800000000)
  region size 2048K, 10 young (20480K), 1 survivors (2048K)
 Metaspace       used 54703K, committed 55168K, reserved 1114112K
  class space    used 6101K, committed 6336K, reserved 1048576K

Heap Regions: E=young(eden), S=young(survivor), O=old, HS=humongous(starts), HC=humongous(continues), CS=collection set, F=free, OA=open archive, CA=closed archive, TAMS=top-at-mark-start (previous, next)
|   0|0x0000000712c00000, 0x0000000712e00000, 0x0000000712e00000|100%| O|  |TAMS 0x0000000712e00000, 0x0000000712c00000| Untracked 
|   1|0x0000000712e00000, 0x0000000713000000, 0x0000000713000000|100%| O|  |TAMS 0x0000000713000000, 0x0000000712e00000| Untracked 
|   2|0x0000000713000000, 0x0000000713200000, 0x0000000713200000|100%| O|  |TAMS 0x0000000713000000, 0x0000000713000000| Untracked 
|   3|0x0000000713200000, 0x0000000713400000, 0x0000000713400000|100%| O|  |TAMS 0x0000000713400000, 0x0000000713200000| Untracked 
|   4|0x0000000713400000, 0x0000000713600000, 0x0000000713600000|100%| O|  |TAMS 0x0000000713600000, 0x0000000713400000| Untracked 
|   5|0x0000000713600000, 0x0000000713800000, 0x0000000713800000|100%| O|  |TAMS 0x0000000713600000, 0x0000000713600000| Untracked 
|   6|0x0000000713800000, 0x0000000713a00000, 0x0000000713a00000|100%| O|  |TAMS 0x0000000713800000, 0x0000000713800000| Untracked 
|   7|0x0000000713a00000, 0x0000000713c00000, 0x0000000713c00000|100%| O|  |TAMS 0x0000000713a00000, 0x0000000713a00000| Untracked 
|   8|0x0000000713c00000, 0x0000000713d43000, 0x0000000713e00000| 63%| O|  |TAMS 0x0000000713c00000, 0x0000000713c00000| Untracked 
|   9|0x0000000713e00000, 0x0000000714000000, 0x0000000714000000|100%| O|  |TAMS 0x0000000713e00000, 0x0000000713e00000| Untracked 
|  10|0x0000000714000000, 0x0000000714000000, 0x0000000714200000|  0%| F|  |TAMS 0x0000000714000000, 0x0000000714000000| Untracked 
|  11|0x0000000714200000, 0x0000000714200000, 0x0000000714400000|  0%| F|  |TAMS 0x0000000714200000, 0x0000000714200000| Untracked 
|  12|0x0000000714400000, 0x0000000714400000, 0x0000000714600000|  0%| F|  |TAMS 0x0000000714400000, 0x0000000714400000| Untracked 
|  13|0x0000000714600000, 0x0000000714600000, 0x0000000714800000|  0%| F|  |TAMS 0x0000000714600000, 0x0000000714600000| Untracked 
|  14|0x0000000714800000, 0x0000000714800000, 0x0000000714a00000|  0%| F|  |TAMS 0x0000000714800000, 0x0000000714800000| Untracked 
|  15|0x0000000714a00000, 0x0000000714a00000, 0x0000000714c00000|  0%| F|  |TAMS 0x0000000714a00000, 0x0000000714a00000| Untracked 
|  16|0x0000000714c00000, 0x0000000714c00000, 0x0000000714e00000|  0%| F|  |TAMS 0x0000000714c00000, 0x0000000714c00000| Untracked 
|  17|0x0000000714e00000, 0x0000000714fa3400, 0x0000000715000000| 81%| S|CS|TAMS 0x0000000714e00000, 0x0000000714e00000| Complete 
|  18|0x0000000715000000, 0x0000000715000000, 0x0000000715200000|  0%| F|  |TAMS 0x0000000715000000, 0x0000000715000000| Untracked 
|  19|0x0000000715200000, 0x0000000715200000, 0x0000000715400000|  0%| F|  |TAMS 0x0000000715200000, 0x0000000715200000| Untracked 
|  20|0x0000000715400000, 0x0000000715400000, 0x0000000715600000|  0%| F|  |TAMS 0x0000000715400000, 0x0000000715400000| Untracked 
|  21|0x0000000715600000, 0x0000000715800000, 0x0000000715800000|100%| E|  |TAMS 0x0000000715600000, 0x0000000715600000| Complete 
|  22|0x0000000715800000, 0x0000000715a00000, 0x0000000715a00000|100%| E|CS|TAMS 0x0000000715800000, 0x0000000715800000| Complete 
|  23|0x0000000715a00000, 0x0000000715c00000, 0x0000000715c00000|100%| E|CS|TAMS 0x0000000715a00000, 0x0000000715a00000| Complete 
|  24|0x0000000715c00000, 0x0000000715e00000, 0x0000000715e00000|100%| E|CS|TAMS 0x0000000715c00000, 0x0000000715c00000| Complete 
|  25|0x0000000715e00000, 0x0000000716000000, 0x0000000716000000|100%| E|CS|TAMS 0x0000000715e00000, 0x0000000715e00000| Complete 
|  43|0x0000000718200000, 0x0000000718400000, 0x0000000718400000|100%| E|CS|TAMS 0x0000000718200000, 0x0000000718200000| Complete 
|  44|0x0000000718400000, 0x0000000718600000, 0x0000000718600000|100%| E|CS|TAMS 0x0000000718400000, 0x0000000718400000| Complete 
|  45|0x0000000718600000, 0x0000000718800000, 0x0000000718800000|100%| E|CS|TAMS 0x0000000718600000, 0x0000000718600000| Complete 
| 118|0x0000000721800000, 0x0000000721a00000, 0x0000000721a00000|100%| E|CS|TAMS 0x0000000721800000, 0x0000000721800000| Complete 

Card table byte_map: [0x000002e6f1030000,0x000002e6f17a0000] _byte_map_base: 0x000002e6ed79a000

Marking Bits (Prev, Next): (CMBitMap*) 0x000002e6ddf869d0, (CMBitMap*) 0x000002e6ddf86a10
 Prev Bits: [0x000002e6f1f10000, 0x000002e6f5a60000)
 Next Bits: [0x000002e6f5a60000, 0x000002e6f95b0000)

Polling page: 0x000002e6db770000

Metaspace:

Usage:
  Non-class:     47.46 MB used.
      Class:      5.96 MB used.
       Both:     53.42 MB used.

Virtual space:
  Non-class space:       64.00 MB reserved,      47.69 MB ( 75%) committed,  1 nodes.
      Class space:        1.00 GB reserved,       6.19 MB ( <1%) committed,  1 nodes.
             Both:        1.06 GB reserved,      53.88 MB (  5%) committed. 

Chunk freelists:
   Non-Class:  15.76 MB
       Class:  9.84 MB
        Both:  25.60 MB

MaxMetaspaceSize: unlimited
CompressedClassSpaceSize: 1.00 GB
Initial GC threshold: 21.00 MB
Current GC threshold: 59.00 MB
CDS: off
MetaspaceReclaimPolicy: balanced
 - commit_granule_bytes: 65536.
 - commit_granule_words: 8192.
 - virtual_space_node_default_size: 8388608.
 - enlarge_chunks_in_place: 1.
 - new_chunks_are_fully_committed: 0.
 - uncommit_free_chunks: 1.
 - use_allocation_guard: 0.
 - handle_deallocations: 1.


Internal statistics:

num_allocs_failed_limit: 8.
num_arena_births: 710.
num_arena_deaths: 0.
num_vsnodes_births: 2.
num_vsnodes_deaths: 0.
num_space_committed: 862.
num_space_uncommitted: 0.
num_chunks_returned_to_freelist: 8.
num_chunks_taken_from_freelist: 2311.
num_chunk_merges: 8.
num_chunk_splits: 1595.
num_chunks_enlarged: 1169.
num_inconsistent_stats: 0.

CodeHeap 'non-profiled nmethods': size=120000Kb used=3067Kb max_used=3077Kb free=116932Kb
 bounds [0x000002e6e9060000, 0x000002e6e9370000, 0x000002e6f0590000]
CodeHeap 'profiled nmethods': size=120000Kb used=10439Kb max_used=10439Kb free=109560Kb
 bounds [0x000002e6e1590000, 0x000002e6e1fd0000, 0x000002e6e8ac0000]
CodeHeap 'non-nmethods': size=5760Kb used=1291Kb max_used=1330Kb free=4468Kb
 bounds [0x000002e6e8ac0000, 0x000002e6e8d30000, 0x000002e6e9060000]
 total_blobs=5235 nmethods=4626 adapters=521
 compilation: enabled
              stopped_count=0, restarted_count=0
 full_count=0

Compilation events (20 events):
Event: 11.140 Thread 0x000002e6fc1402c0 nmethod 5340 0x000002e6e1fc0890 code [0x000002e6e1fc0a40, 0x000002e6e1fc0cf8]
Event: 11.140 Thread 0x000002e6fc1402c0 5339       3       org.apache.jasper.compiler.SmapUtil$SDEInstaller::writeU1 (19 bytes)
Event: 11.140 Thread 0x000002e6fc1402c0 nmethod 5339 0x000002e6e1fc0e10 code [0x000002e6e1fc0fa0, 0x000002e6e1fc10f8]
Event: 11.140 Thread 0x000002e6fc1402c0 5342       3       java.lang.String::<init> (10 bytes)
Event: 11.140 Thread 0x000002e6fc1319e0 5343       4       org.apache.jasper.compiler.SmapUtil$SDEInstaller::readU1 (21 bytes)
Event: 11.140 Thread 0x000002e6fce5a050 5347       4       org.apache.jasper.compiler.SmapUtil$SDEInstaller::writeU1 (19 bytes)
Event: 11.140 Thread 0x000002e6fc1402c0 nmethod 5342 0x000002e6e1fc1210 code [0x000002e6e1fc13c0, 0x000002e6e1fc1528]
Event: 11.140 Thread 0x000002e6fc1402c0 5344       3       org.apache.jasper.compiler.SmapUtil$SDEInstaller::copy (46 bytes)
Event: 11.140 Thread 0x000002e6fc1402c0 nmethod 5344 0x000002e6e1fc1610 code [0x000002e6e1fc17c0, 0x000002e6e1fc19f8]
Event: 11.140 Thread 0x000002e6fc1402c0 5345       3       org.apache.jasper.compiler.SmapUtil$SDEInstaller::writeU2 (18 bytes)
Event: 11.140 Thread 0x000002e6fc1402c0 nmethod 5345 0x000002e6e1fc1b90 code [0x000002e6e1fc1d40, 0x000002e6e1fc1ef8]
Event: 11.140 Thread 0x000002e6fc1402c0 5346       3       org.apache.jasper.compiler.SmapUtil$SDEInstaller::readU2 (15 bytes)
Event: 11.141 Thread 0x000002e6fc1402c0 nmethod 5346 0x000002e6e1fc2010 code [0x000002e6e1fc21c0, 0x000002e6e1fc2378]
Event: 11.141 Thread 0x000002e6fc1319e0 nmethod 5343 0x000002e6e92dd010 code [0x000002e6e92dd180, 0x000002e6e92dd258]
Event: 11.141 Thread 0x000002e6fce5a050 nmethod 5347 0x000002e6e92dcd10 code [0x000002e6e92dce80, 0x000002e6e92dcf58]
Event: 11.152 Thread 0x000002e6fc1402c0 5348       3       java.lang.ClassLoader::getParent (32 bytes)
Event: 11.152 Thread 0x000002e6fc1402c0 nmethod 5348 0x000002e6e1fc2490 code [0x000002e6e1fc26c0, 0x000002e6e1fc3098]
Event: 11.153 Thread 0x000002e6fc1319e0 5349       4       java.lang.reflect.AccessibleObject::isAnnotationPresent (6 bytes)
Event: 11.153 Thread 0x000002e6fc1402c0 5350       3       org.apache.catalina.core.DefaultInstanceManager::findLifecycleCallback (112 bytes)
Event: 11.154 Thread 0x000002e6fc1402c0 nmethod 5350 0x000002e6e1fc3390 code [0x000002e6e1fc36c0, 0x000002e6e1fc4b58]

GC Heap History (20 events):
Event: 1.259 GC heap before
{Heap before GC invocations=1 (full 0):
 garbage-first heap   total 243712K, used 29542K [0x0000000712c00000, 0x0000000800000000)
  region size 2048K, 15 young (30720K), 2 survivors (4096K)
 Metaspace       used 20288K, committed 20544K, reserved 1114112K
  class space    used 2179K, committed 2304K, reserved 1048576K
}
Event: 1.264 GC heap after
{Heap after GC invocations=2 (full 0):
 garbage-first heap   total 243712K, used 7554K [0x0000000712c00000, 0x0000000800000000)
  region size 2048K, 2 young (4096K), 2 survivors (4096K)
 Metaspace       used 20288K, committed 20544K, reserved 1114112K
  class space    used 2179K, committed 2304K, reserved 1048576K
}
Event: 1.330 GC heap before
{Heap before GC invocations=2 (full 0):
 garbage-first heap   total 243712K, used 11650K [0x0000000712c00000, 0x0000000800000000)
  region size 2048K, 5 young (10240K), 2 survivors (4096K)
 Metaspace       used 21277K, committed 21504K, reserved 1114112K
  class space    used 2310K, committed 2432K, reserved 1048576K
}
Event: 1.332 GC heap after
{Heap after GC invocations=3 (full 0):
 garbage-first heap   total 243712K, used 7798K [0x0000000712c00000, 0x0000000800000000)
  region size 2048K, 2 young (4096K), 2 survivors (4096K)
 Metaspace       used 21277K, committed 21504K, reserved 1114112K
  class space    used 2310K, committed 2432K, reserved 1048576K
}
Event: 1.590 GC heap before
{Heap before GC invocations=4 (full 0):
 garbage-first heap   total 40960K, used 26230K [0x0000000712c00000, 0x0000000800000000)
  region size 2048K, 12 young (24576K), 2 survivors (4096K)
 Metaspace       used 25113K, committed 25344K, reserved 1114112K
  class space    used 2850K, committed 2944K, reserved 1048576K
}
Event: 1.594 GC heap after
{Heap after GC invocations=5 (full 0):
 garbage-first heap   total 40960K, used 9521K [0x0000000712c00000, 0x0000000800000000)
  region size 2048K, 3 young (6144K), 3 survivors (6144K)
 Metaspace       used 25113K, committed 25344K, reserved 1114112K
  class space    used 2850K, committed 2944K, reserved 1048576K
}
Event: 1.616 GC heap before
{Heap before GC invocations=5 (full 0):
 garbage-first heap   total 40960K, used 9521K [0x0000000712c00000, 0x0000000800000000)
  region size 2048K, 4 young (8192K), 3 survivors (6144K)
 Metaspace       used 25379K, committed 25664K, reserved 1114112K
  class space    used 2881K, committed 3008K, reserved 1048576K
}
Event: 1.620 GC heap after
{Heap after GC invocations=6 (full 0):
 garbage-first heap   total 40960K, used 10046K [0x0000000712c00000, 0x0000000800000000)
  region size 2048K, 1 young (2048K), 1 survivors (2048K)
 Metaspace       used 25379K, committed 25664K, reserved 1114112K
  class space    used 2881K, committed 3008K, reserved 1048576K
}
Event: 2.013 GC heap before
{Heap before GC invocations=6 (full 0):
 garbage-first heap   total 40960K, used 26430K [0x0000000712c00000, 0x0000000800000000)
  region size 2048K, 9 young (18432K), 1 survivors (2048K)
 Metaspace       used 27302K, committed 27584K, reserved 1114112K
  class space    used 3091K, committed 3200K, reserved 1048576K
}
Event: 2.017 GC heap after
{Heap after GC invocations=7 (full 0):
 garbage-first heap   total 143360K, used 11006K [0x0000000712c00000, 0x0000000800000000)
  region size 2048K, 1 young (2048K), 1 survivors (2048K)
 Metaspace       used 27302K, committed 27584K, reserved 1114112K
  class space    used 3091K, committed 3200K, reserved 1048576K
}
Event: 3.240 GC heap before
{Heap before GC invocations=7 (full 0):
 garbage-first heap   total 143360K, used 58110K [0x0000000712c00000, 0x0000000800000000)
  region size 2048K, 25 young (51200K), 1 survivors (2048K)
 Metaspace       used 35824K, committed 36160K, reserved 1114112K
  class space    used 4120K, committed 4288K, reserved 1048576K
}
Event: 3.246 GC heap after
{Heap after GC invocations=8 (full 0):
 garbage-first heap   total 143360K, used 14938K [0x0000000712c00000, 0x0000000800000000)
  region size 2048K, 3 young (6144K), 3 survivors (6144K)
 Metaspace       used 35824K, committed 36160K, reserved 1114112K
  class space    used 4120K, committed 4288K, reserved 1048576K
}
Event: 4.088 GC heap before
{Heap before GC invocations=9 (full 0):
 garbage-first heap   total 61440K, used 45658K [0x0000000712c00000, 0x0000000800000000)
  region size 2048K, 18 young (36864K), 3 survivors (6144K)
 Metaspace       used 41206K, committed 41664K, reserved 1114112K
  class space    used 4780K, committed 4992K, reserved 1048576K
}
Event: 4.094 GC heap after
{Heap after GC invocations=10 (full 0):
 garbage-first heap   total 61440K, used 18047K [0x0000000712c00000, 0x0000000800000000)
  region size 2048K, 2 young (4096K), 2 survivors (4096K)
 Metaspace       used 41206K, committed 41664K, reserved 1114112K
  class space    used 4780K, committed 4992K, reserved 1048576K
}
Event: 4.155 GC heap before
{Heap before GC invocations=10 (full 0):
 garbage-first heap   total 61440K, used 20095K [0x0000000712c00000, 0x0000000800000000)
  region size 2048K, 3 young (6144K), 2 survivors (4096K)
 Metaspace       used 41525K, committed 41984K, reserved 1114112K
  class space    used 4824K, committed 5056K, reserved 1048576K
}
Event: 4.159 GC heap after
{Heap after GC invocations=11 (full 0):
 garbage-first heap   total 61440K, used 17899K [0x0000000712c00000, 0x0000000800000000)
  region size 2048K, 1 young (2048K), 1 survivors (2048K)
 Metaspace       used 41525K, committed 41984K, reserved 1114112K
  class space    used 4824K, committed 5056K, reserved 1048576K
}
Event: 10.351 GC heap before
{Heap before GC invocations=11 (full 0):
 garbage-first heap   total 61440K, used 40427K [0x0000000712c00000, 0x0000000800000000)
  region size 2048K, 13 young (26624K), 1 survivors (2048K)
 Metaspace       used 46696K, committed 47168K, reserved 1114112K
  class space    used 5438K, committed 5696K, reserved 1048576K
}
Event: 10.356 GC heap after
{Heap after GC invocations=12 (full 0):
 garbage-first heap   total 61440K, used 19878K [0x0000000712c00000, 0x0000000800000000)
  region size 2048K, 2 young (4096K), 2 survivors (4096K)
 Metaspace       used 46696K, committed 47168K, reserved 1114112K
  class space    used 5438K, committed 5696K, reserved 1048576K
}
Event: 10.784 GC heap before
{Heap before GC invocations=12 (full 0):
 garbage-first heap   total 61440K, used 42406K [0x0000000712c00000, 0x0000000800000000)
  region size 2048K, 14 young (28672K), 2 survivors (4096K)
 Metaspace       used 51514K, committed 52032K, reserved 1114112K
  class space    used 5852K, committed 6080K, reserved 1048576K
}
Event: 10.786 GC heap after
{Heap after GC invocations=13 (full 0):
 garbage-first heap   total 61440K, used 21401K [0x0000000712c00000, 0x0000000800000000)
  region size 2048K, 1 young (2048K), 1 survivors (2048K)
 Metaspace       used 51514K, committed 52032K, reserved 1114112K
  class space    used 5852K, committed 6080K, reserved 1048576K
}

Dll operation events (8 events):
Event: 0.009 Loaded shared library C:\Users\marco.cerrato\.p2\pool\plugins\org.eclipse.justj.openjdk.hotspot.jre.full.win32.x86_64_17.0.7.v20230425-1502\jre\bin\java.dll
Event: 0.106 Loaded shared library C:\Users\marco.cerrato\.p2\pool\plugins\org.eclipse.justj.openjdk.hotspot.jre.full.win32.x86_64_17.0.7.v20230425-1502\jre\bin\jimage.dll
Event: 0.116 Loaded shared library C:\Users\marco.cerrato\.p2\pool\plugins\org.eclipse.justj.openjdk.hotspot.jre.full.win32.x86_64_17.0.7.v20230425-1502\jre\bin\net.dll
Event: 0.118 Loaded shared library C:\Users\marco.cerrato\.p2\pool\plugins\org.eclipse.justj.openjdk.hotspot.jre.full.win32.x86_64_17.0.7.v20230425-1502\jre\bin\nio.dll
Event: 0.122 Loaded shared library C:\Users\marco.cerrato\.p2\pool\plugins\org.eclipse.justj.openjdk.hotspot.jre.full.win32.x86_64_17.0.7.v20230425-1502\jre\bin\zip.dll
Event: 1.572 Loaded shared library C:\Users\marco.cerrato\.p2\pool\plugins\org.eclipse.justj.openjdk.hotspot.jre.full.win32.x86_64_17.0.7.v20230425-1502\jre\bin\sunmscapi.dll
Event: 2.944 Loaded shared library C:\Users\marco.cerrato\.p2\pool\plugins\org.eclipse.justj.openjdk.hotspot.jre.full.win32.x86_64_17.0.7.v20230425-1502\jre\bin\management.dll
Event: 2.947 Loaded shared library C:\Users\marco.cerrato\.p2\pool\plugins\org.eclipse.justj.openjdk.hotspot.jre.full.win32.x86_64_17.0.7.v20230425-1502\jre\bin\management_ext.dll

Deoptimization events (20 events):
Event: 10.985 Thread 0x000002e6fe204d60 Uncommon trap: trap_request=0xffffff6e fr.pc=0x000002e6e919beac relative=0x000000000000048c
Event: 10.985 Thread 0x000002e6fe204d60 Uncommon trap: reason=loop_limit_check action=maybe_recompile pc=0x000002e6e919beac method=org.eclipse.jdt.internal.compiler.classfmt.ClassFileStruct.utf8At(II)[C @ 143 c2
Event: 10.985 Thread 0x000002e6fe204d60 DEOPT PACKING pc=0x000002e6e919beac sp=0x000000eb464fb760
Event: 10.985 Thread 0x000002e6fe204d60 DEOPT UNPACKING pc=0x000002e6e8b169a3 sp=0x000000eb464fb6f8 mode 2
Event: 11.000 Thread 0x000002e6fe204d60 Uncommon trap: trap_request=0xffffff45 fr.pc=0x000002e6e91b3754 relative=0x0000000000000334
Event: 11.000 Thread 0x000002e6fe204d60 Uncommon trap: reason=unstable_if action=reinterpret pc=0x000002e6e91b3754 method=java.util.HashMap.getNode(Ljava/lang/Object;)Ljava/util/HashMap$Node; @ 131 c2
Event: 11.000 Thread 0x000002e6fe204d60 DEOPT PACKING pc=0x000002e6e91b3754 sp=0x000000eb464fb230
Event: 11.000 Thread 0x000002e6fe204d60 DEOPT UNPACKING pc=0x000002e6e8b169a3 sp=0x000000eb464fb180 mode 2
Event: 11.000 Thread 0x000002e6fe204d60 Uncommon trap: trap_request=0xffffff45 fr.pc=0x000002e6e9180110 relative=0x0000000000000370
Event: 11.000 Thread 0x000002e6fe204d60 Uncommon trap: reason=unstable_if action=reinterpret pc=0x000002e6e9180110 method=java.util.HashMap.getNode(Ljava/lang/Object;)Ljava/util/HashMap$Node; @ 131 c2
Event: 11.000 Thread 0x000002e6fe204d60 DEOPT PACKING pc=0x000002e6e9180110 sp=0x000000eb464fb210
Event: 11.000 Thread 0x000002e6fe204d60 DEOPT UNPACKING pc=0x000002e6e8b169a3 sp=0x000000eb464fb1b0 mode 2
Event: 11.101 Thread 0x000002e6fe204d60 Uncommon trap: trap_request=0xffffff45 fr.pc=0x000002e6e923d0ac relative=0x000000000000076c
Event: 11.101 Thread 0x000002e6fe204d60 Uncommon trap: reason=unstable_if action=reinterpret pc=0x000002e6e923d0ac method=java.util.HashMap$HashIterator.<init>(Ljava/util/HashMap;)V @ 45 c2
Event: 11.101 Thread 0x000002e6fe204d60 DEOPT PACKING pc=0x000002e6e923d0ac sp=0x000000eb464fbc70
Event: 11.101 Thread 0x000002e6fe204d60 DEOPT UNPACKING pc=0x000002e6e8b169a3 sp=0x000000eb464fbb20 mode 2
Event: 11.145 Thread 0x000002e6fe204d60 Uncommon trap: trap_request=0xffffffde fr.pc=0x000002e6e919990c relative=0x000000000000118c
Event: 11.145 Thread 0x000002e6fe204d60 Uncommon trap: reason=class_check action=maybe_recompile pc=0x000002e6e919990c method=jdk.internal.loader.URLClassPath.getLoader(I)Ljdk/internal/loader/URLClassPath$Loader; @ 88 c2
Event: 11.145 Thread 0x000002e6fe204d60 DEOPT PACKING pc=0x000002e6e919990c sp=0x000000eb464fc3b0
Event: 11.145 Thread 0x000002e6fe204d60 DEOPT UNPACKING pc=0x000002e6e8b169a3 sp=0x000000eb464fc3f0 mode 2

Classes unloaded (0 events):
No events

Classes redefined (0 events):
No events

Internal exceptions (20 events):
Event: 10.357 Thread 0x000002e6fe204d60 Implicit null exception at 0x000002e6e9096ef7 to 0x000002e6e9097504
Event: 10.469 Thread 0x000002e6fe204d60 Exception <a 'java/lang/ClassNotFoundException'{0x000000071855ac58}: org/apache/taglibs/standard/tag/rt/core/ForEachTagBeanInfo> (0x000000071855ac58) 
thrown [s\src\hotspot\share\classfile\systemDictionary.cpp, line 256]
Event: 10.470 Thread 0x000002e6fe204d60 Exception <a 'java/lang/ClassNotFoundException'{0x0000000718561150}: org/apache/taglibs/standard/tag/common/core/ForEachSupportBeanInfo> (0x0000000718561150) 
thrown [s\src\hotspot\share\classfile\systemDictionary.cpp, line 256]
Event: 10.470 Thread 0x000002e6fe204d60 Exception <a 'java/lang/ClassNotFoundException'{0x0000000718567350}: jakarta/servlet/jsp/jstl/core/LoopTagSupportBeanInfo> (0x0000000718567350) 
thrown [s\src\hotspot\share\classfile\systemDictionary.cpp, line 256]
Event: 10.471 Thread 0x000002e6fe204d60 Exception <a 'java/lang/ClassNotFoundException'{0x000000071856d0c8}: jakarta/servlet/jsp/tagext/TagSupportBeanInfo> (0x000000071856d0c8) 
thrown [s\src\hotspot\share\classfile\systemDictionary.cpp, line 256]
Event: 10.472 Thread 0x000002e6fe204d60 Exception <a 'java/lang/ClassNotFoundException'{0x0000000718570738}: java/lang/ObjectBeanInfo> (0x0000000718570738) 
thrown [s\src\hotspot\share\classfile\systemDictionary.cpp, line 256]
Event: 10.473 Thread 0x000002e6fe204d60 Exception <a 'java/lang/ClassNotFoundException'{0x00000007185744a0}: java/lang/ObjectCustomizer> (0x00000007185744a0) 
thrown [s\src\hotspot\share\classfile\systemDictionary.cpp, line 256]
Event: 10.474 Thread 0x000002e6fe204d60 Exception <a 'java/lang/IncompatibleClassChangeError'{0x0000000718578708}: Found class java.lang.Object, but interface was expected> (0x0000000718578708) 
thrown [s\src\hotspot\share\interpreter\linkResolver.cpp, line 826]
Event: 10.477 Thread 0x000002e6fe204d60 Exception <a 'java/lang/ClassNotFoundException'{0x0000000718583290}: jakarta/servlet/jsp/tagext/TagSupportCustomizer> (0x0000000718583290) 
thrown [s\src\hotspot\share\classfile\systemDictionary.cpp, line 256]
Event: 10.479 Thread 0x000002e6fe204d60 Exception <a 'java/lang/ClassNotFoundException'{0x0000000718595050}: jakarta/servlet/jsp/jstl/core/LoopTagSupportCustomizer> (0x0000000718595050) 
thrown [s\src\hotspot\share\classfile\systemDictionary.cpp, line 256]
Event: 10.481 Thread 0x000002e6fe204d60 Exception <a 'java/lang/ClassNotFoundException'{0x00000007185b1358}: org/apache/taglibs/standard/tag/common/core/ForEachSupportCustomizer> (0x00000007185b1358) 
thrown [s\src\hotspot\share\classfile\systemDictionary.cpp, line 256]
Event: 10.483 Thread 0x000002e6fe204d60 Exception <a 'java/lang/ClassNotFoundException'{0x00000007185bf080}: org/apache/taglibs/standard/tag/rt/core/ForEachTagCustomizer> (0x00000007185bf080) 
thrown [s\src\hotspot\share\classfile\systemDictionary.cpp, line 256]
Event: 10.484 Thread 0x000002e6fe204d60 Implicit null exception at 0x000002e6e91ba808 to 0x000002e6e91baf8c
Event: 10.493 Thread 0x000002e6fe204d60 Exception <a 'java/lang/NoSuchMethodError'{0x0000000718234290}: 'java.lang.Object java.lang.invoke.DirectMethodHandle$Holder.invokeSpecial(java.lang.Object, java.lang.Object, java.lang.Object, int, int)'> (0x0000000718234290) 
thrown [s\src\hotspot\share\interpreter\linkResolver.cpp, line 759]
Event: 10.493 Thread 0x000002e6fe204d60 Exception <a 'java/lang/NoSuchMethodError'{0x0000000718237e48}: 'java.lang.Object java.lang.invoke.Invokers$Holder.linkToTargetMethod(java.lang.Object, int, int, java.lang.Object)'> (0x0000000718237e48) 
thrown [s\src\hotspot\share\interpreter\linkResolver.cpp, line 759]
Event: 10.497 Thread 0x000002e6fe204d60 Exception <a 'java/lang/ClassNotFoundException'{0x000000071826df30}: org/apache/taglibs/standard/tag/rt/core/IfTagBeanInfo> (0x000000071826df30) 
thrown [s\src\hotspot\share\classfile\systemDictionary.cpp, line 256]
Event: 10.498 Thread 0x000002e6fe204d60 Exception <a 'java/lang/ClassNotFoundException'{0x0000000718274358}: jakarta/servlet/jsp/jstl/core/ConditionalTagSupportBeanInfo> (0x0000000718274358) 
thrown [s\src\hotspot\share\classfile\systemDictionary.cpp, line 256]
Event: 10.499 Thread 0x000002e6fe204d60 Exception <a 'java/lang/ClassNotFoundException'{0x000000071827a568}: jakarta/servlet/jsp/jstl/core/ConditionalTagSupportCustomizer> (0x000000071827a568) 
thrown [s\src\hotspot\share\classfile\systemDictionary.cpp, line 256]
Event: 10.501 Thread 0x000002e6fe204d60 Exception <a 'java/lang/ClassNotFoundException'{0x0000000718286870}: org/apache/taglibs/standard/tag/rt/core/IfTagCustomizer> (0x0000000718286870) 
thrown [s\src\hotspot\share\classfile\systemDictionary.cpp, line 256]
Event: 11.118 Thread 0x000002e6fe204d60 Exception <a 'java/lang/NoSuchMethodError'{0x00000007157111d0}: 'int java.lang.invoke.DirectMethodHandle$Holder.invokeStatic(java.lang.Object, int, java.lang.Object)'> (0x00000007157111d0) 
thrown [s\src\hotspot\share\interpreter\linkResolver.cpp, line 759]

VM Operations (20 events):
Event: 10.317 Executing VM operation: HandshakeAllThreads
Event: 10.317 Executing VM operation: HandshakeAllThreads done
Event: 10.351 Executing VM operation: G1CollectForAllocation
Event: 10.356 Executing VM operation: G1CollectForAllocation done
Event: 10.435 Executing VM operation: HandshakeAllThreads
Event: 10.435 Executing VM operation: HandshakeAllThreads done
Event: 10.783 Executing VM operation: G1CollectForAllocation
Event: 10.787 Executing VM operation: G1CollectForAllocation done
Event: 10.945 Executing VM operation: HandshakeAllThreads
Event: 10.945 Executing VM operation: HandshakeAllThreads done
Event: 11.017 Executing VM operation: HandshakeAllThreads
Event: 11.017 Executing VM operation: HandshakeAllThreads done
Event: 11.148 Executing VM operation: ChangeBreakpoints
Event: 11.150 Executing VM operation: ChangeBreakpoints done
Event: 11.150 Executing VM operation: ChangeBreakpoints
Event: 11.151 Executing VM operation: ChangeBreakpoints done
Event: 11.155 Executing VM operation: get/set locals
Event: 11.155 Executing VM operation: get/set locals done
Event: 11.155 Executing VM operation: get/set locals
Event: 11.155 Executing VM operation: get/set locals done

Events (20 events):
Event: 10.852 loading class java/lang/NegativeArraySizeException
Event: 10.852 loading class java/lang/NegativeArraySizeException done
Event: 10.869 loading class java/net/URLClassLoader$2
Event: 10.869 loading class java/net/URLClassLoader$2 done
Event: 10.931 loading class sun/net/www/protocol/jrt/JavaRuntimeURLConnection
Event: 10.931 loading class sun/net/www/protocol/jrt/JavaRuntimeURLConnection done
Event: 10.931 loading class sun/net/www/protocol/jrt/JavaRuntimeURLConnection$1
Event: 10.931 loading class sun/net/www/protocol/jrt/JavaRuntimeURLConnection$1 done
Event: 10.936 loading class java/text/MessageFormat$Field
Event: 10.936 loading class java/text/MessageFormat$Field done
Event: 10.954 loading class java/util/stream/Nodes$IntFixedNodeBuilder
Event: 10.955 loading class java/util/stream/Node$Builder$OfInt
Event: 10.955 loading class java/util/stream/Node$Builder$OfInt done
Event: 10.955 loading class java/util/stream/Nodes$IntArrayNode
Event: 10.955 loading class java/util/stream/Nodes$IntArrayNode done
Event: 10.955 loading class java/util/stream/Nodes$IntFixedNodeBuilder done
Event: 11.136 loading class java/util/Hashtable$ValueCollection
Event: 11.136 loading class java/util/Hashtable$ValueCollection done
Event: 11.144 loading class java/net/URLClassLoader$1
Event: 11.144 loading class java/net/URLClassLoader$1 done


Dynamic libraries:
0x00007ff6d2c40000 - 0x00007ff6d2c4e000 	C:\Users\marco.cerrato\.p2\pool\plugins\org.eclipse.justj.openjdk.hotspot.jre.full.win32.x86_64_17.0.7.v20230425-1502\jre\bin\javaw.exe
0x000002e6db7f0000 - 0x000002e6db9e8000 	C:\Windows\SYSTEM32\ntd1l.dll
0x000002e6db9f0000 - 0x000002e6dbab2000 	C:\Windows\System32\kern3l32.dll
0x00007ffe3eb90000 - 0x00007ffe3ed88000 	C:\Windows\SYSTEM32\ntdll.dll
0x00007ffe3d470000 - 0x00007ffe3d532000 	C:\Windows\System32\KERNEL32.DLL
0x00007ffe3c430000 - 0x00007ffe3c726000 	C:\Windows\System32\KERNELBASE.dll
0x00007ffe3bd50000 - 0x00007ffe3bfb7000 	C:\Program Files\SentinelOne\Sentinel Agent 22.3.4.612\InProcessClient64.dll
0x00007ffe3e8f0000 - 0x00007ffe3e99f000 	C:\Windows\System32\ADVAPI32.dll
0x00007ffe3cdc0000 - 0x00007ffe3ce5e000 	C:\Windows\System32\msvcrt.dll
0x00007ffe3d150000 - 0x00007ffe3d1ef000 	C:\Windows\System32\sechost.dll
0x00007ffe3d300000 - 0x00007ffe3d423000 	C:\Windows\System32\RPCRT4.dll
0x00007ffe3c330000 - 0x00007ffe3c357000 	C:\Windows\System32\bcrypt.dll
0x00007ffe3c230000 - 0x00007ffe3c330000 	C:\Windows\System32\ucrtbase.dll
0x00007ffdfd680000 - 0x00007ffdfd699000 	C:\Users\marco.cerrato\.p2\pool\plugins\org.eclipse.justj.openjdk.hotspot.jre.full.win32.x86_64_17.0.7.v20230425-1502\jre\bin\VCRUNTIME140.dll
0x00007ffe01c30000 - 0x00007ffe01c47000 	C:\Users\marco.cerrato\.p2\pool\plugins\org.eclipse.justj.openjdk.hotspot.jre.full.win32.x86_64_17.0.7.v20230425-1502\jre\bin\jli.dll
0x00007ffe3cc20000 - 0x00007ffe3cdbd000 	C:\Windows\System32\USER32.dll
0x00007ffe3c730000 - 0x00007ffe3c752000 	C:\Windows\System32\win32u.dll
0x00007ffe292b0000 - 0x00007ffe2954a000 	C:\Windows\WinSxS\amd64_microsoft.windows.common-controls_6595b64144ccf1df_6.0.19041.5794_none_60bcd33171f2783c\COMCTL32.dll
0x00007ffe3d2d0000 - 0x00007ffe3d2fb000 	C:\Windows\System32\GDI32.dll
0x00007ffe3c810000 - 0x00007ffe3c92a000 	C:\Windows\System32\gdi32full.dll
0x00007ffe3ca90000 - 0x00007ffe3cb2d000 	C:\Windows\System32\msvcp_win.dll
0x00007ffe3bd40000 - 0x00007ffe3bd4a000 	C:\Windows\SYSTEM32\VERSION.dll
0x00007ffe3d440000 - 0x00007ffe3d46f000 	C:\Windows\System32\IMM32.DLL
0x00007ffe11910000 - 0x00007ffe1191c000 	C:\Users\marco.cerrato\.p2\pool\plugins\org.eclipse.justj.openjdk.hotspot.jre.full.win32.x86_64_17.0.7.v20230425-1502\jre\bin\vcruntime140_1.dll
0x00007ffd93360000 - 0x00007ffd933f1000 	C:\Users\marco.cerrato\.p2\pool\plugins\org.eclipse.justj.openjdk.hotspot.jre.full.win32.x86_64_17.0.7.v20230425-1502\jre\bin\msvcp140.dll
0x00007ffd99b10000 - 0x00007ffd9a758000 	C:\Users\marco.cerrato\.p2\pool\plugins\org.eclipse.justj.openjdk.hotspot.jre.full.win32.x86_64_17.0.7.v20230425-1502\jre\bin\server\jvm.dll
0x00007ffe23f00000 - 0x00007ffe23f09000 	C:\Windows\SYSTEM32\WSOCK32.dll
0x00007ffe3d250000 - 0x00007ffe3d2bb000 	C:\Windows\System32\WS2_32.dll
0x00007ffe30190000 - 0x00007ffe301b7000 	C:\Windows\SYSTEM32\WINMM.dll
0x00007ffe3a5b0000 - 0x00007ffe3a5c2000 	C:\Windows\SYSTEM32\kernel.appcore.dll
0x00007ffe348c0000 - 0x00007ffe348ca000 	C:\Users\marco.cerrato\.p2\pool\plugins\org.eclipse.justj.openjdk.hotspot.jre.full.win32.x86_64_17.0.7.v20230425-1502\jre\bin\jimage.dll
0x00007ffe399a0000 - 0x00007ffe39ba1000 	C:\Windows\SYSTEM32\DBGHELP.DLL
0x00007ffe27370000 - 0x00007ffe273a4000 	C:\Windows\SYSTEM32\dbgcore.DLL
0x00007ffe3cb30000 - 0x00007ffe3cbb2000 	C:\Windows\System32\bcryptPrimitives.dll
0x000002e6dbac0000 - 0x000002e6dbb40000 	C:\Program Files\SentinelOne\Sentinel Agent 22.3.4.612\SentinelJava64.dll
0x00007ffe3e130000 - 0x00007ffe3e25b000 	C:\Windows\System32\ole32.dll
0x00007ffe3dd10000 - 0x00007ffe3e063000 	C:\Windows\System32\combase.dll
0x00007ffe1f8b0000 - 0x00007ffe1f8d5000 	C:\Users\marco.cerrato\.p2\pool\plugins\org.eclipse.justj.openjdk.hotspot.jre.full.win32.x86_64_17.0.7.v20230425-1502\jre\bin\java.dll
0x00007ffe01b20000 - 0x00007ffe01b38000 	C:\Users\marco.cerrato\.p2\pool\plugins\org.eclipse.justj.openjdk.hotspot.jre.full.win32.x86_64_17.0.7.v20230425-1502\jre\bin\zip.dll
0x00007ffe3d5a0000 - 0x00007ffe3dd0e000 	C:\Windows\System32\SHELL32.dll
0x00007ffe39df0000 - 0x00007ffe3a593000 	C:\Windows\SYSTEM32\windows.storage.dll
0x00007ffe3b900000 - 0x00007ffe3b92b000 	C:\Windows\SYSTEM32\Wldp.dll
0x00007ffe3cfa0000 - 0x00007ffe3d06d000 	C:\Windows\System32\OLEAUT32.dll
0x00007ffe3e080000 - 0x00007ffe3e12d000 	C:\Windows\System32\SHCORE.dll
0x00007ffe3d1f0000 - 0x00007ffe3d245000 	C:\Windows\System32\shlwapi.dll
0x00007ffe3c160000 - 0x00007ffe3c185000 	C:\Windows\SYSTEM32\profapi.dll
0x00007ffdfeb90000 - 0x00007ffdfeba9000 	C:\Users\marco.cerrato\.p2\pool\plugins\org.eclipse.justj.openjdk.hotspot.jre.full.win32.x86_64_17.0.7.v20230425-1502\jre\bin\net.dll
0x00007ffe33e80000 - 0x00007ffe33f8a000 	C:\Windows\SYSTEM32\WINHTTP.dll
0x00007ffe3b6e0000 - 0x00007ffe3b74c000 	C:\Windows\system32\mswsock.dll
0x00007ffdfeb70000 - 0x00007ffdfeb85000 	C:\Users\marco.cerrato\.p2\pool\plugins\org.eclipse.justj.openjdk.hotspot.jre.full.win32.x86_64_17.0.7.v20230425-1502\jre\bin\nio.dll
0x00007ffe38ec0000 - 0x00007ffe38ece000 	C:\Users\marco.cerrato\.p2\pool\plugins\org.eclipse.justj.openjdk.hotspot.jre.full.win32.x86_64_17.0.7.v20230425-1502\jre\bin\sunmscapi.dll
0x00007ffe3c930000 - 0x00007ffe3ca8d000 	C:\Windows\System32\CRYPT32.dll
0x00007ffe3ba30000 - 0x00007ffe3ba57000 	C:\Windows\SYSTEM32\ncrypt.dll
0x00007ffe3b9f0000 - 0x00007ffe3ba2b000 	C:\Windows\SYSTEM32\NTASN1.dll
0x00007ffe3b940000 - 0x00007ffe3b958000 	C:\Windows\SYSTEM32\CRYPTSP.dll
0x00007ffe3af50000 - 0x00007ffe3af88000 	C:\Windows\system32\rsaenh.dll
0x00007ffe3c120000 - 0x00007ffe3c14e000 	C:\Windows\SYSTEM32\USERENV.dll
0x00007ffe3b870000 - 0x00007ffe3b87c000 	C:\Windows\SYSTEM32\CRYPTBASE.dll
0x00007ffe3b390000 - 0x00007ffe3b3cb000 	C:\Windows\SYSTEM32\IPHLPAPI.DLL
0x00007ffe3e070000 - 0x00007ffe3e078000 	C:\Windows\System32\NSI.dll
0x00007ffe36000000 - 0x00007ffe36017000 	C:\Windows\SYSTEM32\dhcpcsvc6.DLL
0x00007ffe35fe0000 - 0x00007ffe35ffd000 	C:\Windows\SYSTEM32\dhcpcsvc.DLL
0x00007ffe3b3e0000 - 0x00007ffe3b4aa000 	C:\Windows\SYSTEM32\DNSAPI.dll
0x00007ffe38f00000 - 0x00007ffe38f09000 	C:\Users\marco.cerrato\.p2\pool\plugins\org.eclipse.justj.openjdk.hotspot.jre.full.win32.x86_64_17.0.7.v20230425-1502\jre\bin\management.dll
0x00007ffe35780000 - 0x00007ffe3578b000 	C:\Users\marco.cerrato\.p2\pool\plugins\org.eclipse.justj.openjdk.hotspot.jre.full.win32.x86_64_17.0.7.v20230425-1502\jre\bin\management_ext.dll
0x00007ffe3d2c0000 - 0x00007ffe3d2c8000 	C:\Windows\System32\PSAPI.DLL
0x00007ffe38320000 - 0x00007ffe38327000 	C:\Windows\system32\wshunix.dll

dbghelp: loaded successfully - version: 4.0.5 - missing functions: none
symbol engine: initialized successfully - sym options: 0x614 - pdb path: .;C:\Users\marco.cerrato\.p2\pool\plugins\org.eclipse.justj.openjdk.hotspot.jre.full.win32.x86_64_17.0.7.v20230425-1502\jre\bin;C:\Windows\SYSTEM32;C:\Program Files\SentinelOne\Sentinel Agent 22.3.4.612;C:\Windows\WinSxS\amd64_microsoft.windows.common-controls_6595b64144ccf1df_6.0.19041.5794_none_60bcd33171f2783c;C:\Users\marco.cerrato\.p2\pool\plugins\org.eclipse.justj.openjdk.hotspot.jre.full.win32.x86_64_17.0.7.v20230425-1502\jre\bin\server

VM Arguments:
jvm_args: -Dfile.encoding=UTF-8 -XX:+ShowCodeDetailsInExceptionMessages -agentpath:C:\Program Files\SentinelOne\Sentinel Agent 22.3.4.612\SentinelJava64.dll 
java_command: com.its.readchallenge.ReadChallengeApplication
java_class_path (initial): C:\Development\readchallenge\target\classes;C:\Users\marco.cerrato\.m2\repository\org\springframework\boot\spring-boot-starter-jdbc\3.4.5\spring-boot-starter-jdbc-3.4.5.jar;C:\Users\marco.cerrato\.m2\repository\org\springframework\boot\spring-boot-starter\3.4.5\spring-boot-starter-3.4.5.jar;C:\Users\marco.cerrato\.m2\repository\org\springframework\boot\spring-boot\3.4.5\spring-boot-3.4.5.jar;C:\Users\marco.cerrato\.m2\repository\org\springframework\boot\spring-boot-autoconfigure\3.4.5\spring-boot-autoconfigure-3.4.5.jar;C:\Users\marco.cerrato\.m2\repository\org\springframework\boot\spring-boot-starter-logging\3.4.5\spring-boot-starter-logging-3.4.5.jar;C:\Users\marco.cerrato\.m2\repository\ch\qos\logback\logback-classic\1.5.18\logback-classic-1.5.18.jar;C:\Users\marco.cerrato\.m2\repository\ch\qos\logback\logback-core\1.5.18\logback-core-1.5.18.jar;C:\Users\marco.cerrato\.m2\repository\org\apache\logging\log4j\log4j-to-slf4j\2.24.3\log4j-to-slf4j-2.24.3.jar;C:\Users\marco.cerrato\.m2\repository\org\apache\logging\log4j\log4j-api\2.24.3\log4j-api-2.24.3.jar;C:\Users\marco.cerrato\.m2\repository\org\slf4j\jul-to-slf4j\2.0.17\jul-to-slf4j-2.0.17.jar;C:\Users\marco.cerrato\.m2\repository\jakarta\annotation\jakarta.annotation-api\2.1.1\jakarta.annotation-api-2.1.1.jar;C:\Users\marco.cerrato\.m2\repository\org\springframework\spring-core\6.2.6\spring-core-6.2.6.jar;C:\Users\marco.cerrato\.m2\repository\org\springframework\spring-jcl\6.2.6\spring-jcl-6.2.6.jar;C:\Users\marco.cerrato\.m2\repository\org\yaml\snakeyaml\2.3\snakeyaml-2.3.jar;C:\Users\marco.cerrato\.m2\repository\com\zaxxer\HikariCP\5.1.0\HikariCP-5.1.0.jar;C:\Users\marco.cerrato\.m2\repository\org\slf4j\slf4j-api\2.0.17\slf4j-api-2.0.17.jar;C:\Users\marco.cerrato\.m2\repository\org\springframework\spring-jdbc\6.2.6\spring-jdbc-6.2.6.jar;C:\Users\marco.cerrato\.m2\repository\org\springframework\spring-beans\6.2.6\spring-beans-6.2.6.jar;C:\Users\marco.cerrato\.m2\repository\org\sprin
Launcher Type: SUN_STANDARD

[Global flags]
     intx CICompilerCount                          = 4                                         {product} {ergonomic}
     uint ConcGCThreads                            = 2                                         {product} {ergonomic}
     uint G1ConcRefinementThreads                  = 8                                         {product} {ergonomic}
   size_t G1HeapRegionSize                         = 2097152                                   {product} {ergonomic}
    uintx GCDrainStackTargetSize                   = 64                                        {product} {ergonomic}
   size_t InitialHeapSize                          = 249561088                                 {product} {ergonomic}
   size_t MarkStackSize                            = 4194304                                   {product} {ergonomic}
   size_t MaxHeapSize                              = 3980394496                                {product} {ergonomic}
   size_t MaxNewSize                               = 2386558976                                {product} {ergonomic}
   size_t MinHeapDeltaBytes                        = 2097152                                   {product} {ergonomic}
   size_t MinHeapSize                              = 8388608                                   {product} {ergonomic}
    uintx NonNMethodCodeHeapSize                   = 5839372                                {pd product} {ergonomic}
    uintx NonProfiledCodeHeapSize                  = 122909434                              {pd product} {ergonomic}
    uintx ProfiledCodeHeapSize                     = 122909434                              {pd product} {ergonomic}
    uintx ReservedCodeCacheSize                    = 251658240                              {pd product} {ergonomic}
     bool SegmentedCodeCache                       = true                                      {product} {ergonomic}
     bool ShowCodeDetailsInExceptionMessages       = true                                   {manageable} {command line}
   size_t SoftMaxHeapSize                          = 3980394496                             {manageable} {ergonomic}
     bool UseCompressedClassPointers               = true                           {product lp64_product} {ergonomic}
     bool UseCompressedOops                        = true                           {product lp64_product} {ergonomic}
     bool UseG1GC                                  = true                                      {product} {ergonomic}
     bool UseLargePagesIndividualAllocation        = false                                  {pd product} {ergonomic}

Logging:
Log output configuration:
 #0: stdout all=warning uptime,level,tags
 #1: stderr all=off uptime,level,tags

Environment Variables:
JAVA_HOME=C:\Program Files\Java\jdk1.8.0_202
PATH=C:/Users/marco.cerrato/.p2/pool/plugins/org.eclipse.justj.openjdk.hotspot.jre.full.win32.x86_64_17.0.7.v20230425-1502/jre/bin/server;C:/Users/marco.cerrato/.p2/pool/plugins/org.eclipse.justj.openjdk.hotspot.jre.full.win32.x86_64_17.0.7.v20230425-1502/jre/bin;C:\Program Files\Common Files\Oracle\Java\javapath;C:\Program Files (x86)\Common Files\Oracle\Java\javapath;C:\app\marco.cerrato\product\21c\dbhomeXE\bin;C:\Windows\system32;C:\Windows;C:\Windows\System32\Wbem;C:\Windows\System32\WindowsPowerShell\v1.0\;C:\Windows\System32\OpenSSH\;C:\Program Files\Cloudflare\Cloudflare WARP\;C:\Program Files\dotnet\;C:\Program Files\Git\cmd;C:\Program Files\PuTTY\;C:\Program Files\nodejs\;C:\Program Files\MySQL\MySQL Shell 8.0\bin\;C:\Users\marco.cerrato\AppData\Local\Microsoft\WindowsApps;C:\Development\gradle-8.5\bin;C:\Users\marco.cerrato\AppData\Roaming\npm;C:\Windows\System32;
USERNAME=marco.cerrato
OS=Windows_NT
PROCESSOR_IDENTIFIER=AMD64 Family 23 Model 104 Stepping 1, AuthenticAMD
TMP=C:\Users\MARCO~1.CER\AppData\Local\Temp
TEMP=C:\Users\MARCO~1.CER\AppData\Local\Temp



---------------  S Y S T E M  ---------------

OS:
 Windows 10 , 64 bit Build 19041 (10.0.19041.5794)
OS uptime: 13 days 0:04 hours
Hyper-V role detected

CPU: total 8 (initial active 8) (16 cores per cpu, 2 threads per core) family 23 model 104 stepping 1 microcode 0x0, cx8, cmov, fxsr, ht, mmx, 3dnowpref, sse, sse2, sse3, ssse3, sse4a, sse4.1, sse4.2, popcnt, lzcnt, tsc, tscinvbit, avx, avx2, aes, clmul, bmi1, bmi2, adx, sha, fma, vzeroupper, clflush, clflushopt, hv

Memory: 4k page, system-wide physical 15178M (2429M free)
TotalPageFile size 29554M (AvailPageFile size 5495M)
current process WorkingSet (physical memory assigned to process): 229M, peak: 265M
current process commit charge ("private bytes"): 255M, peak: 382M

vm_info: OpenJDK 64-Bit Server VM (17.0.7+7) for windows-amd64 JRE (17.0.7+7), built on Apr 18 2023 22:10:42 by "temurin" with MS VC++ 16.7 (VS2019)

END.
