#
# A fatal error has been detected by the Java Runtime Environment:
#
#  EXCEPTION_ACCESS_VIOLATION (0xc0000005) at pc=0x000002148754b169, pid=52472, tid=45232
#
# JRE version: OpenJDK Runtime Environment Temurin-17.0.7+7 (17.0.7+7) (build 17.0.7+7)
# Java VM: OpenJDK 64-Bit Server VM Temurin-17.0.7+7 (17.0.7+7, mixed mode, tiered, compressed oops, compressed class ptrs, g1 gc, windows-amd64)
# Problematic frame:
# j  jakarta.servlet.http.HttpServletRequestWrapper.getDateHeader(Ljava/lang/String;)J+1
#
# No core dump will be written. Minidumps are not enabled by default on client versions of Windows
#
# If you would like to submit a bug report, please visit:
#   https://github.com/adoptium/adoptium-support/issues
#

---------------  S U M M A R Y ------------

Command Line: -Dfile.encoding=UTF-8 -XX:+ShowCodeDetailsInExceptionMessages -agentpath:C:\Program Files\SentinelOne\Sentinel Agent 22.3.4.612\SentinelJava64.dll com.its.readchallenge.ReadChallengeApplication

Host: AMD Ryzen 7 5700U with Radeon Graphics         , 8 cores, 14G,  Windows 10 , 64 bit Build 19041 (10.0.19041.5794)
Time: Sun Jun  1 21:06:53 2025 ora legale Europa occidentale elapsed time: 569.928711 seconds (0d 0h 9m 29s)

---------------  T H R E A D  ---------------

Current thread (0x00000214a0d20f20):  JavaThread "http-nio-8080-exec-8" daemon [_thread_in_Java, id=45232, stack(0x0000006102800000,0x0000006102900000)]

Stack: [0x0000006102800000,0x0000006102900000],  sp=0x00000061028fbc68,  free space=1007k
Native frames: (J=compiled Java code, j=interpreted, Vv=VM code, C=native code)
C  0x000002148754b169


siginfo: EXCEPTION_ACCESS_VIOLATION (0xc0000005), reading address 0x000000619b743620


Register to memory mapping:

RIP=0x000002148754b169 is at code_begin+329 in an Interpreter codelet
invokevirtual  182 invokevirtual  [0x000002148754b020, 0x000002148754b500]  1248 bytes
RAX=1048576 is a compressed pointer to class: 0x0000000800100000
java.lang.invoke.LambdaForm$DMH/0x0000000800100000 {0x0000000800100008}
 - instance size:     2
 - klass size:        64
 - access:            final synchronized 
 - state:             fully_initialized
 - name:              'java/lang/invoke/LambdaForm$DMH+0x0000000800100000'
 - super:             'java/lang/Object'
 - sub:               
 - arrays:            NULL
 - methods:           Array<T>(0x00000214998a8a88)
 - method ordering:   Array<T>(0x0000021499000018)
 - default_methods:   Array<T>(0x0000000000000000)
 - local interfaces:  Array<T>(0x0000021499000058)
 - trans. interfaces: Array<T>(0x0000021499000058)
 - constants:         constant pool [52] {0x00000214998a8848} for 'java/lang/invoke/LambdaForm$DMH+0x0000000800100000' cache=0x00000214998a8c08
 - class loader data:  loader data: 0x000002149db1efd0 of 'bootstrap' has a class holder
 - source file:       'LambdaForm$DMH'
 - class annotations:       Array<T>(0x0000000000000000)
 - class type annotations:  Array<T>(0x0000000000000000)
 - field annotations:       Array<T>(0x0000000000000000)
 - field type annotations:  Array<T>(0x0000000000000000)
 - inner classes:     Array<T>(0x0000021499000028)
 - nest members:     Array<T>(0x0000021499000028)
 - permitted subclasses:     Array<T>(0x0000021499000028)
 - java mirror:       a 'java/lang/Class'{0x0000000712d87660} = 'java/lang/invoke/LambdaForm$DMH+0x0000000800100000'
 - vtable length      5  (start addr: 0x00000008001001c8)
 - itable length      2 (start addr: 0x00000008001001f0)
 - ---- static fields (1 words):
 - static final '_D_0' 'Ljava/lang/invoke/LambdaForm;' @112 
 - ---- non-static fields (0 words):
 - non-static oop maps: 
RBX={method} {0x000002149b73f9d8} '_getHttpServletRequest' '()Ljakarta/servlet/http/HttpServletRequest;' in 'jakarta/servlet/http/HttpServletRequestWrapper'
RCX=0x000000619b743620 is an unknown value
RDX=0x0000000080100001 is an unknown value
RSP=0x00000061028fbc68 is pointing into the stack for thread: 0x00000214a0d20f20
RBP=0x00000061028fbcc0 is pointing into the stack for thread: 0x00000214a0d20f20
RSI=0x00000061028fc110 is pointing into the stack for thread: 0x00000214a0d20f20
RDI=0x00000214a0d20f20 is a thread
R8 =0x00000061028fc120 is pointing into the stack for thread: 0x00000214a0d20f20
R9 =0x0000000000000001 is an unknown value
R10=0x00007ffd9a69dbc0 jvm.dll
R11=0x00000061028fbeb8 is pointing into the stack for thread: 0x00000214a0d20f20
R12=0x0 is NULL
R13=0x000002149b73fba9 is pointing into metadata
R14=0x00000061028fbcd8 is pointing into the stack for thread: 0x00000214a0d20f20
R15=0x00000214a0d20f20 is a thread


Registers:
RAX=0x0000000000100000, RBX=0x000002149b73f9d0, RCX=0x000000619b743620, RDX=0x0000000080100001
RSP=0x00000061028fbc68, RBP=0x00000061028fbcc0, RSI=0x00000061028fc110, RDI=0x00000214a0d20f20
R8 =0x00000061028fc120, R9 =0x0000000000000001, R10=0x00007ffd9a69dbc0, R11=0x00000061028fbeb8
R12=0x0000000000000000, R13=0x000002149b73fba9, R14=0x00000061028fbcd8, R15=0x00000214a0d20f20
RIP=0x000002148754b169, EFLAGS=0x0000000000010206

Top of Stack: (sp=0x00000061028fbc68)
0x00000061028fbc68:   0000021487539657 000000619b743620
0x00000061028fbc78:   00000061028fbc78 000002149b73fba9
0x00000061028fbc88:   00000061028fbcd8 000002149b741858
0x00000061028fbc98:   000002149bfd62b8 00000007144867a8
0x00000061028fbca8:   000002149b73fbd8 0000000000000000
0x00000061028fbcb8:   00000061028fbcd0 00000061028fbeb0
0x00000061028fbcc8:   0000021487531010 0000000715439fa8
0x00000061028fbcd8:   000000619b743620 00000214994e0d48
0x00000061028fbce8:   0000000000000000 000000079b7437e0
0x00000061028fbcf8:   00000214994dbc08 0000000000000000
0x00000061028fbd08:   00000061028fbd60 0000000712d49278
0x00000061028fbd18:   00000007154346c8 0000000715434558
0x00000061028fbd28:   0000000715434630 0000000713248238
0x00000061028fbd38:   000000079b6b3850 000000071afaeb60
0x00000061028fbd48:   0000000715434610 000000619b743770
0x00000061028fbd58:   000002148034e3a4 0000021400000006 

Instructions: (pc=0x000002148754b169)
0x000002148754b069:   b6 00 00 00 0f 84 b6 00 00 00 bb b6 00 00 00 e8
0x000002148754b079:   05 00 00 00 e9 9b 00 00 00 48 8b d3 48 8d 44 24
0x000002148754b089:   08 4c 89 6d c0 49 8b cf c5 f8 77 49 89 af 98 02
0x000002148754b099:   00 00 49 89 87 88 02 00 00 48 83 ec 20 f7 c4 0f
0x000002148754b0a9:   00 00 00 0f 84 1a 00 00 00 48 83 ec 08 49 ba 60
0x000002148754b0b9:   40 e9 99 fd 7f 00 00 41 ff d2 48 83 c4 08 e9 0d
0x000002148754b0c9:   00 00 00 49 ba 60 40 e9 99 fd 7f 00 00 41 ff d2
0x000002148754b0d9:   48 83 c4 20 49 c7 87 88 02 00 00 00 00 00 00 49
0x000002148754b0e9:   c7 87 98 02 00 00 00 00 00 00 49 c7 87 90 02 00
0x000002148754b0f9:   00 00 00 00 00 c5 f8 77 49 81 7f 08 00 00 00 00
0x000002148754b109:   0f 84 05 00 00 00 e9 ec 5d fe ff 4c 8b 6d c0 4c
0x000002148754b119:   8b 75 c8 c3 41 0f b7 55 01 48 8b 4d d0 c1 e2 02
0x000002148754b129:   48 8b 5c d1 30 8b 54 d1 38 8b ca 81 e1 ff 00 00
0x000002148754b139:   00 48 8b 4c cc f8 44 8b ea c1 ea 1c 49 ba c0 db
0x000002148754b149:   69 9a fd 7f 00 00 49 8b 14 d2 52 41 8b d5 4c 8b
0x000002148754b159:   6d c0 8b c2 81 e0 00 00 10 00 0f 84 70 01 00 00
0x000002148754b169:   48 3b 01 48 8b 45 d8 48 85 c0 0f 84 12 00 00 00
0x000002148754b179:   48 83 40 08 01 48 83 58 08 00 48 83 c0 38 48 89
0x000002148754b189:   45 d8 48 8b 45 d8 48 85 c0 0f 84 35 01 00 00 80
0x000002148754b199:   78 c8 0b 0f 85 2b 01 00 00 48 83 c0 08 4c 8b 68
0x000002148754b1a9:   f8 41 83 ed 00 41 83 fd 02 0f 8c 0a 01 00 00 4c
0x000002148754b1b9:   8b 6b 08 45 0f b7 6d 2c 4c 2b 28 41 83 ed 01 4e
0x000002148754b1c9:   8b 6c ec 08 4d 85 ed 75 07 48 83 48 08 01 eb 53
0x000002148754b1d9:   45 8b 6d 08 49 ba 00 00 00 00 08 00 00 00 4d 03
0x000002148754b1e9:   ea 4c 33 68 08 49 f7 c5 fc ff ff ff 74 35 49 f7
0x000002148754b1f9:   c5 02 00 00 00 75 2c 48 81 78 08 00 00 00 00 74
0x000002148754b209:   1e 48 81 78 08 01 00 00 00 74 14 4c 33 68 08 49
0x000002148754b219:   f7 c5 fc ff ff ff 74 0b 48 83 48 08 02 eb 04 4c
0x000002148754b229:   89 68 08 48 83 c0 10 4c 8b 68 e8 41 83 ed 02 41
0x000002148754b239:   83 fd 02 0f 8c 80 00 00 00 4c 8b 6b 08 45 0f b7
0x000002148754b249:   6d 2c 4c 2b 28 41 83 ed 01 4e 8b 6c ec 08 4d 85
0x000002148754b259:   ed 75 07 48 83 48 08 01 eb 53 45 8b 6d 08 49 ba 


Stack slot to memory mapping:
stack at sp + 0 slots: 0x0000021487539657 is at code_begin+1463 in an Interpreter codelet
return entry points  [0x00000214875390a0, 0x0000021487539ba0]  2816 bytes
stack at sp + 1 slots: 0x000000619b743620 is an unknown value
stack at sp + 2 slots: 0x00000061028fbc78 is pointing into the stack for thread: 0x00000214a0d20f20
stack at sp + 3 slots: 0x000002149b73fba9 is pointing into metadata
stack at sp + 4 slots: 0x00000061028fbcd8 is pointing into the stack for thread: 0x00000214a0d20f20
stack at sp + 5 slots: 0x000002149b741858 is pointing into metadata
stack at sp + 6 slots: 0x000002149bfd62b8 is pointing into metadata
stack at sp + 7 slots: 0x00000007144867a8 is an oop: java.lang.Class 
{0x00000007144867a8} - klass: 'java/lang/Class'
 - ---- fields (total size 14 words):
 - private volatile transient 'classRedefinedCount' 'I' @12  0
 - private volatile transient 'cachedConstructor' 'Ljava/lang/reflect/Constructor;' @40  NULL (0)
 - private transient 'name' 'Ljava/lang/String;' @44  "jakarta.servlet.http.HttpServletRequestWrapper"{0x0000000714486818} (e2890d03)
 - private transient 'module' 'Ljava/lang/Module;' @48  a 'java/lang/Module'{0x0000000712ce1138} (e259c227)
 - private final 'classLoader' 'Ljava/lang/ClassLoader;' @52  a 'jdk/internal/loader/ClassLoaders$AppClassLoader'{0x0000000712ce0e30} (e259c1c6)
 - private transient 'classData' 'Ljava/lang/Object;' @56  NULL (0)
 - private transient 'packageName' 'Ljava/lang/String;' @60  "jakarta.servlet.http"{0x000000071322d980} (e2645b30)
 - private final 'componentType' 'Ljava/lang/Class;' @64  NULL (0)
 - private volatile transient 'reflectionData' 'Ljava/lang/ref/SoftReference;' @68  NULL (0)
 - private volatile transient 'genericInfo' 'Lsun/reflect/generics/repository/ClassRepository;' @72  NULL (0)
 - private volatile transient 'enumConstants' '[Ljava/lang/Object;' @76  NULL (0)
 - private volatile transient 'enumConstantDirectory' 'Ljava/util/Map;' @80  NULL (0)
 - private volatile transient 'annotationData' 'Ljava/lang/Class$AnnotationData;' @84  NULL (0)
 - private volatile transient 'annotationType' 'Lsun/reflect/annotation/AnnotationType;' @88  NULL (0)
 - transient 'classValueMap' 'Ljava/lang/ClassValue$ClassValueMap;' @92  NULL (0)
 - signature: Ljakarta/servlet/http/HttpServletRequestWrapper;
 - fake entry for mirror: 'jakarta/servlet/http/HttpServletRequestWrapper'
 - fake entry for array: NULL
 - fake entry for oop_size: 14
 - fake entry for static_oop_field_count: 0

invokevirtual  182 invokevirtual  [0x000002148754b020, 0x000002148754b500]  1248 bytes
[MachCode]
  0x000002148754b020: 4883 ec08 | c5fa 1104 | 24eb 1f48 | 83ec 10c5 | fb11 0424 | eb14 4883 | ec10 4889 | 0424 48c7 
  0x000002148754b040: 4424 0800 | 0000 00eb | 0150 4c89 | 6dc0 410f | b755 0148 | 8b4d d0c1 | e202 8b5c | d120 c1eb 
  0x000002148754b060: 1881 e3ff | 0000 0081 | fbb6 0000 | 000f 84b6 | 0000 00bb | b600 0000 | e805 0000 | 00e9 9b00 
  0x000002148754b080: 0000 488b | d348 8d44 | 2408 4c89 | 6dc0 498b | cfc5 f877 | 4989 af98 | 0200 0049 | 8987 8802 
  0x000002148754b0a0: 0000 4883 | ec20 f7c4 | 0f00 0000 | 0f84 1a00 | 0000 4883 | ec08 49ba | 6040 e999 | fd7f 0000 
  0x000002148754b0c0: 41ff d248 | 83c4 08e9 | 0d00 0000 | 49ba 6040 | e999 fd7f | 0000 41ff | d248 83c4 | 2049 c787 
  0x000002148754b0e0: 8802 0000 | 0000 0000 | 49c7 8798 | 0200 0000 | 0000 0049 | c787 9002 | 0000 0000 | 0000 c5f8 
  0x000002148754b100: 7749 817f | 0800 0000 | 000f 8405 | 0000 00e9 | ec5d feff | 4c8b 6dc0 | 4c8b 75c8 | c341 0fb7 
  0x000002148754b120: 5501 488b | 4dd0 c1e2 | 0248 8b5c | d130 8b54 | d138 8bca | 81e1 ff00 | 0000 488b | 4ccc f844 
  0x000002148754b140: 8bea c1ea | 1c49 bac0 | db69 9afd | 7f00 0049 | 8b14 d252 | 418b d54c | 8b6d c08b | c281 e000 
  0x000002148754b160: 0010 000f | 8470 0100 | 0048 3b01 | 488b 45d8 | 4885 c00f | 8412 0000 | 0048 8340 | 0801 4883 
  0x000002148754b180: 5808 0048 | 83c0 3848 | 8945 d848 | 8b45 d848 | 85c0 0f84 | 3501 0000 | 8078 c80b | 0f85 2b01 
  0x000002148754b1a0: 0000 4883 | c008 4c8b | 68f8 4183 | ed00 4183 | fd02 0f8c | 0a01 0000 | 4c8b 6b08 | 450f b76d 
  0x000002148754b1c0: 2c4c 2b28 | 4183 ed01 | 4e8b 6cec | 084d 85ed | 7507 4883 | 4808 01eb | 5345 8b6d | 0849 ba00 
  0x000002148754b1e0: 0000 0008 | 0000 004d | 03ea 4c33 | 6808 49f7 | c5fc ffff | ff74 3549 | f7c5 0200 | 0000 752c 
  0x000002148754b200: 4881 7808 | 0000 0000 | 741e 4881 | 7808 0100 | 0000 7414 | 4c33 6808 | 49f7 c5fc | ffff ff74 
  0x000002148754b220: 0b48 8348 | 0802 eb04 | 4c89 6808 | 4883 c010 | 4c8b 68e8 | 4183 ed02 | 4183 fd02 | 0f8c 8000 
  0x000002148754b240: 0000 4c8b | 6b08 450f | b76d 2c4c | 2b28 4183 | ed01 4e8b | 6cec 084d | 85ed 7507 | 4883 4808 
  0x000002148754b260: 01eb 5345 | 8b6d 0849 | ba00 0000 | 0008 0000 | 004d 03ea | 4c33 6808 | 49f7 c5fc | ffff ff74 
  0x000002148754b280: 3549 f7c5 | 0200 0000 | 752c 4881 | 7808 0000 | 0000 741e | 4881 7808 | 0100 0000 | 7414 4c33 
  0x000002148754b2a0: 6808 49f7 | c5fc ffff | ff74 0b48 | 8348 0802 | eb04 4c89 | 6808 4883 | c010 4c8b | 68d8 4183 
  0x000002148754b2c0: ed04 41c1 | e503 4903 | c548 8945 | d84c 8d6c | 2408 4c89 | 6df0 ff63 | 508b 4108 | 49ba 0000 
  0x000002148754b2e0: 0000 0800 | 0000 4903 | c24c 8b75 | d84d 85f6 | 0f84 9500 | 0000 498b | 5618 483b | d00f 850f 
  0x000002148754b300: 0000 0049 | 8346 2001 | 4983 5e20 | 00e9 7100 | 0000 4885 | d20f 8442 | 0000 0049 | 8b56 2848 
  0x000002148754b320: 3bd0 0f85 | 0f00 0000 | 4983 4630 | 0149 835e | 3000 e94c | 0000 0048 | 85d2 740f | 4983 4608 
  0x000002148754b340: 0149 835e | 0800 e938 | 0000 0049 | 8946 28ba | 0100 0000 | 4989 5630 | e926 0000 | 0049 3b46 
  0x000002148754b360: 280f 850f | 0000 0049 | 8346 3001 | 4983 5e30 | 00e9 0d00 | 0000 4989 | 4618 ba01 | 0000 0049 
  0x000002148754b380: 8956 2049 | 83c6 384c | 8975 d848 | 8b9c d8c8 | 0100 0048 | 8b55 d848 | 85d2 0f84 | 3501 0000 
  0x000002148754b3a0: 807a c80b | 0f85 2b01 | 0000 4883 | c208 4c8b | 6af8 4183 | ed00 4183 | fd02 0f8c | 0a01 0000 
  0x000002148754b3c0: 4c8b 6b08 | 450f b76d | 2c4c 2b2a | 4183 ed01 | 4e8b 6cec | 084d 85ed | 7507 4883 | 4a08 01eb 
  0x000002148754b3e0: 5345 8b6d | 0849 ba00 | 0000 0008 | 0000 004d | 03ea 4c33 | 6a08 49f7 | c5fc ffff | ff74 3549 
  0x000002148754b400: f7c5 0200 | 0000 752c | 4881 7a08 | 0000 0000 | 741e 4881 | 7a08 0100 | 0000 7414 | 4c33 6a08 
  0x000002148754b420: 49f7 c5fc | ffff ff74 | 0b48 834a | 0802 eb04 | 4c89 6a08 | 4883 c210 | 4c8b 6ae8 | 4183 ed02 
  0x000002148754b440: 4183 fd02 | 0f8c 8000 | 0000 4c8b | 6b08 450f | b76d 2c4c | 2b2a 4183 | ed01 4e8b | 6cec 084d 
  0x000002148754b460: 85ed 7507 | 4883 4a08 | 01eb 5345 | 8b6d 0849 | ba00 0000 | 0008 0000 | 004d 03ea | 4c33 6a08 
  0x000002148754b480: 49f7 c5fc | ffff ff74 | 3549 f7c5 | 0200 0000 | 752c 4881 | 7a08 0000 | 0000 741e | 4881 7a08 
  0x000002148754b4a0: 0100 0000 | 7414 4c33 | 6a08 49f7 | c5fc ffff | ff74 0b48 | 834a 0802 | eb04 4c89 | 6a08 4883 
  0x000002148754b4c0: c210 4c8b | 6ad8 4183 | ed04 41c1 | e503 4903 | d548 8955 | d84c 8d6c | 2408 4c89 | 6df0 ff63 
  0x000002148754b4e0: 500f 1f80 | 0000 0000 | 0000 0000 | 0000 0000 | 0000 0000 | 0000 0000 | 0000 0000 | 0000 0000 
[/MachCode]

---------------  P R O C E S S  ---------------

Threads class SMR info:
_java_thread_list=0x00000214a12cccb0, length=27, elements={
0x0000021498a30b60, 0x0000021498a31420, 0x0000021498a94810, 0x0000021498a976f0,
0x0000021498a9bad0, 0x0000021498a98ab0, 0x0000021498aab790, 0x0000021498aae850,
0x0000021498ab7920, 0x0000021498a98f80, 0x0000021498a99920, 0x0000021498a9b130,
0x00000214a0d20580, 0x00000214a0d27430, 0x00000214a0d25c20, 0x00000214a0d26f60,
0x00000214a0d25280, 0x00000214a0d21d90, 0x00000214a0d23f40, 0x00000214a0d235a0,
0x00000214a0d218c0, 0x00000214a0d20f20, 0x00000214a0d23a70, 0x00000214a0d27900,
0x00000214a0d22260, 0x00000214a0d213f0, 0x00000214a0d265c0
}

Java Threads: ( => current thread )
  0x0000021498a30b60 JavaThread "Reference Handler" daemon [_thread_blocked, id=29712, stack(0x0000006100800000,0x0000006100900000)]
  0x0000021498a31420 JavaThread "Finalizer" daemon [_thread_blocked, id=37128, stack(0x0000006100900000,0x0000006100a00000)]
  0x0000021498a94810 JavaThread "Signal Dispatcher" daemon [_thread_blocked, id=32304, stack(0x0000006100a00000,0x0000006100b00000)]
  0x0000021498a976f0 JavaThread "Attach Listener" daemon [_thread_blocked, id=32396, stack(0x0000006100b00000,0x0000006100c00000)]
  0x0000021498a9bad0 JavaThread "Service Thread" daemon [_thread_blocked, id=28320, stack(0x0000006100c00000,0x0000006100d00000)]
  0x0000021498a98ab0 JavaThread "Monitor Deflation Thread" daemon [_thread_blocked, id=21804, stack(0x0000006100d00000,0x0000006100e00000)]
  0x0000021498aab790 JavaThread "C2 CompilerThread0" daemon [_thread_blocked, id=29848, stack(0x0000006100e00000,0x0000006100f00000)]
  0x0000021498aae850 JavaThread "C1 CompilerThread0" daemon [_thread_blocked, id=8820, stack(0x0000006100f00000,0x0000006101000000)]
  0x0000021498ab7920 JavaThread "Sweeper thread" daemon [_thread_blocked, id=27480, stack(0x0000006101000000,0x0000006101100000)]
  0x0000021498a98f80 JavaThread "Notification Thread" daemon [_thread_blocked, id=33896, stack(0x0000006101100000,0x0000006101200000)]
  0x0000021498a99920 JavaThread "Common-Cleaner" daemon [_thread_blocked, id=37940, stack(0x0000006101300000,0x0000006101400000)]
  0x0000021498a9b130 JavaThread "Catalina-utility-1" [_thread_blocked, id=49220, stack(0x0000006101a00000,0x0000006101b00000)]
  0x00000214a0d20580 JavaThread "Catalina-utility-2" [_thread_blocked, id=41580, stack(0x0000006101f00000,0x0000006102000000)]
  0x00000214a0d27430 JavaThread "container-0" [_thread_blocked, id=49516, stack(0x0000006102000000,0x0000006102100000)]
  0x00000214a0d25c20 JavaThread "http-nio-8080-exec-1" daemon [_thread_blocked, id=52156, stack(0x0000006102100000,0x0000006102200000)]
  0x00000214a0d26f60 JavaThread "http-nio-8080-exec-2" daemon [_thread_blocked, id=54624, stack(0x0000006102200000,0x0000006102300000)]
  0x00000214a0d25280 JavaThread "http-nio-8080-exec-3" daemon [_thread_blocked, id=55476, stack(0x0000006102300000,0x0000006102400000)]
  0x00000214a0d21d90 JavaThread "http-nio-8080-exec-4" daemon [_thread_blocked, id=37504, stack(0x0000006102400000,0x0000006102500000)]
  0x00000214a0d23f40 JavaThread "http-nio-8080-exec-5" daemon [_thread_blocked, id=55984, stack(0x0000006102500000,0x0000006102600000)]
  0x00000214a0d235a0 JavaThread "http-nio-8080-exec-6" daemon [_thread_blocked, id=13752, stack(0x0000006102600000,0x0000006102700000)]
  0x00000214a0d218c0 JavaThread "http-nio-8080-exec-7" daemon [_thread_blocked, id=55440, stack(0x0000006102700000,0x0000006102800000)]
=>0x00000214a0d20f20 JavaThread "http-nio-8080-exec-8" daemon [_thread_in_Java, id=45232, stack(0x0000006102800000,0x0000006102900000)]
  0x00000214a0d23a70 JavaThread "http-nio-8080-exec-9" daemon [_thread_blocked, id=54776, stack(0x0000006102900000,0x0000006102a00000)]
  0x00000214a0d27900 JavaThread "http-nio-8080-exec-10" daemon [_thread_blocked, id=55612, stack(0x0000006102a00000,0x0000006102b00000)]
  0x00000214a0d22260 JavaThread "http-nio-8080-Poller" daemon [_thread_in_native, id=55548, stack(0x0000006102b00000,0x0000006102c00000)]
  0x00000214a0d213f0 JavaThread "http-nio-8080-Acceptor" daemon [_thread_in_native, id=55544, stack(0x0000006102c00000,0x0000006102d00000)]
  0x00000214a0d265c0 JavaThread "DestroyJavaVM" [_thread_blocked, id=47356, stack(0x0000006100100000,0x0000006100200000)]

Other Threads:
  0x0000021498a544a0 VMThread "VM Thread" [stack: 0x0000006100700000,0x0000006100800000] [id=37412]
  0x00000214f84ac830 WatcherThread [stack: 0x0000006101200000,0x0000006101300000] [id=48208]
  0x00000214f8493bf0 GCTaskThread "GC Thread#0" [stack: 0x0000006100200000,0x0000006100300000] [id=36016]
  0x000002149da7d050 GCTaskThread "GC Thread#1" [stack: 0x0000006101600000,0x0000006101700000] [id=51960]
  0x000002149d835c80 GCTaskThread "GC Thread#2" [stack: 0x0000006101700000,0x0000006101800000] [id=37340]
  0x000002149d97f400 GCTaskThread "GC Thread#3" [stack: 0x0000006101800000,0x0000006101900000] [id=49300]
  0x000002149db15710 GCTaskThread "GC Thread#4" [stack: 0x0000006101900000,0x0000006101a00000] [id=56280]
  0x000002149eba4460 GCTaskThread "GC Thread#5" [stack: 0x0000006101b00000,0x0000006101c00000] [id=48316]
  0x000002149eaadd50 GCTaskThread "GC Thread#6" [stack: 0x0000006101c00000,0x0000006101d00000] [id=4084]
  0x000002149e1f9100 GCTaskThread "GC Thread#7" [stack: 0x0000006101d00000,0x0000006101e00000] [id=41760]
  0x00000214f84a4260 ConcurrentGCThread "G1 Main Marker" [stack: 0x0000006100300000,0x0000006100400000] [id=38984]
  0x00000214f84a4cf0 ConcurrentGCThread "G1 Conc#0" [stack: 0x0000006100400000,0x0000006100500000] [id=39912]
  0x000002149e81c850 ConcurrentGCThread "G1 Conc#1" [stack: 0x0000006101e00000,0x0000006101f00000] [id=25496]
  0x00000214ff97a0f0 ConcurrentGCThread "G1 Refine#0" [stack: 0x0000006100500000,0x0000006100600000] [id=34340]
  0x00000214ff97a7c0 ConcurrentGCThread "G1 Service" [stack: 0x0000006100600000,0x0000006100700000] [id=41256]

Threads with active compile tasks:

VM state: not at safepoint (normal execution)

VM Mutex/Monitor currently owned by a thread: None

Heap address: 0x0000000712c00000, size: 3796 MB, Compressed Oops mode: Zero based, Oop shift amount: 3

CDS archive(s) not mapped
Compressed class space mapped at: 0x0000000800000000-0x0000000840000000, reserved size: 1073741824
Narrow klass base: 0x0000000800000000, Narrow klass shift: 0, Narrow klass range: 0x40000000

GC Precious Log:
 CPUs: 8 total, 8 available
 Memory: 15178M
 Large Page Support: Disabled
 NUMA Support: Disabled
 Compressed Oops: Enabled (Zero based)
 Heap Region Size: 2M
 Heap Min Capacity: 8M
 Heap Initial Capacity: 238M
 Heap Max Capacity: 3796M
 Pre-touch: Disabled
 Parallel Workers: 8
 Concurrent Workers: 2
 Concurrent Refinement Workers: 8
 Periodic GC: Disabled

Heap:
 garbage-first heap   total 61440K, used 40219K [0x0000000712c00000, 0x0000000800000000)
  region size 2048K, 11 young (22528K), 1 survivors (2048K)
 Metaspace       used 54391K, committed 54912K, reserved 1114112K
  class space    used 6060K, committed 6272K, reserved 1048576K

Heap Regions: E=young(eden), S=young(survivor), O=old, HS=humongous(starts), HC=humongous(continues), CS=collection set, F=free, OA=open archive, CA=closed archive, TAMS=top-at-mark-start (previous, next)
|   0|0x0000000712c00000, 0x0000000712e00000, 0x0000000712e00000|100%| O|  |TAMS 0x0000000712e00000, 0x0000000712c00000| Untracked 
|   1|0x0000000712e00000, 0x0000000713000000, 0x0000000713000000|100%| O|  |TAMS 0x0000000713000000, 0x0000000712e00000| Untracked 
|   2|0x0000000713000000, 0x00000007130cd400, 0x0000000713200000| 40%| O|  |TAMS 0x00000007130cd400, 0x0000000713000000| Untracked 
|   3|0x0000000713200000, 0x0000000713400000, 0x0000000713400000|100%| O|  |TAMS 0x0000000713400000, 0x0000000713200000| Untracked 
|   4|0x0000000713400000, 0x0000000713600000, 0x0000000713600000|100%| O|  |TAMS 0x0000000713600000, 0x0000000713400000| Untracked 
|   5|0x0000000713600000, 0x0000000713800000, 0x0000000713800000|100%| O|  |TAMS 0x0000000713600000, 0x0000000713600000| Untracked 
|   6|0x0000000713800000, 0x0000000713a00000, 0x0000000713a00000|100%| O|  |TAMS 0x0000000713800000, 0x0000000713800000| Untracked 
|   7|0x0000000713a00000, 0x0000000713c00000, 0x0000000713c00000|100%| O|  |TAMS 0x0000000713a00000, 0x0000000713a00000| Untracked 
|   8|0x0000000713c00000, 0x0000000713e00000, 0x0000000713e00000|100%| O|  |TAMS 0x0000000713e00000, 0x0000000713c00000| Untracked 
|   9|0x0000000713e00000, 0x0000000713ee6200, 0x0000000714000000| 44%| O|  |TAMS 0x0000000713e00000, 0x0000000713e00000| Untracked 
|  10|0x0000000714000000, 0x0000000714000000, 0x0000000714200000|  0%| F|  |TAMS 0x0000000714000000, 0x0000000714000000| Untracked 
|  11|0x0000000714200000, 0x0000000714200000, 0x0000000714400000|  0%| F|  |TAMS 0x0000000714200000, 0x0000000714200000| Untracked 
|  12|0x0000000714400000, 0x0000000714600000, 0x0000000714600000|100%| O|  |TAMS 0x0000000714400000, 0x0000000714400000| Untracked 
|  13|0x0000000714600000, 0x0000000714600000, 0x0000000714800000|  0%| F|  |TAMS 0x0000000714600000, 0x0000000714600000| Untracked 
|  14|0x0000000714800000, 0x0000000714800000, 0x0000000714a00000|  0%| F|  |TAMS 0x0000000714800000, 0x0000000714800000| Untracked 
|  15|0x0000000714a00000, 0x0000000714a00000, 0x0000000714c00000|  0%| F|  |TAMS 0x0000000714a00000, 0x0000000714a00000| Untracked 
|  16|0x0000000714c00000, 0x0000000714c00000, 0x0000000714e00000|  0%| F|  |TAMS 0x0000000714c00000, 0x0000000714c00000| Untracked 
|  17|0x0000000714e00000, 0x0000000714e00000, 0x0000000715000000|  0%| F|  |TAMS 0x0000000714e00000, 0x0000000714e00000| Untracked 
|  18|0x0000000715000000, 0x0000000715193938, 0x0000000715200000| 78%| S|CS|TAMS 0x0000000715000000, 0x0000000715000000| Complete 
|  19|0x0000000715200000, 0x0000000715200000, 0x0000000715400000|  0%| F|  |TAMS 0x0000000715200000, 0x0000000715200000| Untracked 
|  20|0x0000000715400000, 0x000000071544c6a0, 0x0000000715600000| 14%| E|  |TAMS 0x0000000715400000, 0x0000000715400000| Complete 
|  21|0x0000000715600000, 0x0000000715800000, 0x0000000715800000|100%| E|CS|TAMS 0x0000000715600000, 0x0000000715600000| Complete 
|  22|0x0000000715800000, 0x0000000715a00000, 0x0000000715a00000|100%| E|CS|TAMS 0x0000000715800000, 0x0000000715800000| Complete 
|  23|0x0000000715a00000, 0x0000000715c00000, 0x0000000715c00000|100%| E|CS|TAMS 0x0000000715a00000, 0x0000000715a00000| Complete 
|  24|0x0000000715c00000, 0x0000000715e00000, 0x0000000715e00000|100%| E|CS|TAMS 0x0000000715c00000, 0x0000000715c00000| Complete 
|  25|0x0000000715e00000, 0x0000000716000000, 0x0000000716000000|100%| E|CS|TAMS 0x0000000715e00000, 0x0000000715e00000| Complete 
|  26|0x0000000716000000, 0x0000000716200000, 0x0000000716200000|100%| E|CS|TAMS 0x0000000716000000, 0x0000000716000000| Complete 
|  64|0x000000071ac00000, 0x000000071ae00000, 0x000000071ae00000|100%| E|CS|TAMS 0x000000071ac00000, 0x000000071ac00000| Complete 
|  65|0x000000071ae00000, 0x000000071b000000, 0x000000071b000000|100%| E|CS|TAMS 0x000000071ae00000, 0x000000071ae00000| Complete 
| 118|0x0000000721800000, 0x0000000721a00000, 0x0000000721a00000|100%| E|CS|TAMS 0x0000000721800000, 0x0000000721800000| Complete 

Card table byte_map: [0x00000214fe840000,0x00000214fefb0000] _byte_map_base: 0x00000214fafaa000

Marking Bits (Prev, Next): (CMBitMap*) 0x00000214f8493eb0, (CMBitMap*) 0x00000214f8493ef0
 Prev Bits: [0x000002148f000000, 0x0000021492b50000)
 Next Bits: [0x0000021492b50000, 0x00000214966a0000)

Polling page: 0x00000214f84b0000

Metaspace:

Usage:
  Non-class:     47.20 MB used.
      Class:      5.92 MB used.
       Both:     53.12 MB used.

Virtual space:
  Non-class space:       64.00 MB reserved,      47.50 MB ( 74%) committed,  1 nodes.
      Class space:        1.00 GB reserved,       6.12 MB ( <1%) committed,  1 nodes.
             Both:        1.06 GB reserved,      53.62 MB (  5%) committed. 

Chunk freelists:
   Non-Class:  15.98 MB
       Class:  9.88 MB
        Both:  25.86 MB

MaxMetaspaceSize: unlimited
CompressedClassSpaceSize: 1.00 GB
Initial GC threshold: 21.00 MB
Current GC threshold: 58.69 MB
CDS: off
MetaspaceReclaimPolicy: balanced
 - commit_granule_bytes: 65536.
 - commit_granule_words: 8192.
 - virtual_space_node_default_size: 8388608.
 - enlarge_chunks_in_place: 1.
 - new_chunks_are_fully_committed: 0.
 - uncommit_free_chunks: 1.
 - use_allocation_guard: 0.
 - handle_deallocations: 1.


Internal statistics:

num_allocs_failed_limit: 8.
num_arena_births: 662.
num_arena_deaths: 0.
num_vsnodes_births: 2.
num_vsnodes_deaths: 0.
num_space_committed: 858.
num_space_uncommitted: 0.
num_chunks_returned_to_freelist: 8.
num_chunks_taken_from_freelist: 2250.
num_chunk_merges: 5.
num_chunk_splits: 1543.
num_chunks_enlarged: 1134.
num_inconsistent_stats: 0.

CodeHeap 'non-profiled nmethods': size=120000Kb used=2980Kb max_used=3171Kb free=117019Kb
 bounds [0x0000021487ad0000, 0x0000021487df0000, 0x000002148f000000]
CodeHeap 'profiled nmethods': size=120000Kb used=10019Kb max_used=10019Kb free=109980Kb
 bounds [0x0000021480000000, 0x0000021480a10000, 0x0000021487530000]
CodeHeap 'non-nmethods': size=5760Kb used=1293Kb max_used=1320Kb free=4466Kb
 bounds [0x0000021487530000, 0x00000214877a0000, 0x0000021487ad0000]
 total_blobs=5145 nmethods=4537 adapters=520
 compilation: enabled
              stopped_count=0, restarted_count=0
 full_count=0

Compilation events (20 events):
Event: 569.912 Thread 0x0000021498aae850 5258       3       java.lang.AbstractStringBuilder::putStringAt (12 bytes)
Event: 569.912 Thread 0x0000021498aae850 nmethod 5258 0x00000214807bfd10 code [0x00000214807bfec0, 0x00000214807c0128]
Event: 569.921 Thread 0x0000021498aab790 5259       4       java.util.ArrayDeque::add (7 bytes)
Event: 569.922 Thread 0x0000021498aae850 5260       3       org.springframework.core.convert.support.GenericConversionService$Converters::getRegisteredConverter (93 bytes)
Event: 569.922 Thread 0x0000021498aab790 nmethod 5259 0x0000021487d2f910 code [0x0000021487d2faa0, 0x0000021487d2fce8]
Event: 569.923 Thread 0x0000021498aae850 nmethod 5260 0x00000214807bed10 code [0x00000214807bef60, 0x00000214807bf9d8]
Event: 569.923 Thread 0x0000021498aae850 5262       3       org.springframework.core.env.AbstractPropertyResolver::resolveRequiredPlaceholders (26 bytes)
Event: 569.923 Thread 0x0000021498aae850 nmethod 5262 0x0000021480040e90 code [0x00000214800410e0, 0x0000021480041a18]
Event: 569.923 Thread 0x0000021498aae850 5261       3       java.util.concurrent.CopyOnWriteArraySet::iterator (8 bytes)
Event: 569.923 Thread 0x0000021498aae850 nmethod 5261 0x00000214807be690 code [0x00000214807be840, 0x00000214807bebd8]
Event: 569.925 Thread 0x0000021498aae850 5263       3       org.springframework.http.MediaType::getQualityValue (24 bytes)
Event: 569.925 Thread 0x0000021498aae850 nmethod 5263 0x0000021480040090 code [0x00000214800402e0, 0x0000021480040ba8]
Event: 569.926 Thread 0x0000021498aae850 5266       3       java.util.HashSet::iterator (13 bytes)
Event: 569.926 Thread 0x0000021498aae850 nmethod 5266 0x00000214807be010 code [0x00000214807be1c0, 0x00000214807be478]
Event: 569.926 Thread 0x0000021498aae850 5264       3       org.springframework.util.MimeType::getParameter (14 bytes)
Event: 569.926 Thread 0x0000021498aae850 nmethod 5264 0x000002148003fb10 code [0x000002148003fcc0, 0x000002148003ffa8]
Event: 569.926 Thread 0x0000021498aae850 5265       3       org.springframework.util.MimeType::isWildcardType (10 bytes)
Event: 569.926 Thread 0x0000021498aae850 nmethod 5265 0x000002148003f690 code [0x000002148003f840, 0x000002148003fa28]
Event: 569.926 Thread 0x0000021498aae850 5267       1       org.apache.catalina.connector.Connector::getEncodedSolidusHandlingInternal (5 bytes)
Event: 569.926 Thread 0x0000021498aae850 nmethod 5267 0x0000021487d2f510 code [0x0000021487d2f6a0, 0x0000021487d2f778]

GC Heap History (20 events):
Event: 1.339 GC heap before
{Heap before GC invocations=2 (full 0):
 garbage-first heap   total 243712K, used 11698K [0x0000000712c00000, 0x0000000800000000)
  region size 2048K, 5 young (10240K), 2 survivors (4096K)
 Metaspace       used 21314K, committed 21504K, reserved 1114112K
  class space    used 2325K, committed 2432K, reserved 1048576K
}
Event: 1.341 GC heap after
{Heap after GC invocations=3 (full 0):
 garbage-first heap   total 243712K, used 7740K [0x0000000712c00000, 0x0000000800000000)
  region size 2048K, 2 young (4096K), 2 survivors (4096K)
 Metaspace       used 21314K, committed 21504K, reserved 1114112K
  class space    used 2325K, committed 2432K, reserved 1048576K
}
Event: 1.617 GC heap before
{Heap before GC invocations=4 (full 0):
 garbage-first heap   total 40960K, used 26172K [0x0000000712c00000, 0x0000000800000000)
  region size 2048K, 12 young (24576K), 2 survivors (4096K)
 Metaspace       used 25414K, committed 25664K, reserved 1114112K
  class space    used 2879K, committed 3008K, reserved 1048576K
}
Event: 1.621 GC heap after
{Heap after GC invocations=5 (full 0):
 garbage-first heap   total 40960K, used 9878K [0x0000000712c00000, 0x0000000800000000)
  region size 2048K, 3 young (6144K), 3 survivors (6144K)
 Metaspace       used 25414K, committed 25664K, reserved 1114112K
  class space    used 2879K, committed 3008K, reserved 1048576K
}
Event: 1.664 GC heap before
{Heap before GC invocations=5 (full 0):
 garbage-first heap   total 40960K, used 11926K [0x0000000712c00000, 0x0000000800000000)
  region size 2048K, 4 young (8192K), 3 survivors (6144K)
 Metaspace       used 25684K, committed 25984K, reserved 1114112K
  class space    used 2916K, committed 3008K, reserved 1048576K
}
Event: 1.669 GC heap after
{Heap after GC invocations=6 (full 0):
 garbage-first heap   total 40960K, used 10460K [0x0000000712c00000, 0x0000000800000000)
  region size 2048K, 1 young (2048K), 1 survivors (2048K)
 Metaspace       used 25684K, committed 25984K, reserved 1114112K
  class space    used 2916K, committed 3008K, reserved 1048576K
}
Event: 2.058 GC heap before
{Heap before GC invocations=6 (full 0):
 garbage-first heap   total 40960K, used 26844K [0x0000000712c00000, 0x0000000800000000)
  region size 2048K, 9 young (18432K), 1 survivors (2048K)
 Metaspace       used 27636K, committed 27904K, reserved 1114112K
  class space    used 3129K, committed 3264K, reserved 1048576K
}
Event: 2.062 GC heap after
{Heap after GC invocations=7 (full 0):
 garbage-first heap   total 40960K, used 11185K [0x0000000712c00000, 0x0000000800000000)
  region size 2048K, 1 young (2048K), 1 survivors (2048K)
 Metaspace       used 27636K, committed 27904K, reserved 1114112K
  class space    used 3129K, committed 3264K, reserved 1048576K
}
Event: 2.586 GC heap before
{Heap before GC invocations=7 (full 0):
 garbage-first heap   total 40960K, used 27569K [0x0000000712c00000, 0x0000000800000000)
  region size 2048K, 9 young (18432K), 1 survivors (2048K)
 Metaspace       used 30213K, committed 30528K, reserved 1114112K
  class space    used 3476K, committed 3648K, reserved 1048576K
}
Event: 2.593 GC heap after
{Heap after GC invocations=8 (full 0):
 garbage-first heap   total 40960K, used 12715K [0x0000000712c00000, 0x0000000800000000)
  region size 2048K, 2 young (4096K), 2 survivors (4096K)
 Metaspace       used 30213K, committed 30528K, reserved 1114112K
  class space    used 3476K, committed 3648K, reserved 1048576K
}
Event: 3.062 GC heap before
{Heap before GC invocations=8 (full 0):
 garbage-first heap   total 40960K, used 29099K [0x0000000712c00000, 0x0000000800000000)
  region size 2048K, 10 young (20480K), 2 survivors (4096K)
 Metaspace       used 33885K, committed 34240K, reserved 1114112K
  class space    used 3929K, committed 4096K, reserved 1048576K
}
Event: 3.069 GC heap after
{Heap after GC invocations=9 (full 0):
 garbage-first heap   total 143360K, used 14509K [0x0000000712c00000, 0x0000000800000000)
  region size 2048K, 2 young (4096K), 2 survivors (4096K)
 Metaspace       used 33885K, committed 34240K, reserved 1114112K
  class space    used 3929K, committed 4096K, reserved 1048576K
}
Event: 3.230 GC heap before
{Heap before GC invocations=9 (full 0):
 garbage-first heap   total 143360K, used 20653K [0x0000000712c00000, 0x0000000800000000)
  region size 2048K, 6 young (12288K), 2 survivors (4096K)
 Metaspace       used 35641K, committed 35968K, reserved 1114112K
  class space    used 4112K, committed 4288K, reserved 1048576K
}
Event: 3.235 GC heap after
{Heap after GC invocations=10 (full 0):
 garbage-first heap   total 143360K, used 15157K [0x0000000712c00000, 0x0000000800000000)
  region size 2048K, 2 young (4096K), 2 survivors (4096K)
 Metaspace       used 35641K, committed 35968K, reserved 1114112K
  class space    used 4112K, committed 4288K, reserved 1048576K
}
Event: 3.991 GC heap before
{Heap before GC invocations=11 (full 0):
 garbage-first heap   total 61440K, used 47925K [0x0000000712c00000, 0x0000000800000000)
  region size 2048K, 18 young (36864K), 2 survivors (4096K)
 Metaspace       used 40808K, committed 41216K, reserved 1114112K
  class space    used 4736K, committed 4928K, reserved 1048576K
}
Event: 3.997 GC heap after
{Heap after GC invocations=12 (full 0):
 garbage-first heap   total 61440K, used 17988K [0x0000000712c00000, 0x0000000800000000)
  region size 2048K, 3 young (6144K), 3 survivors (6144K)
 Metaspace       used 40808K, committed 41216K, reserved 1114112K
  class space    used 4736K, committed 4928K, reserved 1048576K
}
Event: 32.788 GC heap before
{Heap before GC invocations=12 (full 0):
 garbage-first heap   total 61440K, used 42564K [0x0000000712c00000, 0x0000000800000000)
  region size 2048K, 16 young (32768K), 3 survivors (6144K)
 Metaspace       used 46322K, committed 46784K, reserved 1114112K
  class space    used 5393K, committed 5632K, reserved 1048576K
}
Event: 32.797 GC heap after
{Heap after GC invocations=13 (full 0):
 garbage-first heap   total 61440K, used 20601K [0x0000000712c00000, 0x0000000800000000)
  region size 2048K, 2 young (4096K), 2 survivors (4096K)
 Metaspace       used 46322K, committed 46784K, reserved 1114112K
  class space    used 5393K, committed 5632K, reserved 1048576K
}
Event: 33.299 GC heap before
{Heap before GC invocations=13 (full 0):
 garbage-first heap   total 61440K, used 41081K [0x0000000712c00000, 0x0000000800000000)
  region size 2048K, 13 young (26624K), 2 survivors (4096K)
 Metaspace       used 50864K, committed 51392K, reserved 1114112K
  class space    used 5766K, committed 6016K, reserved 1048576K
}
Event: 33.302 GC heap after
{Heap after GC invocations=14 (full 0):
 garbage-first heap   total 61440K, used 21787K [0x0000000712c00000, 0x0000000800000000)
  region size 2048K, 1 young (2048K), 1 survivors (2048K)
 Metaspace       used 50864K, committed 51392K, reserved 1114112K
  class space    used 5766K, committed 6016K, reserved 1048576K
}

Dll operation events (8 events):
Event: 0.012 Loaded shared library C:\Users\marco.cerrato\.p2\pool\plugins\org.eclipse.justj.openjdk.hotspot.jre.full.win32.x86_64_17.0.7.v20230425-1502\jre\bin\java.dll
Event: 0.106 Loaded shared library C:\Users\marco.cerrato\.p2\pool\plugins\org.eclipse.justj.openjdk.hotspot.jre.full.win32.x86_64_17.0.7.v20230425-1502\jre\bin\jimage.dll
Event: 0.118 Loaded shared library C:\Users\marco.cerrato\.p2\pool\plugins\org.eclipse.justj.openjdk.hotspot.jre.full.win32.x86_64_17.0.7.v20230425-1502\jre\bin\net.dll
Event: 0.119 Loaded shared library C:\Users\marco.cerrato\.p2\pool\plugins\org.eclipse.justj.openjdk.hotspot.jre.full.win32.x86_64_17.0.7.v20230425-1502\jre\bin\nio.dll
Event: 0.123 Loaded shared library C:\Users\marco.cerrato\.p2\pool\plugins\org.eclipse.justj.openjdk.hotspot.jre.full.win32.x86_64_17.0.7.v20230425-1502\jre\bin\zip.dll
Event: 1.612 Loaded shared library C:\Users\marco.cerrato\.p2\pool\plugins\org.eclipse.justj.openjdk.hotspot.jre.full.win32.x86_64_17.0.7.v20230425-1502\jre\bin\sunmscapi.dll
Event: 3.005 Loaded shared library C:\Users\marco.cerrato\.p2\pool\plugins\org.eclipse.justj.openjdk.hotspot.jre.full.win32.x86_64_17.0.7.v20230425-1502\jre\bin\management.dll
Event: 3.008 Loaded shared library C:\Users\marco.cerrato\.p2\pool\plugins\org.eclipse.justj.openjdk.hotspot.jre.full.win32.x86_64_17.0.7.v20230425-1502\jre\bin\management_ext.dll

Deoptimization events (20 events):
Event: 172.566 Thread 0x00000214a0d235a0 Uncommon trap: trap_request=0xffffff45 fr.pc=0x0000021487b588a0 relative=0x0000000000000380
Event: 172.566 Thread 0x00000214a0d235a0 Uncommon trap: reason=unstable_if action=reinterpret pc=0x0000021487b588a0 method=java.lang.AbstractStringBuilder.isLatin1()Z @ 10 c2
Event: 172.566 Thread 0x00000214a0d235a0 DEOPT PACKING pc=0x0000021487b588a0 sp=0x00000061026fead0
Event: 172.566 Thread 0x00000214a0d235a0 DEOPT UNPACKING pc=0x00000214875869a3 sp=0x00000061026fea60 mode 2
Event: 172.566 Thread 0x00000214a0d235a0 Uncommon trap: trap_request=0xffffff45 fr.pc=0x0000021487b0a544 relative=0x0000000000000504
Event: 172.566 Thread 0x00000214a0d235a0 Uncommon trap: reason=unstable_if action=reinterpret pc=0x0000021487b0a544 method=java.lang.AbstractStringBuilder.putStringAt(ILjava/lang/String;II)V @ 8 c2
Event: 172.566 Thread 0x00000214a0d235a0 DEOPT PACKING pc=0x0000021487b0a544 sp=0x00000061026feab0
Event: 172.566 Thread 0x00000214a0d235a0 DEOPT UNPACKING pc=0x00000214875869a3 sp=0x00000061026fe9d0 mode 2
Event: 172.566 Thread 0x00000214a0d235a0 Uncommon trap: trap_request=0xffffff45 fr.pc=0x0000021487b091c4 relative=0x0000000000000504
Event: 172.566 Thread 0x00000214a0d235a0 Uncommon trap: reason=unstable_if action=reinterpret pc=0x0000021487b091c4 method=java.lang.AbstractStringBuilder.putStringAt(ILjava/lang/String;II)V @ 8 c2
Event: 172.566 Thread 0x00000214a0d235a0 DEOPT PACKING pc=0x0000021487b091c4 sp=0x00000061026fece0
Event: 172.566 Thread 0x00000214a0d235a0 DEOPT UNPACKING pc=0x00000214875869a3 sp=0x00000061026feba8 mode 2
Event: 172.566 Thread 0x00000214a0d235a0 Uncommon trap: trap_request=0xffffff45 fr.pc=0x0000021487b09b8c relative=0x000000000000016c
Event: 172.566 Thread 0x00000214a0d235a0 Uncommon trap: reason=unstable_if action=reinterpret pc=0x0000021487b09b8c method=java.lang.AbstractStringBuilder.putStringAt(ILjava/lang/String;II)V @ 8 c2
Event: 172.566 Thread 0x00000214a0d235a0 DEOPT PACKING pc=0x0000021487b09b8c sp=0x00000061026fec30
Event: 172.566 Thread 0x00000214a0d235a0 DEOPT UNPACKING pc=0x00000214875869a3 sp=0x00000061026feba8 mode 2
Event: 172.566 Thread 0x00000214a0d235a0 Uncommon trap: trap_request=0xffffff45 fr.pc=0x0000021487bbaa30 relative=0x0000000000000290
Event: 172.566 Thread 0x00000214a0d235a0 Uncommon trap: reason=unstable_if action=reinterpret pc=0x0000021487bbaa30 method=java.lang.String.getChars(II[CI)V @ 23 c2
Event: 172.566 Thread 0x00000214a0d235a0 DEOPT PACKING pc=0x0000021487bbaa30 sp=0x00000061026fea80
Event: 172.566 Thread 0x00000214a0d235a0 DEOPT UNPACKING pc=0x00000214875869a3 sp=0x00000061026fea60 mode 2

Classes unloaded (0 events):
No events

Classes redefined (0 events):
No events

Internal exceptions (20 events):
Event: 3.695 Thread 0x00000214f8430a00 Exception <a 'java/lang/NoSuchMethodError'{0x0000000714f42be0}: 'int java.lang.invoke.Invokers$Holder.linkToTargetMethod(java.lang.Object, java.lang.Object)'> (0x0000000714f42be0) 
thrown [s\src\hotspot\share\interpreter\linkResolver.cpp, line 759]
Event: 3.712 Thread 0x00000214f8430a00 Exception <a 'java/lang/NoSuchMethodError'{0x0000000714febcb0}: 'java.lang.Object java.lang.invoke.DirectMethodHandle$Holder.invokeSpecial(java.lang.Object, java.lang.Object, java.lang.Object, java.lang.Object, java.lang.Object, java.lang.Object, java.lang.Object, java.lang.Object, java.lang.Object, java.lang.Object)'> (0x0000000714febcb0) 
thrown [s\src\hotspot\share\interpreter\linkResolver.cpp, line 759]
Event: 3.713 Thread 0x00000214f8430a00 Exception <a 'java/lang/NoSuchMethodError'{0x0000000714ff07e8}: 'java.lang.Object java.lang.invoke.Invokers$Holder.invoke_MT(java.lang.Object, java.lang.Object, java.lang.Object, java.lang.Object, java.lang.Object, java.lang.Object, java.lang.Object, java.lang.Object, java.lang.Object, java.lang.Object)'> (0x0000000714ff07e8) 
thrown [s\src\hotspot\share\interpreter\linkResolver.cpp, line 759]
Event: 3.720 Thread 0x00000214f8430a00 Exception <a 'java/lang/NoSuchMethodError'{0x0000000714c363a8}: 'java.lang.Object java.lang.invoke.DirectMethodHandle$Holder.invokeSpecial(java.lang.Object, java.lang.Object, int, java.lang.Object, java.lang.Object)'> (0x0000000714c363a8) 
thrown [s\src\hotspot\share\interpreter\linkResolver.cpp, line 759]
Event: 3.720 Thread 0x00000214f8430a00 Exception <a 'java/lang/NoSuchMethodError'{0x0000000714c3a2f8}: 'java.lang.Object java.lang.invoke.DelegatingMethodHandle$Holder.delegate(java.lang.Object, int, java.lang.Object, java.lang.Object)'> (0x0000000714c3a2f8) 
thrown [s\src\hotspot\share\interpreter\linkResolver.cpp, line 759]
Event: 3.722 Thread 0x00000214f8430a00 Exception <a 'java/lang/NoSuchMethodError'{0x0000000714c4b428}: 'int java.lang.invoke.Invokers$Holder.linkToTargetMethod(java.lang.Object, java.lang.Object, java.lang.Object)'> (0x0000000714c4b428) 
thrown [s\src\hotspot\share\interpreter\linkResolver.cpp, line 759]
Event: 3.984 Thread 0x00000214f8430a00 Exception <a 'sun/nio/fs/WindowsException'{0x00000007145bc670}> (0x00000007145bc670) 
thrown [s\src\hotspot\share\prims\jni.cpp, line 516]
Event: 4.032 Thread 0x00000214f8430a00 Exception <a 'java/lang/IncompatibleClassChangeError'{0x00000007219cee40}: Found class java.lang.Object, but interface was expected> (0x00000007219cee40) 
thrown [s\src\hotspot\share\interpreter\linkResolver.cpp, line 826]
Event: 4.077 Thread 0x00000214f8430a00 Exception <a 'java/lang/NoSuchMethodError'{0x000000071af7bd20}: 'void java.lang.invoke.DirectMethodHandle$Holder.invokeVirtual(java.lang.Object, java.lang.Object, long)'> (0x000000071af7bd20) 
thrown [s\src\hotspot\share\interpreter\linkResolver.cpp, line 759]
Event: 4.134 Thread 0x00000214f8430a00 Exception <a 'java/lang/NoSuchMethodError'{0x000000071606d8d8}: 'int java.lang.invoke.DirectMethodHandle$Holder.invokeStaticInit(java.lang.Object, java.lang.Object, java.lang.Object, java.lang.Object)'> (0x000000071606d8d8) 
thrown [s\src\hotspot\share\interpreter\linkResolver.cpp, line 759]
Event: 4.234 Thread 0x00000214f8430a00 Exception <a 'java/lang/IncompatibleClassChangeError'{0x0000000715fef880}: Found class java.lang.Object, but interface was expected> (0x0000000715fef880) 
thrown [s\src\hotspot\share\interpreter\linkResolver.cpp, line 826]
Event: 4.258 Thread 0x00000214f8430a00 Exception <a 'java/lang/NoSuchMethodError'{0x0000000715ce3a08}: 'java.lang.Object java.lang.invoke.DirectMethodHandle$Holder.newInvokeSpecial(java.lang.Object, java.lang.Object, int, java.lang.Object, java.lang.Object)'> (0x0000000715ce3a08) 
thrown [s\src\hotspot\share\interpreter\linkResolver.cpp, line 759]
Event: 32.431 Thread 0x00000214a0d213f0 Exception <a 'java/lang/NoSuchMethodError'{0x00000007158c23f0}: 'java.lang.Object java.lang.invoke.DirectMethodHandle$Holder.invokeStaticInit(java.lang.Object, java.lang.Object, java.lang.Object, int, int)'> (0x00000007158c23f0) 
thrown [s\src\hotspot\share\interpreter\linkResolver.cpp, line 759]
Event: 32.478 Thread 0x00000214a0d25c20 Exception <a 'java/lang/NoSuchMethodError'{0x0000000715640f60}: 'java.lang.Object java.lang.invoke.DirectMethodHandle$Holder.invokeSpecial(java.lang.Object, java.lang.Object, java.lang.Object, java.lang.Object, java.lang.Object, long)'> (0x0000000715640f60) 
thrown [s\src\hotspot\share\interpreter\linkResolver.cpp, line 759]
Event: 32.478 Thread 0x00000214a0d25c20 Exception <a 'java/lang/NoSuchMethodError'{0x00000007156449a0}: 'java.lang.Object java.lang.invoke.Invokers$Holder.linkToTargetMethod(java.lang.Object, java.lang.Object, java.lang.Object, long, java.lang.Object)'> (0x00000007156449a0) 
thrown [s\src\hotspot\share\interpreter\linkResolver.cpp, line 759]
Event: 32.516 Thread 0x00000214a0d25c20 Exception <a 'java/lang/NoSuchMethodError'{0x000000071577ec80}: getSession> (0x000000071577ec80) 
thrown [s\src\hotspot\share\prims\jni.cpp, line 1073]
Event: 32.551 Thread 0x00000214a0d25c20 Exception <a 'java/lang/NoSuchMethodError'{0x00000007154854d0}: 'java.lang.Object java.lang.invoke.DirectMethodHandle$Holder.invokeStatic(java.lang.Object, int, int)'> (0x00000007154854d0) 
thrown [s\src\hotspot\share\interpreter\linkResolver.cpp, line 759]
Event: 32.950 Thread 0x00000214a0d25c20 Implicit null exception at 0x0000021487be730c to 0x0000021487be7340
Event: 33.627 Thread 0x00000214a0d25c20 Exception <a 'java/lang/NoSuchMethodError'{0x000000071581a8c0}: 'int java.lang.invoke.DirectMethodHandle$Holder.invokeStatic(java.lang.Object, int, java.lang.Object)'> (0x000000071581a8c0) 
thrown [s\src\hotspot\share\interpreter\linkResolver.cpp, line 759]
Event: 33.668 Thread 0x00000214a0d25c20 Exception <a 'java/lang/NullPointerException'{0x00000007158acc78}> (0x00000007158acc78) 
thrown [s\src\hotspot\share\interpreter\linkResolver.cpp, line 1433]

VM Operations (20 events):
Event: 172.833 Executing VM operation: Cleanup
Event: 172.833 Executing VM operation: Cleanup done
Event: 194.009 Executing VM operation: Cleanup
Event: 194.009 Executing VM operation: Cleanup done
Event: 203.059 Executing VM operation: Cleanup
Event: 203.059 Executing VM operation: Cleanup done
Event: 234.339 Executing VM operation: Cleanup
Event: 234.339 Executing VM operation: Cleanup done
Event: 304.874 Executing VM operation: Cleanup
Event: 304.875 Executing VM operation: Cleanup done
Event: 313.943 Executing VM operation: Cleanup
Event: 313.944 Executing VM operation: Cleanup done
Event: 318.966 Executing VM operation: Cleanup
Event: 318.966 Executing VM operation: Cleanup done
Event: 534.512 Executing VM operation: Cleanup
Event: 534.512 Executing VM operation: Cleanup done
Event: 569.926 Executing VM operation: get/set locals
Event: 569.926 Executing VM operation: get/set locals done
Event: 569.926 Executing VM operation: get/set locals
Event: 569.926 Executing VM operation: get/set locals done

Events (20 events):
Event: 33.684 loading class sun/security/provider/SecureRandom done
Event: 33.684 loading class sun/security/provider/SecureRandom$SeederHolder
Event: 33.684 loading class sun/security/provider/SecureRandom$SeederHolder done
Event: 33.768 loading class java/util/WeakHashMap$EntrySet
Event: 33.769 loading class java/util/WeakHashMap$EntrySet done
Event: 33.769 loading class java/util/WeakHashMap$EntryIterator
Event: 33.769 loading class java/util/WeakHashMap$HashIterator
Event: 33.769 loading class java/util/WeakHashMap$HashIterator done
Event: 33.769 loading class java/util/WeakHashMap$EntryIterator done
Event: 33.771 loading class sun/nio/cs/ISO_8859_1$Encoder
Event: 33.771 loading class sun/nio/cs/ISO_8859_1$Encoder done
Event: 33.772 loading class sun/nio/cs/Surrogate$Parser
Event: 33.772 loading class sun/nio/cs/Surrogate$Parser done
Event: 33.772 loading class sun/nio/cs/Surrogate
Event: 33.772 loading class sun/nio/cs/Surrogate done
Event: 33.841 loading class java/util/concurrent/atomic/Striped64$Cell
Event: 33.841 loading class java/util/concurrent/atomic/Striped64$Cell done
Event: 33.844 loading class java/text/CalendarBuilder
Event: 33.844 loading class java/text/CalendarBuilder done
Event: 38.858 Thread 0x000002149d558870 Thread exited: 0x000002149d558870


Dynamic libraries:
0x00007ff6d2c40000 - 0x00007ff6d2c4e000 	C:\Users\marco.cerrato\.p2\pool\plugins\org.eclipse.justj.openjdk.hotspot.jre.full.win32.x86_64_17.0.7.v20230425-1502\jre\bin\javaw.exe
0x00000214f8190000 - 0x00000214f8388000 	C:\Windows\SYSTEM32\ntd1l.dll
0x00000214f80b0000 - 0x00000214f8172000 	C:\Windows\System32\kern3l32.dll
0x00007ffe3eb90000 - 0x00007ffe3ed88000 	C:\Windows\SYSTEM32\ntdll.dll
0x00007ffe3d470000 - 0x00007ffe3d532000 	C:\Windows\System32\KERNEL32.DLL
0x00007ffe3c430000 - 0x00007ffe3c726000 	C:\Windows\System32\KERNELBASE.dll
0x00007ffe3bd50000 - 0x00007ffe3bfb7000 	C:\Program Files\SentinelOne\Sentinel Agent 22.3.4.612\InProcessClient64.dll
0x00007ffe3e8f0000 - 0x00007ffe3e99f000 	C:\Windows\System32\ADVAPI32.dll
0x00007ffe3cdc0000 - 0x00007ffe3ce5e000 	C:\Windows\System32\msvcrt.dll
0x00007ffe3d150000 - 0x00007ffe3d1ef000 	C:\Windows\System32\sechost.dll
0x00007ffe3d300000 - 0x00007ffe3d423000 	C:\Windows\System32\RPCRT4.dll
0x00007ffe3c330000 - 0x00007ffe3c357000 	C:\Windows\System32\bcrypt.dll
0x00007ffe3c230000 - 0x00007ffe3c330000 	C:\Windows\System32\ucrtbase.dll
0x00007ffdfd680000 - 0x00007ffdfd699000 	C:\Users\marco.cerrato\.p2\pool\plugins\org.eclipse.justj.openjdk.hotspot.jre.full.win32.x86_64_17.0.7.v20230425-1502\jre\bin\VCRUNTIME140.dll
0x00007ffe01c30000 - 0x00007ffe01c47000 	C:\Users\marco.cerrato\.p2\pool\plugins\org.eclipse.justj.openjdk.hotspot.jre.full.win32.x86_64_17.0.7.v20230425-1502\jre\bin\jli.dll
0x00007ffe3cc20000 - 0x00007ffe3cdbd000 	C:\Windows\System32\USER32.dll
0x00007ffe3c730000 - 0x00007ffe3c752000 	C:\Windows\System32\win32u.dll
0x00007ffe292b0000 - 0x00007ffe2954a000 	C:\Windows\WinSxS\amd64_microsoft.windows.common-controls_6595b64144ccf1df_6.0.19041.5794_none_60bcd33171f2783c\COMCTL32.dll
0x00007ffe3d2d0000 - 0x00007ffe3d2fb000 	C:\Windows\System32\GDI32.dll
0x00007ffe3c810000 - 0x00007ffe3c92a000 	C:\Windows\System32\gdi32full.dll
0x00007ffe3ca90000 - 0x00007ffe3cb2d000 	C:\Windows\System32\msvcp_win.dll
0x00007ffe3bd40000 - 0x00007ffe3bd4a000 	C:\Windows\SYSTEM32\VERSION.dll
0x00007ffe3d440000 - 0x00007ffe3d46f000 	C:\Windows\System32\IMM32.DLL
0x00007ffe11910000 - 0x00007ffe1191c000 	C:\Users\marco.cerrato\.p2\pool\plugins\org.eclipse.justj.openjdk.hotspot.jre.full.win32.x86_64_17.0.7.v20230425-1502\jre\bin\vcruntime140_1.dll
0x00007ffd93360000 - 0x00007ffd933f1000 	C:\Users\marco.cerrato\.p2\pool\plugins\org.eclipse.justj.openjdk.hotspot.jre.full.win32.x86_64_17.0.7.v20230425-1502\jre\bin\msvcp140.dll
0x00007ffd99b10000 - 0x00007ffd9a758000 	C:\Users\marco.cerrato\.p2\pool\plugins\org.eclipse.justj.openjdk.hotspot.jre.full.win32.x86_64_17.0.7.v20230425-1502\jre\bin\server\jvm.dll
0x00007ffe23f00000 - 0x00007ffe23f09000 	C:\Windows\SYSTEM32\WSOCK32.dll
0x00007ffe3d250000 - 0x00007ffe3d2bb000 	C:\Windows\System32\WS2_32.dll
0x00007ffe30190000 - 0x00007ffe301b7000 	C:\Windows\SYSTEM32\WINMM.dll
0x00007ffe3a5b0000 - 0x00007ffe3a5c2000 	C:\Windows\SYSTEM32\kernel.appcore.dll
0x00007ffe348c0000 - 0x00007ffe348ca000 	C:\Users\marco.cerrato\.p2\pool\plugins\org.eclipse.justj.openjdk.hotspot.jre.full.win32.x86_64_17.0.7.v20230425-1502\jre\bin\jimage.dll
0x00007ffe399a0000 - 0x00007ffe39ba1000 	C:\Windows\SYSTEM32\DBGHELP.DLL
0x00007ffe27370000 - 0x00007ffe273a4000 	C:\Windows\SYSTEM32\dbgcore.DLL
0x00007ffe3cb30000 - 0x00007ffe3cbb2000 	C:\Windows\System32\bcryptPrimitives.dll
0x00000214fd5f0000 - 0x00000214fd670000 	C:\Program Files\SentinelOne\Sentinel Agent 22.3.4.612\SentinelJava64.dll
0x00007ffe3e130000 - 0x00007ffe3e25b000 	C:\Windows\System32\ole32.dll
0x00007ffe3dd10000 - 0x00007ffe3e063000 	C:\Windows\System32\combase.dll
0x00007ffe1f8b0000 - 0x00007ffe1f8d5000 	C:\Users\marco.cerrato\.p2\pool\plugins\org.eclipse.justj.openjdk.hotspot.jre.full.win32.x86_64_17.0.7.v20230425-1502\jre\bin\java.dll
0x00007ffe01b20000 - 0x00007ffe01b38000 	C:\Users\marco.cerrato\.p2\pool\plugins\org.eclipse.justj.openjdk.hotspot.jre.full.win32.x86_64_17.0.7.v20230425-1502\jre\bin\zip.dll
0x00007ffe3d5a0000 - 0x00007ffe3dd0e000 	C:\Windows\System32\SHELL32.dll
0x00007ffe39df0000 - 0x00007ffe3a593000 	C:\Windows\SYSTEM32\windows.storage.dll
0x00007ffe3b900000 - 0x00007ffe3b92b000 	C:\Windows\SYSTEM32\Wldp.dll
0x00007ffe3cfa0000 - 0x00007ffe3d06d000 	C:\Windows\System32\OLEAUT32.dll
0x00007ffe3e080000 - 0x00007ffe3e12d000 	C:\Windows\System32\SHCORE.dll
0x00007ffe3d1f0000 - 0x00007ffe3d245000 	C:\Windows\System32\shlwapi.dll
0x00007ffe3c160000 - 0x00007ffe3c185000 	C:\Windows\SYSTEM32\profapi.dll
0x00007ffdfeb90000 - 0x00007ffdfeba9000 	C:\Users\marco.cerrato\.p2\pool\plugins\org.eclipse.justj.openjdk.hotspot.jre.full.win32.x86_64_17.0.7.v20230425-1502\jre\bin\net.dll
0x00007ffe33e80000 - 0x00007ffe33f8a000 	C:\Windows\SYSTEM32\WINHTTP.dll
0x00007ffe3b6e0000 - 0x00007ffe3b74c000 	C:\Windows\system32\mswsock.dll
0x00007ffdfeb70000 - 0x00007ffdfeb85000 	C:\Users\marco.cerrato\.p2\pool\plugins\org.eclipse.justj.openjdk.hotspot.jre.full.win32.x86_64_17.0.7.v20230425-1502\jre\bin\nio.dll
0x00007ffe38ec0000 - 0x00007ffe38ece000 	C:\Users\marco.cerrato\.p2\pool\plugins\org.eclipse.justj.openjdk.hotspot.jre.full.win32.x86_64_17.0.7.v20230425-1502\jre\bin\sunmscapi.dll
0x00007ffe3c930000 - 0x00007ffe3ca8d000 	C:\Windows\System32\CRYPT32.dll
0x00007ffe3ba30000 - 0x00007ffe3ba57000 	C:\Windows\SYSTEM32\ncrypt.dll
0x00007ffe3b9f0000 - 0x00007ffe3ba2b000 	C:\Windows\SYSTEM32\NTASN1.dll
0x00007ffe3b940000 - 0x00007ffe3b958000 	C:\Windows\SYSTEM32\CRYPTSP.dll
0x00007ffe3af50000 - 0x00007ffe3af88000 	C:\Windows\system32\rsaenh.dll
0x00007ffe3c120000 - 0x00007ffe3c14e000 	C:\Windows\SYSTEM32\USERENV.dll
0x00007ffe3b870000 - 0x00007ffe3b87c000 	C:\Windows\SYSTEM32\CRYPTBASE.dll
0x00007ffe3b390000 - 0x00007ffe3b3cb000 	C:\Windows\SYSTEM32\IPHLPAPI.DLL
0x00007ffe3e070000 - 0x00007ffe3e078000 	C:\Windows\System32\NSI.dll
0x00007ffe36000000 - 0x00007ffe36017000 	C:\Windows\SYSTEM32\dhcpcsvc6.DLL
0x00007ffe35fe0000 - 0x00007ffe35ffd000 	C:\Windows\SYSTEM32\dhcpcsvc.DLL
0x00007ffe3b3e0000 - 0x00007ffe3b4aa000 	C:\Windows\SYSTEM32\DNSAPI.dll
0x00007ffe38f00000 - 0x00007ffe38f09000 	C:\Users\marco.cerrato\.p2\pool\plugins\org.eclipse.justj.openjdk.hotspot.jre.full.win32.x86_64_17.0.7.v20230425-1502\jre\bin\management.dll
0x00007ffe35780000 - 0x00007ffe3578b000 	C:\Users\marco.cerrato\.p2\pool\plugins\org.eclipse.justj.openjdk.hotspot.jre.full.win32.x86_64_17.0.7.v20230425-1502\jre\bin\management_ext.dll
0x00007ffe3d2c0000 - 0x00007ffe3d2c8000 	C:\Windows\System32\PSAPI.DLL
0x00007ffe38320000 - 0x00007ffe38327000 	C:\Windows\system32\wshunix.dll

dbghelp: loaded successfully - version: 4.0.5 - missing functions: none
symbol engine: initialized successfully - sym options: 0x614 - pdb path: .;C:\Users\marco.cerrato\.p2\pool\plugins\org.eclipse.justj.openjdk.hotspot.jre.full.win32.x86_64_17.0.7.v20230425-1502\jre\bin;C:\Windows\SYSTEM32;C:\Program Files\SentinelOne\Sentinel Agent 22.3.4.612;C:\Windows\WinSxS\amd64_microsoft.windows.common-controls_6595b64144ccf1df_6.0.19041.5794_none_60bcd33171f2783c;C:\Users\marco.cerrato\.p2\pool\plugins\org.eclipse.justj.openjdk.hotspot.jre.full.win32.x86_64_17.0.7.v20230425-1502\jre\bin\server

VM Arguments:
jvm_args: -Dfile.encoding=UTF-8 -XX:+ShowCodeDetailsInExceptionMessages -agentpath:C:\Program Files\SentinelOne\Sentinel Agent 22.3.4.612\SentinelJava64.dll 
java_command: com.its.readchallenge.ReadChallengeApplication
java_class_path (initial): C:\Development\readchallenge\target\classes;C:\Users\marco.cerrato\.m2\repository\org\springframework\boot\spring-boot-starter-jdbc\3.4.5\spring-boot-starter-jdbc-3.4.5.jar;C:\Users\marco.cerrato\.m2\repository\org\springframework\boot\spring-boot-starter\3.4.5\spring-boot-starter-3.4.5.jar;C:\Users\marco.cerrato\.m2\repository\org\springframework\boot\spring-boot\3.4.5\spring-boot-3.4.5.jar;C:\Users\marco.cerrato\.m2\repository\org\springframework\boot\spring-boot-autoconfigure\3.4.5\spring-boot-autoconfigure-3.4.5.jar;C:\Users\marco.cerrato\.m2\repository\org\springframework\boot\spring-boot-starter-logging\3.4.5\spring-boot-starter-logging-3.4.5.jar;C:\Users\marco.cerrato\.m2\repository\ch\qos\logback\logback-classic\1.5.18\logback-classic-1.5.18.jar;C:\Users\marco.cerrato\.m2\repository\ch\qos\logback\logback-core\1.5.18\logback-core-1.5.18.jar;C:\Users\marco.cerrato\.m2\repository\org\apache\logging\log4j\log4j-to-slf4j\2.24.3\log4j-to-slf4j-2.24.3.jar;C:\Users\marco.cerrato\.m2\repository\org\apache\logging\log4j\log4j-api\2.24.3\log4j-api-2.24.3.jar;C:\Users\marco.cerrato\.m2\repository\org\slf4j\jul-to-slf4j\2.0.17\jul-to-slf4j-2.0.17.jar;C:\Users\marco.cerrato\.m2\repository\jakarta\annotation\jakarta.annotation-api\2.1.1\jakarta.annotation-api-2.1.1.jar;C:\Users\marco.cerrato\.m2\repository\org\springframework\spring-core\6.2.6\spring-core-6.2.6.jar;C:\Users\marco.cerrato\.m2\repository\org\springframework\spring-jcl\6.2.6\spring-jcl-6.2.6.jar;C:\Users\marco.cerrato\.m2\repository\org\yaml\snakeyaml\2.3\snakeyaml-2.3.jar;C:\Users\marco.cerrato\.m2\repository\com\zaxxer\HikariCP\5.1.0\HikariCP-5.1.0.jar;C:\Users\marco.cerrato\.m2\repository\org\slf4j\slf4j-api\2.0.17\slf4j-api-2.0.17.jar;C:\Users\marco.cerrato\.m2\repository\org\springframework\spring-jdbc\6.2.6\spring-jdbc-6.2.6.jar;C:\Users\marco.cerrato\.m2\repository\org\springframework\spring-beans\6.2.6\spring-beans-6.2.6.jar;C:\Users\marco.cerrato\.m2\repository\org\sprin
Launcher Type: SUN_STANDARD

[Global flags]
     intx CICompilerCount                          = 4                                         {product} {ergonomic}
     uint ConcGCThreads                            = 2                                         {product} {ergonomic}
     uint G1ConcRefinementThreads                  = 8                                         {product} {ergonomic}
   size_t G1HeapRegionSize                         = 2097152                                   {product} {ergonomic}
    uintx GCDrainStackTargetSize                   = 64                                        {product} {ergonomic}
   size_t InitialHeapSize                          = 249561088                                 {product} {ergonomic}
   size_t MarkStackSize                            = 4194304                                   {product} {ergonomic}
   size_t MaxHeapSize                              = 3980394496                                {product} {ergonomic}
   size_t MaxNewSize                               = 2386558976                                {product} {ergonomic}
   size_t MinHeapDeltaBytes                        = 2097152                                   {product} {ergonomic}
   size_t MinHeapSize                              = 8388608                                   {product} {ergonomic}
    uintx NonNMethodCodeHeapSize                   = 5839372                                {pd product} {ergonomic}
    uintx NonProfiledCodeHeapSize                  = 122909434                              {pd product} {ergonomic}
    uintx ProfiledCodeHeapSize                     = 122909434                              {pd product} {ergonomic}
    uintx ReservedCodeCacheSize                    = 251658240                              {pd product} {ergonomic}
     bool SegmentedCodeCache                       = true                                      {product} {ergonomic}
     bool ShowCodeDetailsInExceptionMessages       = true                                   {manageable} {command line}
   size_t SoftMaxHeapSize                          = 3980394496                             {manageable} {ergonomic}
     bool UseCompressedClassPointers               = true                           {product lp64_product} {ergonomic}
     bool UseCompressedOops                        = true                           {product lp64_product} {ergonomic}
     bool UseG1GC                                  = true                                      {product} {ergonomic}
     bool UseLargePagesIndividualAllocation        = false                                  {pd product} {ergonomic}

Logging:
Log output configuration:
 #0: stdout all=warning uptime,level,tags
 #1: stderr all=off uptime,level,tags

Environment Variables:
JAVA_HOME=C:\Program Files\Java\jdk1.8.0_202
PATH=C:/Users/marco.cerrato/.p2/pool/plugins/org.eclipse.justj.openjdk.hotspot.jre.full.win32.x86_64_17.0.7.v20230425-1502/jre/bin/server;C:/Users/marco.cerrato/.p2/pool/plugins/org.eclipse.justj.openjdk.hotspot.jre.full.win32.x86_64_17.0.7.v20230425-1502/jre/bin;C:\Program Files\Common Files\Oracle\Java\javapath;C:\Program Files (x86)\Common Files\Oracle\Java\javapath;C:\app\marco.cerrato\product\21c\dbhomeXE\bin;C:\Windows\system32;C:\Windows;C:\Windows\System32\Wbem;C:\Windows\System32\WindowsPowerShell\v1.0\;C:\Windows\System32\OpenSSH\;C:\Program Files\Cloudflare\Cloudflare WARP\;C:\Program Files\dotnet\;C:\Program Files\Git\cmd;C:\Program Files\PuTTY\;C:\Program Files\nodejs\;C:\Program Files\MySQL\MySQL Shell 8.0\bin\;C:\Users\marco.cerrato\AppData\Local\Microsoft\WindowsApps;C:\Development\gradle-8.5\bin;C:\Users\marco.cerrato\AppData\Roaming\npm;C:\Windows\System32;
USERNAME=marco.cerrato
OS=Windows_NT
PROCESSOR_IDENTIFIER=AMD64 Family 23 Model 104 Stepping 1, AuthenticAMD
TMP=C:\Users\MARCO~1.CER\AppData\Local\Temp
TEMP=C:\Users\MARCO~1.CER\AppData\Local\Temp



---------------  S Y S T E M  ---------------

OS:
 Windows 10 , 64 bit Build 19041 (10.0.19041.5794)
OS uptime: 12 days 12:01 hours
Hyper-V role detected

CPU: total 8 (initial active 8) (16 cores per cpu, 2 threads per core) family 23 model 104 stepping 1 microcode 0x0, cx8, cmov, fxsr, ht, mmx, 3dnowpref, sse, sse2, sse3, ssse3, sse4a, sse4.1, sse4.2, popcnt, lzcnt, tsc, tscinvbit, avx, avx2, aes, clmul, bmi1, bmi2, adx, sha, fma, vzeroupper, clflush, clflushopt, hv

Memory: 4k page, system-wide physical 15178M (1820M free)
TotalPageFile size 31016M (AvailPageFile size 6014M)
current process WorkingSet (physical memory assigned to process): 198M, peak: 281M
current process commit charge ("private bytes"): 228M, peak: 387M

vm_info: OpenJDK 64-Bit Server VM (17.0.7+7) for windows-amd64 JRE (17.0.7+7), built on Apr 18 2023 22:10:42 by "temurin" with MS VC++ 16.7 (VS2019)

END.
