#
# A fatal error has been detected by the Java Runtime Environment:
#
#  EXCEPTION_ACCESS_VIOLATION (0xc0000005) at pc=0x00000201d264ced8, pid=58184, tid=39912
#
# JRE version: OpenJDK Runtime Environment Temurin-17.0.7+7 (17.0.7+7) (build 17.0.7+7)
# Java VM: OpenJDK 64-Bit Server VM Temurin-17.0.7+7 (17.0.7+7, mixed mode, tiered, compressed oops, compressed class ptrs, g1 gc, windows-amd64)
# Problematic frame:
# j  jakarta.servlet.http.HttpServletRequestWrapper._getHttpServletRequest()Ljakarta/servlet/http/HttpServletRequest;+1
#
# No core dump will be written. Minidumps are not enabled by default on client versions of Windows
#
# If you would like to submit a bug report, please visit:
#   https://github.com/adoptium/adoptium-support/issues
#

---------------  S U M M A R Y ------------

Command Line: -Dfile.encoding=UTF-8 -XX:+ShowCodeDetailsInExceptionMessages -agentpath:C:\Program Files\SentinelOne\Sentinel Agent 22.3.4.612\SentinelJava64.dll com.its.readchallenge.ReadChallengeApplication

Host: AMD Ryzen 7 5700U with Radeon Graphics         , 8 cores, 14G,  Windows 10 , 64 bit Build 19041 (10.0.19041.5794)
Time: Mon Jun  2 09:14:46 2025 ora legale Europa occidentale elapsed time: 17.289932 seconds (0d 0h 0m 17s)

---------------  T H R E A D  ---------------

Current thread (0x00000201ea9b2b20):  JavaThread "http-nio-8080-exec-5" daemon [_thread_in_Java, id=39912, stack(0x000000bd7ff00000,0x000000bd80000000)]

Stack: [0x000000bd7ff00000,0x000000bd80000000],  sp=0x000000bd7fffbe38,  free space=1007k
Native frames: (J=compiled Java code, j=interpreted, Vv=VM code, C=native code)
C  0x00000201d264ced8


siginfo: EXCEPTION_ACCESS_VIOLATION (0xc0000005), reading address 0x000000020073ae08


Register to memory mapping:

RIP=0x00000201d264ced8 is at code_begin+248 in an Interpreter codelet
checkcast  192 checkcast  [0x00000201d264cde0, 0x00000201d264d020]  576 bytes
RAX=0x00000008002d8e58 is a pointer to class: 
jakarta.servlet.http.HttpServletRequest {0x00000008002d8e60}
 - instance size:     2
 - klass size:        63
 - access:            public interface abstract 
 - state:             fully_initialized
 - name:              'jakarta/servlet/http/HttpServletRequest'
 - super:             'java/lang/Object'
 - sub:               
 - nof implementors:  2
 - arrays:            NULL
 - methods:           Array<T>(0x00000201e749e7f8)
 - method ordering:   Array<T>(0x00000201e6000018)
 - default_methods:   Array<T>(0x0000000000000000)
 - local interfaces:  Array<T>(0x00000201e7497328)
 - trans. interfaces: Array<T>(0x00000201e7497328)
 - constants:         constant pool [249] {0x00000201e749dfa8} for 'jakarta/servlet/http/HttpServletRequest' cache=0x00000201e8685740
 - class loader data:  loader data: 0x00000201e5d923e0 for instance a 'jdk/internal/loader/ClassLoaders$AppClassLoader'{0x0000000712cdc400}
 - source file:       'HttpServletRequest.java'
 - class annotations:       Array<T>(0x0000000000000000)
 - class type annotations:  Array<T>(0x0000000000000000)
 - field annotations:       Array<T>(0x0000000000000000)
 - field type annotations:  Array<T>(0x0000000000000000)
 - inner classes:     Array<T>(0x00000201e7497338)
 - nest members:     Array<T>(0x00000201e749c670)
 - permitted subclasses:     Array<T>(0x00000201e6000028)
 - java mirror:       a 'java/lang/Class'{0x000000071328a0c8} = 'jakarta/servlet/http/HttpServletRequest'
 - vtable length      5  (start addr: 0x00000008002d9020)
 - itable length      0 (start addr: 0x00000008002d9048)
 - ---- static fields (2 words):
 - public static final 'BASIC_AUTH' 'Ljava/lang/String;' @112 
 - public static final 'FORM_AUTH' 'Ljava/lang/String;' @116 
 - public static final 'CLIENT_CERT_AUTH' 'Ljava/lang/String;' @120 
 - public static final 'DIGEST_AUTH' 'Ljava/lang/String;' @124 
 - ---- non-static fields (0 words):
 - non-static oop maps: 
RBX=0x0000000000000001 is an unknown value
RCX=0x00000201e87485e0 is pointing into metadata
RDX=0x000000020073ae00 is an unknown value
RSP=0x000000bd7fffbe38 is pointing into the stack for thread: 0x00000201ea9b2b20
RBP=0x000000bd7fffbe80 is pointing into the stack for thread: 0x00000201ea9b2b20
RSI=0x000000bd7fffc330 is pointing into the stack for thread: 0x00000201ea9b2b20
RDI=0x00000201ea9b2b20 is a thread
R8 =0x000000bd7fffc340 is pointing into the stack for thread: 0x00000201ea9b2b20
R9 =0x0000000000000001 is an unknown value
R10=0x00007ffd9a6a1cb0 jvm.dll
R11=0x000000bd7fffc0d8 is pointing into the stack for thread: 0x00000201ea9b2b20
R12=0x0 is NULL
R13=0x00000201e8748714 is pointing into metadata
R14=0x000000bd7fffbe90 is pointing into the stack for thread: 0x00000201ea9b2b20
R15=0x00000201ea9b2b20 is a thread


Registers:
RAX=0x00000008002d8e58, RBX=0x0000000000000001, RCX=0x00000201e87485e0, RDX=0x000000020073ae00
RSP=0x000000bd7fffbe38, RBP=0x000000bd7fffbe80, RSI=0x000000bd7fffc330, RDI=0x00000201ea9b2b20
R8 =0x000000bd7fffc340, R9 =0x0000000000000001, R10=0x00007ffd9a6a1cb0, R11=0x000000bd7fffc0d8
R12=0x0000000000000000, R13=0x00000201e8748714, R14=0x000000bd7fffbe90, R15=0x00000201ea9b2b20
RIP=0x00000201d264ced8, EFLAGS=0x0000000000010246

Top of Stack: (sp=0x000000bd7fffbe38)
0x000000bd7fffbe38:   000000bd7fffbe38 00000201e8748711
0x000000bd7fffbe48:   000000bd7fffbe90 00000201e874a5b0
0x000000bd7fffbe58:   0000000000000000 0000000713c29e60
0x000000bd7fffbe68:   00000201e8748730 0000000000000000
0x000000bd7fffbe78:   000000bd7fffbe90 000000bd7fffbee0
0x000000bd7fffbe88:   00000201d2639657 00007ffd9a2b394f
0x000000bd7fffbe98:   000000bd7fffbe98 00000201e8748bd9
0x000000bd7fffbea8:   000000bd7fffbef8 00000201e874a5b0
0x000000bd7fffbeb8:   0000000000000000 0000000713c29e60
0x000000bd7fffbec8:   00000201e8748c08 000000bd7fffbe90
0x000000bd7fffbed8:   000000bd7fffbef0 000000bd7fffc0d0
0x000000bd7fffbee8:   00000201d2631010 0000000713ee28d8
0x000000bd7fffbef8:   00007ffd9a2b394f 00000201ea9b2b20
0x000000bd7fffbf08:   0000000000000000 00000201eb0d23f0
0x000000bd7fffbf18:   000000bd7fffbf70 000000bd7fffc538
0x000000bd7fffbf28:   00000201ef9539c8 00000000000003d8 

Instructions: (pc=0x00000201d264ced8)
0x00000201d264cdd8:   00 00 00 00 00 00 00 00 58 48 85 c0 0f 84 fc 01
0x00000201d264cde8:   00 00 48 8b 4d e8 48 8b 49 08 48 8b 49 08 48 8b
0x00000201d264cdf8:   51 08 41 0f b7 5d 01 0f cb c1 eb 10 80 7c 1a 04
0x00000201d264ce08:   07 0f 84 b8 00 00 00 50 e8 05 00 00 00 e9 98 00
0x00000201d264ce18:   00 00 48 8d 44 24 08 4c 89 6d c0 49 8b cf c5 f8
0x00000201d264ce28:   77 49 89 af 98 02 00 00 49 89 87 88 02 00 00 48
0x00000201d264ce38:   83 ec 20 f7 c4 0f 00 00 00 0f 84 1a 00 00 00 48
0x00000201d264ce48:   83 ec 08 49 ba e0 3d e9 99 fd 7f 00 00 41 ff d2
0x00000201d264ce58:   48 83 c4 08 e9 0d 00 00 00 49 ba e0 3d e9 99 fd
0x00000201d264ce68:   7f 00 00 41 ff d2 48 83 c4 20 49 c7 87 88 02 00
0x00000201d264ce78:   00 00 00 00 00 49 c7 87 98 02 00 00 00 00 00 00
0x00000201d264ce88:   49 c7 87 90 02 00 00 00 00 00 00 c5 f8 77 49 81
0x00000201d264ce98:   7f 08 00 00 00 00 0f 84 05 00 00 00 e9 57 40 fe
0x00000201d264cea8:   ff 4c 8b 6d c0 4c 8b 75 c8 c3 49 8b 87 e8 02 00
0x00000201d264ceb8:   00 49 c7 87 e8 02 00 00 00 00 00 00 5a eb 11 48
0x00000201d264cec8:   8b d0 66 8b 5c d9 48 48 8b 49 28 48 8b 44 d9 08
0x00000201d264ced8:   8b 5a 08 49 ba 00 00 00 00 08 00 00 00 49 03 da
0x00000201d264cee8:   48 8b 4d d8 48 85 c9 0f 84 8a 00 00 00 48 8b 79
0x00000201d264cef8:   18 48 3b fb 0f 85 0f 00 00 00 48 83 41 20 01 48
0x00000201d264cf08:   83 59 20 00 e9 66 00 00 00 48 85 ff 0f 84 37 00
0x00000201d264cf18:   00 00 48 8b 79 28 48 3b fb 0f 85 0f 00 00 00 48
0x00000201d264cf28:   83 41 30 01 48 83 59 30 00 e9 41 00 00 00 48 85
0x00000201d264cf38:   ff 0f 85 38 00 00 00 48 89 59 28 bf 01 00 00 00
0x00000201d264cf48:   48 89 79 30 e9 26 00 00 00 48 3b 59 28 0f 85 0f
0x00000201d264cf58:   00 00 00 48 83 41 30 01 48 83 59 30 00 e9 0d 00
0x00000201d264cf68:   00 00 48 89 59 18 bf 01 00 00 00 48 89 79 20 48
0x00000201d264cf78:   83 c1 38 48 89 4d d8 48 3b d8 0f 84 56 00 00 00
0x00000201d264cf88:   8b 48 14 48 3b 04 0b 0f 84 49 00 00 00 83 f9 20
0x00000201d264cf98:   0f 85 1d 00 00 00 57 48 8b 7b 28 8b 0f 48 83 c7
0x00000201d264cfa8:   08 48 85 c0 f2 48 af 5f 75 09 48 89 43 20 e9 23
0x00000201d264cfb8:   00 00 00 48 8b 4d d8 48 85 c9 0f 84 10 00 00 00
0x00000201d264cfc8:   48 83 41 d0 ff 0f 88 05 00 00 00 48 83 41 d0 01 


Stack slot to memory mapping:
stack at sp + 0 slots: 0x000000bd7fffbe38 is pointing into the stack for thread: 0x00000201ea9b2b20
stack at sp + 1 slots: 0x00000201e8748711 is pointing into metadata
stack at sp + 2 slots: 0x000000bd7fffbe90 is pointing into the stack for thread: 0x00000201ea9b2b20
stack at sp + 3 slots: 0x00000201e874a5b0 is pointing into metadata
stack at sp + 4 slots: 0x0 is NULL
stack at sp + 5 slots: 0x0000000713c29e60 is an oop: java.lang.Class 
{0x0000000713c29e60} - klass: 'java/lang/Class'
 - ---- fields (total size 14 words):
 - private volatile transient 'classRedefinedCount' 'I' @12  0
 - private volatile transient 'cachedConstructor' 'Ljava/lang/reflect/Constructor;' @40  NULL (0)
 - private transient 'name' 'Ljava/lang/String;' @44  "jakarta.servlet.http.HttpServletRequestWrapper"{0x0000000713c2a630} (e27854c6)
 - private transient 'module' 'Ljava/lang/Module;' @48  a 'java/lang/Module'{0x0000000712cdca88} (e259b951)
 - private final 'classLoader' 'Ljava/lang/ClassLoader;' @52  a 'jdk/internal/loader/ClassLoaders$AppClassLoader'{0x0000000712cdc400} (e259b880)
 - private transient 'classData' 'Ljava/lang/Object;' @56  NULL (0)
 - private transient 'packageName' 'Ljava/lang/String;' @60  "jakarta.servlet.http"{0x0000000713279610} (e264f2c2)
 - private final 'componentType' 'Ljava/lang/Class;' @64  NULL (0)
 - private volatile transient 'reflectionData' 'Ljava/lang/ref/SoftReference;' @68  NULL (0)
 - private volatile transient 'genericInfo' 'Lsun/reflect/generics/repository/ClassRepository;' @72  NULL (0)
 - private volatile transient 'enumConstants' '[Ljava/lang/Object;' @76  NULL (0)
 - private volatile transient 'enumConstantDirectory' 'Ljava/util/Map;' @80  NULL (0)
 - private volatile transient 'annotationData' 'Ljava/lang/Class$AnnotationData;' @84  NULL (0)
 - private volatile transient 'annotationType' 'Lsun/reflect/annotation/AnnotationType;' @88  NULL (0)
 - transient 'classValueMap' 'Ljava/lang/ClassValue$ClassValueMap;' @92  NULL (0)
 - signature: Ljakarta/servlet/http/HttpServletRequestWrapper;
 - fake entry for mirror: 'jakarta/servlet/http/HttpServletRequestWrapper'
 - fake entry for array: NULL
 - fake entry for oop_size: 14
 - fake entry for static_oop_field_count: 0
stack at sp + 6 slots: {method} {0x00000201e8748738} '_getHttpServletRequest' '()Ljakarta/servlet/http/HttpServletRequest;' in 'jakarta/servlet/http/HttpServletRequestWrapper'
stack at sp + 7 slots: 0x0 is NULL

checkcast  192 checkcast  [0x00000201d264cde0, 0x00000201d264d020]  576 bytes
[MachCode]
  0x00000201d264cde0: 5848 85c0 | 0f84 fc01 | 0000 488b | 4de8 488b | 4908 488b | 4908 488b | 5108 410f | b75d 010f 
  0x00000201d264ce00: cbc1 eb10 | 807c 1a04 | 070f 84b8 | 0000 0050 | e805 0000 | 00e9 9800 | 0000 488d | 4424 084c 
  0x00000201d264ce20: 896d c049 | 8bcf c5f8 | 7749 89af | 9802 0000 | 4989 8788 | 0200 0048 | 83ec 20f7 | c40f 0000 
  0x00000201d264ce40: 000f 841a | 0000 0048 | 83ec 0849 | bae0 3de9 | 99fd 7f00 | 0041 ffd2 | 4883 c408 | e90d 0000 
  0x00000201d264ce60: 0049 bae0 | 3de9 99fd | 7f00 0041 | ffd2 4883 | c420 49c7 | 8788 0200 | 0000 0000 | 0049 c787 
  0x00000201d264ce80: 9802 0000 | 0000 0000 | 49c7 8790 | 0200 0000 | 0000 00c5 | f877 4981 | 7f08 0000 | 0000 0f84 
  0x00000201d264cea0: 0500 0000 | e957 40fe | ff4c 8b6d | c04c 8b75 | c8c3 498b | 87e8 0200 | 0049 c787 | e802 0000 
  0x00000201d264cec0: 0000 0000 | 5aeb 1148 | 8bd0 668b | 5cd9 4848 | 8b49 2848 | 8b44 d908 | 8b5a 0849 | ba00 0000 
  0x00000201d264cee0: 0008 0000 | 0049 03da | 488b 4dd8 | 4885 c90f | 848a 0000 | 0048 8b79 | 1848 3bfb | 0f85 0f00 
  0x00000201d264cf00: 0000 4883 | 4120 0148 | 8359 2000 | e966 0000 | 0048 85ff | 0f84 3700 | 0000 488b | 7928 483b 
  0x00000201d264cf20: fb0f 850f | 0000 0048 | 8341 3001 | 4883 5930 | 00e9 4100 | 0000 4885 | ff0f 8538 | 0000 0048 
  0x00000201d264cf40: 8959 28bf | 0100 0000 | 4889 7930 | e926 0000 | 0048 3b59 | 280f 850f | 0000 0048 | 8341 3001 
  0x00000201d264cf60: 4883 5930 | 00e9 0d00 | 0000 4889 | 5918 bf01 | 0000 0048 | 8979 2048 | 83c1 3848 | 894d d848 
  0x00000201d264cf80: 3bd8 0f84 | 5600 0000 | 8b48 1448 | 3b04 0b0f | 8449 0000 | 0083 f920 | 0f85 1d00 | 0000 5748 
  0x00000201d264cfa0: 8b7b 288b | 0f48 83c7 | 0848 85c0 | f248 af5f | 7509 4889 | 4320 e923 | 0000 0048 | 8b4d d848 
  0x00000201d264cfc0: 85c9 0f84 | 1000 0000 | 4883 41d0 | ff0f 8805 | 0000 0048 | 8341 d001 | 52e9 fdf2 | feff 488b 
  0x00000201d264cfe0: c2e9 1900 | 0000 488b | 4dd8 4885 | c90f 840c | 0000 0080 | 4901 0148 | 83c1 3848 | 894d d841 
  0x00000201d264d000: 0fb6 5d03 | 4983 c503 | 49ba b01c | 6a9a fd7f | 0000 41ff | 24da 6690 | 0000 0000 | 0000 0000 
[/MachCode]

---------------  P R O C E S S  ---------------

Threads class SMR info:
_java_thread_list=0x00000201edfb38b0, length=29, elements={
0x00000201e5c07980, 0x00000201e5c46430, 0x00000201e5c1d6f0, 0x00000201e5c1dfb0,
0x00000201e5c1f410, 0x00000201e5c58930, 0x00000201e5c5bcd0, 0x00000201e5c740c0,
0x00000201e5c79170, 0x00000201e5df7760, 0x00000201e5e11890, 0x00000201eb433600,
0x00000201ec473e00, 0x00000201ed88e8d0, 0x00000201eff88a60, 0x00000201ede638e0,
0x00000201ea9b34c0, 0x00000201ea9b1cb0, 0x00000201ea9b2b20, 0x00000201ea9b3990,
0x00000201ea9b2180, 0x00000201ea9b2650, 0x00000201ec4cad80, 0x00000201ec4cc590,
0x00000201ec4d08f0, 0x00000201ec4d1760, 0x00000201ec4d1290, 0x00000201eae0c7a0,
0x00000201e5fad3c0
}

Java Threads: ( => current thread )
  0x00000201e5c07980 JavaThread "Reference Handler" daemon [_thread_blocked, id=53680, stack(0x000000bd7e200000,0x000000bd7e300000)]
  0x00000201e5c46430 JavaThread "Finalizer" daemon [_thread_blocked, id=55712, stack(0x000000bd7e300000,0x000000bd7e400000)]
  0x00000201e5c1d6f0 JavaThread "Signal Dispatcher" daemon [_thread_blocked, id=57016, stack(0x000000bd7e400000,0x000000bd7e500000)]
  0x00000201e5c1dfb0 JavaThread "Attach Listener" daemon [_thread_blocked, id=39412, stack(0x000000bd7e500000,0x000000bd7e600000)]
  0x00000201e5c1f410 JavaThread "Service Thread" daemon [_thread_blocked, id=56836, stack(0x000000bd7e600000,0x000000bd7e700000)]
  0x00000201e5c58930 JavaThread "Monitor Deflation Thread" daemon [_thread_blocked, id=53056, stack(0x000000bd7e700000,0x000000bd7e800000)]
  0x00000201e5c5bcd0 JavaThread "C2 CompilerThread0" daemon [_thread_blocked, id=53296, stack(0x000000bd7e800000,0x000000bd7e900000)]
  0x00000201e5c740c0 JavaThread "C1 CompilerThread0" daemon [_thread_blocked, id=58032, stack(0x000000bd7e900000,0x000000bd7ea00000)]
  0x00000201e5c79170 JavaThread "Sweeper thread" daemon [_thread_blocked, id=56796, stack(0x000000bd7ea00000,0x000000bd7eb00000)]
  0x00000201e5df7760 JavaThread "Notification Thread" daemon [_thread_blocked, id=40376, stack(0x000000bd7eb00000,0x000000bd7ec00000)]
  0x00000201e5e11890 JavaThread "Common-Cleaner" daemon [_thread_blocked, id=58044, stack(0x000000bd7ed00000,0x000000bd7ee00000)]
  0x00000201eb433600 JavaThread "Catalina-utility-1" [_thread_blocked, id=53752, stack(0x000000bd7f300000,0x000000bd7f400000)]
  0x00000201ec473e00 JavaThread "Catalina-utility-2" [_thread_blocked, id=56560, stack(0x000000bd7f900000,0x000000bd7fa00000)]
  0x00000201ed88e8d0 JavaThread "container-0" [_thread_blocked, id=47476, stack(0x000000bd7fa00000,0x000000bd7fb00000)]
  0x00000201eff88a60 JavaThread "http-nio-8080-exec-1" daemon [_thread_blocked, id=53444, stack(0x000000bd7fb00000,0x000000bd7fc00000)]
  0x00000201ede638e0 JavaThread "http-nio-8080-exec-2" daemon [_thread_blocked, id=37772, stack(0x000000bd7fc00000,0x000000bd7fd00000)]
  0x00000201ea9b34c0 JavaThread "http-nio-8080-exec-3" daemon [_thread_blocked, id=50112, stack(0x000000bd7fd00000,0x000000bd7fe00000)]
  0x00000201ea9b1cb0 JavaThread "http-nio-8080-exec-4" daemon [_thread_blocked, id=56976, stack(0x000000bd7fe00000,0x000000bd7ff00000)]
=>0x00000201ea9b2b20 JavaThread "http-nio-8080-exec-5" daemon [_thread_in_Java, id=39912, stack(0x000000bd7ff00000,0x000000bd80000000)]
  0x00000201ea9b3990 JavaThread "http-nio-8080-exec-6" daemon [_thread_blocked, id=58304, stack(0x000000bd00000000,0x000000bd00100000)]
  0x00000201ea9b2180 JavaThread "http-nio-8080-exec-7" daemon [_thread_blocked, id=57496, stack(0x000000bd00100000,0x000000bd00200000)]
  0x00000201ea9b2650 JavaThread "http-nio-8080-exec-8" daemon [_thread_blocked, id=54168, stack(0x000000bd00200000,0x000000bd00300000)]
  0x00000201ec4cad80 JavaThread "http-nio-8080-exec-9" daemon [_thread_blocked, id=56044, stack(0x000000bd00300000,0x000000bd00400000)]
  0x00000201ec4cc590 JavaThread "http-nio-8080-exec-10" daemon [_thread_blocked, id=47788, stack(0x000000bd00400000,0x000000bd00500000)]
  0x00000201ec4d08f0 JavaThread "http-nio-8080-Poller" daemon [_thread_in_native, id=54148, stack(0x000000bd00500000,0x000000bd00600000)]
  0x00000201ec4d1760 JavaThread "http-nio-8080-Acceptor" daemon [_thread_in_native, id=57792, stack(0x000000bd00600000,0x000000bd00700000)]
  0x00000201ec4d1290 JavaThread "DestroyJavaVM" [_thread_blocked, id=33816, stack(0x000000bd7db00000,0x000000bd7dc00000)]
  0x00000201eae0c7a0 JavaThread "C2 CompilerThread1" daemon [_thread_blocked, id=56336, stack(0x000000bd00700000,0x000000bd00800000)]
  0x00000201e5fad3c0 JavaThread "C2 CompilerThread2" daemon [_thread_blocked, id=43656, stack(0x000000bd00800000,0x000000bd00900000)]

Other Threads:
  0x00000201e5bfb860 VMThread "VM Thread" [stack: 0x000000bd7e100000,0x000000bd7e200000] [id=37780]
  0x00000201e312ffd0 WatcherThread [stack: 0x000000bd7ec00000,0x000000bd7ed00000] [id=48612]
  0x00000201c7afa3f0 GCTaskThread "GC Thread#0" [stack: 0x000000bd7dc00000,0x000000bd7dd00000] [id=57464]
  0x00000201ea9b8750 GCTaskThread "GC Thread#1" [stack: 0x000000bd7ef00000,0x000000bd7f000000] [id=1512]
  0x00000201ea9b8a00 GCTaskThread "GC Thread#2" [stack: 0x000000bd7f000000,0x000000bd7f100000] [id=36920]
  0x00000201ea9b8cb0 GCTaskThread "GC Thread#3" [stack: 0x000000bd7f100000,0x000000bd7f200000] [id=38236]
  0x00000201eabba020 GCTaskThread "GC Thread#4" [stack: 0x000000bd7f200000,0x000000bd7f300000] [id=34152]
  0x00000201eb960550 GCTaskThread "GC Thread#5" [stack: 0x000000bd7f500000,0x000000bd7f600000] [id=21348]
  0x00000201eb8abe30 GCTaskThread "GC Thread#6" [stack: 0x000000bd7f600000,0x000000bd7f700000] [id=54416]
  0x00000201eb106cd0 GCTaskThread "GC Thread#7" [stack: 0x000000bd7f700000,0x000000bd7f800000] [id=52948]
  0x00000201c7b0a0f0 ConcurrentGCThread "G1 Main Marker" [stack: 0x000000bd7dd00000,0x000000bd7de00000] [id=56164]
  0x00000201c7b0cf60 ConcurrentGCThread "G1 Conc#0" [stack: 0x000000bd7de00000,0x000000bd7df00000] [id=52640]
  0x00000201ebf59ef0 ConcurrentGCThread "G1 Conc#1" [stack: 0x000000bd7f800000,0x000000bd7f900000] [id=56828]
  0x00000201e31dc380 ConcurrentGCThread "G1 Refine#0" [stack: 0x000000bd7df00000,0x000000bd7e000000] [id=53784]
  0x00000201e31dca50 ConcurrentGCThread "G1 Service" [stack: 0x000000bd7e000000,0x000000bd7e100000] [id=56752]

Threads with active compile tasks:

VM state: not at safepoint (normal execution)

VM Mutex/Monitor currently owned by a thread: None

Heap address: 0x0000000712c00000, size: 3796 MB, Compressed Oops mode: Zero based, Oop shift amount: 3

CDS archive(s) not mapped
Compressed class space mapped at: 0x0000000800000000-0x0000000840000000, reserved size: 1073741824
Narrow klass base: 0x0000000800000000, Narrow klass shift: 0, Narrow klass range: 0x40000000

GC Precious Log:
 CPUs: 8 total, 8 available
 Memory: 15178M
 Large Page Support: Disabled
 NUMA Support: Disabled
 Compressed Oops: Enabled (Zero based)
 Heap Region Size: 2M
 Heap Min Capacity: 8M
 Heap Initial Capacity: 238M
 Heap Max Capacity: 3796M
 Pre-touch: Disabled
 Parallel Workers: 8
 Concurrent Workers: 2
 Concurrent Refinement Workers: 8
 Periodic GC: Disabled

Heap:
 garbage-first heap   total 61440K, used 34080K [0x0000000712c00000, 0x0000000800000000)
  region size 2048K, 9 young (18432K), 1 survivors (2048K)
 Metaspace       used 54090K, committed 54592K, reserved 1114112K
  class space    used 6035K, committed 6272K, reserved 1048576K

Heap Regions: E=young(eden), S=young(survivor), O=old, HS=humongous(starts), HC=humongous(continues), CS=collection set, F=free, OA=open archive, CA=closed archive, TAMS=top-at-mark-start (previous, next)
|   0|0x0000000712c00000, 0x0000000712e00000, 0x0000000712e00000|100%| O|  |TAMS 0x0000000712e00000, 0x0000000712c00000| Untracked 
|   1|0x0000000712e00000, 0x0000000713000000, 0x0000000713000000|100%| O|  |TAMS 0x0000000713000000, 0x0000000712e00000| Untracked 
|   2|0x0000000713000000, 0x0000000713200000, 0x0000000713200000|100%| O|  |TAMS 0x0000000713000000, 0x0000000713000000| Untracked 
|   3|0x0000000713200000, 0x0000000713400000, 0x0000000713400000|100%| O|  |TAMS 0x0000000713400000, 0x0000000713200000| Untracked 
|   4|0x0000000713400000, 0x0000000713600000, 0x0000000713600000|100%| O|  |TAMS 0x0000000713600000, 0x0000000713400000| Untracked 
|   5|0x0000000713600000, 0x0000000713800000, 0x0000000713800000|100%| O|  |TAMS 0x0000000713600000, 0x0000000713600000| Untracked 
|   6|0x0000000713800000, 0x0000000713a00000, 0x0000000713a00000|100%| O|  |TAMS 0x0000000713800000, 0x0000000713800000| Untracked 
|   7|0x0000000713a00000, 0x0000000713c00000, 0x0000000713c00000|100%| O|  |TAMS 0x0000000713a00000, 0x0000000713a00000| Untracked 
|   8|0x0000000713c00000, 0x0000000713d82000, 0x0000000713e00000| 75%| O|  |TAMS 0x0000000713c00000, 0x0000000713c00000| Untracked 
|   9|0x0000000713e00000, 0x0000000714000000, 0x0000000714000000|100%| O|  |TAMS 0x0000000713e00000, 0x0000000713e00000| Untracked 
|  10|0x0000000714000000, 0x0000000714000000, 0x0000000714200000|  0%| F|  |TAMS 0x0000000714000000, 0x0000000714000000| Untracked 
|  11|0x0000000714200000, 0x0000000714200000, 0x0000000714400000|  0%| F|  |TAMS 0x0000000714200000, 0x0000000714200000| Untracked 
|  12|0x0000000714400000, 0x0000000714400000, 0x0000000714600000|  0%| F|  |TAMS 0x0000000714400000, 0x0000000714400000| Untracked 
|  13|0x0000000714600000, 0x0000000714600000, 0x0000000714800000|  0%| F|  |TAMS 0x0000000714600000, 0x0000000714600000| Untracked 
|  14|0x0000000714800000, 0x0000000714800000, 0x0000000714a00000|  0%| F|  |TAMS 0x0000000714800000, 0x0000000714800000| Untracked 
|  15|0x0000000714a00000, 0x0000000714a00000, 0x0000000714c00000|  0%| F|  |TAMS 0x0000000714a00000, 0x0000000714a00000| Untracked 
|  16|0x0000000714c00000, 0x0000000714c00000, 0x0000000714e00000|  0%| F|  |TAMS 0x0000000714c00000, 0x0000000714c00000| Untracked 
|  17|0x0000000714e00000, 0x0000000714fc6288, 0x0000000715000000| 88%| S|CS|TAMS 0x0000000714e00000, 0x0000000714e00000| Complete 
|  18|0x0000000715000000, 0x0000000715000000, 0x0000000715200000|  0%| F|  |TAMS 0x0000000715000000, 0x0000000715000000| Untracked 
|  19|0x0000000715200000, 0x0000000715200000, 0x0000000715400000|  0%| F|  |TAMS 0x0000000715200000, 0x0000000715200000| Untracked 
|  20|0x0000000715400000, 0x0000000715400000, 0x0000000715600000|  0%| F|  |TAMS 0x0000000715400000, 0x0000000715400000| Untracked 
|  21|0x0000000715600000, 0x0000000715600000, 0x0000000715800000|  0%| F|  |TAMS 0x0000000715600000, 0x0000000715600000| Untracked 
|  22|0x0000000715800000, 0x00000007158653a0, 0x0000000715a00000| 19%| E|  |TAMS 0x0000000715800000, 0x0000000715800000| Complete 
|  23|0x0000000715a00000, 0x0000000715c00000, 0x0000000715c00000|100%| E|CS|TAMS 0x0000000715a00000, 0x0000000715a00000| Complete 
|  24|0x0000000715c00000, 0x0000000715e00000, 0x0000000715e00000|100%| E|CS|TAMS 0x0000000715c00000, 0x0000000715c00000| Complete 
|  25|0x0000000715e00000, 0x0000000716000000, 0x0000000716000000|100%| E|  |TAMS 0x0000000715e00000, 0x0000000715e00000| Complete 
|  46|0x0000000718800000, 0x0000000718a00000, 0x0000000718a00000|100%| E|CS|TAMS 0x0000000718800000, 0x0000000718800000| Complete 
|  47|0x0000000718a00000, 0x0000000718c00000, 0x0000000718c00000|100%| E|CS|TAMS 0x0000000718a00000, 0x0000000718a00000| Complete 
|  48|0x0000000718c00000, 0x0000000718e00000, 0x0000000718e00000|100%| E|CS|TAMS 0x0000000718c00000, 0x0000000718c00000| Complete 
| 118|0x0000000721800000, 0x0000000721a00000, 0x0000000721a00000|100%| E|CS|TAMS 0x0000000721800000, 0x0000000721800000| Complete 

Card table byte_map: [0x00000201daba0000,0x00000201db310000] _byte_map_base: 0x00000201d730a000

Marking Bits (Prev, Next): (CMBitMap*) 0x00000201c7afa6b0, (CMBitMap*) 0x00000201c7afa6f0
 Prev Bits: [0x00000201dba80000, 0x00000201df5d0000)
 Next Bits: [0x00000201df5d0000, 0x00000201e3120000)

Polling page: 0x00000201c5460000

Metaspace:

Usage:
  Non-class:     46.93 MB used.
      Class:      5.89 MB used.
       Both:     52.82 MB used.

Virtual space:
  Non-class space:       64.00 MB reserved,      47.19 MB ( 74%) committed,  1 nodes.
      Class space:        1.00 GB reserved,       6.12 MB ( <1%) committed,  1 nodes.
             Both:        1.06 GB reserved,      53.31 MB (  5%) committed. 

Chunk freelists:
   Non-Class:  128.00 KB
       Class:  9.89 MB
        Both:  10.02 MB

MaxMetaspaceSize: unlimited
CompressedClassSpaceSize: 1.00 GB
Initial GC threshold: 21.00 MB
Current GC threshold: 58.88 MB
CDS: off
MetaspaceReclaimPolicy: balanced
 - commit_granule_bytes: 65536.
 - commit_granule_words: 8192.
 - virtual_space_node_default_size: 8388608.
 - enlarge_chunks_in_place: 1.
 - new_chunks_are_fully_committed: 0.
 - uncommit_free_chunks: 1.
 - use_allocation_guard: 0.
 - handle_deallocations: 1.


Internal statistics:

num_allocs_failed_limit: 6.
num_arena_births: 662.
num_arena_deaths: 0.
num_vsnodes_births: 2.
num_vsnodes_deaths: 0.
num_space_committed: 853.
num_space_uncommitted: 0.
num_chunks_returned_to_freelist: 6.
num_chunks_taken_from_freelist: 2232.
num_chunk_merges: 3.
num_chunk_splits: 1530.
num_chunks_enlarged: 1133.
num_inconsistent_stats: 0.

CodeHeap 'non-profiled nmethods': size=120000Kb used=2855Kb max_used=3080Kb free=117144Kb
 bounds [0x00000201d2bd0000, 0x00000201d2ee0000, 0x00000201da100000]
CodeHeap 'profiled nmethods': size=120000Kb used=9625Kb max_used=9824Kb free=110374Kb
 bounds [0x00000201cb100000, 0x00000201cbaf0000, 0x00000201d2630000]
CodeHeap 'non-nmethods': size=5760Kb used=1286Kb max_used=1341Kb free=4473Kb
 bounds [0x00000201d2630000, 0x00000201d28a0000, 0x00000201d2bd0000]
 total_blobs=4971 nmethods=4366 adapters=517
 compilation: enabled
              stopped_count=0, restarted_count=0
 full_count=0

Compilation events (20 events):
Event: 17.234 Thread 0x00000201eae0c7a0 nmethod 5064 0x00000201d2c21710 code [0x00000201d2c218a0, 0x00000201d2c21ac8]
Event: 17.235 Thread 0x00000201e5c740c0 nmethod 5065 0x00000201cb174e90 code [0x00000201cb1751c0, 0x00000201cb176658]
Event: 17.240 Thread 0x00000201e5fad3c0 5068 %     4       sun.security.provider.SHA::implCompress0 @ 379 (506 bytes)
Event: 17.240 Thread 0x00000201e5c740c0 5066       3       sun.security.provider.SHA::implCompress (13 bytes)
Event: 17.240 Thread 0x00000201e5c740c0 nmethod 5066 0x00000201cb174610 code [0x00000201cb174800, 0x00000201cb174c88]
Event: 17.240 Thread 0x00000201e5c740c0 5067       3       sun.security.provider.SHA::implCompressCheck (27 bytes)
Event: 17.241 Thread 0x00000201e5c740c0 nmethod 5067 0x00000201cb173e90 code [0x00000201cb174060, 0x00000201cb174438]
Event: 17.245 Thread 0x00000201e5fad3c0 nmethod 5068% 0x00000201d2d39510 code [0x00000201d2d396a0, 0x00000201d2d39b78]
Event: 17.268 Thread 0x00000201e5c5bcd0 5069 %     4       sun.security.provider.SHA::implCompress0 @ 294 (506 bytes)
Event: 17.269 Thread 0x00000201e5c740c0 5070       3       java.util.concurrent.atomic.AtomicLong::compareAndSet (13 bytes)
Event: 17.270 Thread 0x00000201e5c740c0 nmethod 5070 0x00000201cb173910 code [0x00000201cb173aa0, 0x00000201cb173bd8]
Event: 17.270 Thread 0x00000201e5c740c0 5071       3       java.util.Random::nextBoolean (14 bytes)
Event: 17.270 Thread 0x00000201e5c740c0 nmethod 5071 0x00000201cb31c310 code [0x00000201cb31c4c0, 0x00000201cb31c708]
Event: 17.270 Thread 0x00000201e5c740c0 5072       3       java.util.Random::next (47 bytes)
Event: 17.270 Thread 0x00000201e5c740c0 nmethod 5072 0x00000201cb31bd90 code [0x00000201cb31bf40, 0x00000201cb31c1c8]
Event: 17.275 Thread 0x00000201e5c740c0 5073       3       java.io.Writer::write (11 bytes)
Event: 17.275 Thread 0x00000201e5c740c0 nmethod 5073 0x00000201cb31b790 code [0x00000201cb31b940, 0x00000201cb31bc28]
Event: 17.276 Thread 0x00000201e5c5bcd0 nmethod 5069% 0x00000201d2d38a10 code [0x00000201d2d38ba0, 0x00000201d2d392f8]
Event: 17.283 Thread 0x00000201e5c5bcd0 5074       4       java.util.ArrayDeque::poll (5 bytes)
Event: 17.285 Thread 0x00000201e5c5bcd0 nmethod 5074 0x00000201d2d38610 code [0x00000201d2d38780, 0x00000201d2d388b8]

GC Heap History (20 events):
Event: 1.207 GC heap before
{Heap before GC invocations=1 (full 0):
 garbage-first heap   total 243712K, used 29553K [0x0000000712c00000, 0x0000000800000000)
  region size 2048K, 15 young (30720K), 2 survivors (4096K)
 Metaspace       used 20259K, committed 20544K, reserved 1114112K
  class space    used 2171K, committed 2304K, reserved 1048576K
}
Event: 1.213 GC heap after
{Heap after GC invocations=2 (full 0):
 garbage-first heap   total 243712K, used 7555K [0x0000000712c00000, 0x0000000800000000)
  region size 2048K, 2 young (4096K), 2 survivors (4096K)
 Metaspace       used 20259K, committed 20544K, reserved 1114112K
  class space    used 2171K, committed 2304K, reserved 1048576K
}
Event: 1.282 GC heap before
{Heap before GC invocations=2 (full 0):
 garbage-first heap   total 243712K, used 11651K [0x0000000712c00000, 0x0000000800000000)
  region size 2048K, 5 young (10240K), 2 survivors (4096K)
 Metaspace       used 21298K, committed 21504K, reserved 1114112K
  class space    used 2309K, committed 2432K, reserved 1048576K
}
Event: 1.284 GC heap after
{Heap after GC invocations=3 (full 0):
 garbage-first heap   total 243712K, used 8018K [0x0000000712c00000, 0x0000000800000000)
  region size 2048K, 2 young (4096K), 2 survivors (4096K)
 Metaspace       used 21298K, committed 21504K, reserved 1114112K
  class space    used 2309K, committed 2432K, reserved 1048576K
}
Event: 1.571 GC heap before
{Heap before GC invocations=4 (full 0):
 garbage-first heap   total 40960K, used 26450K [0x0000000712c00000, 0x0000000800000000)
  region size 2048K, 12 young (24576K), 2 survivors (4096K)
 Metaspace       used 25510K, committed 25792K, reserved 1114112K
  class space    used 2895K, committed 3008K, reserved 1048576K
}
Event: 1.575 GC heap after
{Heap after GC invocations=5 (full 0):
 garbage-first heap   total 40960K, used 9631K [0x0000000712c00000, 0x0000000800000000)
  region size 2048K, 3 young (6144K), 3 survivors (6144K)
 Metaspace       used 25510K, committed 25792K, reserved 1114112K
  class space    used 2895K, committed 3008K, reserved 1048576K
}
Event: 1.625 GC heap before
{Heap before GC invocations=5 (full 0):
 garbage-first heap   total 40960K, used 11679K [0x0000000712c00000, 0x0000000800000000)
  region size 2048K, 4 young (8192K), 3 survivors (6144K)
 Metaspace       used 25750K, committed 26048K, reserved 1114112K
  class space    used 2927K, committed 3072K, reserved 1048576K
}
Event: 1.631 GC heap after
{Heap after GC invocations=6 (full 0):
 garbage-first heap   total 40960K, used 10288K [0x0000000712c00000, 0x0000000800000000)
  region size 2048K, 1 young (2048K), 1 survivors (2048K)
 Metaspace       used 25750K, committed 26048K, reserved 1114112K
  class space    used 2927K, committed 3072K, reserved 1048576K
}
Event: 2.009 GC heap before
{Heap before GC invocations=6 (full 0):
 garbage-first heap   total 40960K, used 26672K [0x0000000712c00000, 0x0000000800000000)
  region size 2048K, 9 young (18432K), 1 survivors (2048K)
 Metaspace       used 27688K, committed 27968K, reserved 1114112K
  class space    used 3135K, committed 3264K, reserved 1048576K
}
Event: 2.013 GC heap after
{Heap after GC invocations=7 (full 0):
 garbage-first heap   total 143360K, used 11285K [0x0000000712c00000, 0x0000000800000000)
  region size 2048K, 1 young (2048K), 1 survivors (2048K)
 Metaspace       used 27688K, committed 27968K, reserved 1114112K
  class space    used 3135K, committed 3264K, reserved 1048576K
}
Event: 3.131 GC heap before
{Heap before GC invocations=7 (full 0):
 garbage-first heap   total 143360K, used 52245K [0x0000000712c00000, 0x0000000800000000)
  region size 2048K, 22 young (45056K), 1 survivors (2048K)
 Metaspace       used 35728K, committed 36096K, reserved 1114112K
  class space    used 4111K, committed 4288K, reserved 1048576K
}
Event: 3.138 GC heap after
{Heap after GC invocations=8 (full 0):
 garbage-first heap   total 143360K, used 15006K [0x0000000712c00000, 0x0000000800000000)
  region size 2048K, 3 young (6144K), 3 survivors (6144K)
 Metaspace       used 35728K, committed 36096K, reserved 1114112K
  class space    used 4111K, committed 4288K, reserved 1048576K
}
Event: 3.882 GC heap before
{Heap before GC invocations=9 (full 0):
 garbage-first heap   total 61440K, used 45726K [0x0000000712c00000, 0x0000000800000000)
  region size 2048K, 18 young (36864K), 3 survivors (6144K)
 Metaspace       used 40892K, committed 41344K, reserved 1114112K
  class space    used 4742K, committed 4928K, reserved 1048576K
}
Event: 3.889 GC heap after
{Heap after GC invocations=10 (full 0):
 garbage-first heap   total 61440K, used 17901K [0x0000000712c00000, 0x0000000800000000)
  region size 2048K, 2 young (4096K), 2 survivors (4096K)
 Metaspace       used 40892K, committed 41344K, reserved 1114112K
  class space    used 4742K, committed 4928K, reserved 1048576K
}
Event: 3.931 GC heap before
{Heap before GC invocations=10 (full 0):
 garbage-first heap   total 61440K, used 19949K [0x0000000712c00000, 0x0000000800000000)
  region size 2048K, 3 young (6144K), 2 survivors (4096K)
 Metaspace       used 41156K, committed 41600K, reserved 1114112K
  class space    used 4778K, committed 4992K, reserved 1048576K
}
Event: 3.935 GC heap after
{Heap after GC invocations=11 (full 0):
 garbage-first heap   total 61440K, used 17756K [0x0000000712c00000, 0x0000000800000000)
  region size 2048K, 1 young (2048K), 1 survivors (2048K)
 Metaspace       used 41156K, committed 41600K, reserved 1114112K
  class space    used 4778K, committed 4992K, reserved 1048576K
}
Event: 16.520 GC heap before
{Heap before GC invocations=11 (full 0):
 garbage-first heap   total 61440K, used 42332K [0x0000000712c00000, 0x0000000800000000)
  region size 2048K, 13 young (26624K), 1 survivors (2048K)
 Metaspace       used 46467K, committed 46976K, reserved 1114112K
  class space    used 5407K, committed 5632K, reserved 1048576K
}
Event: 16.525 GC heap after
{Heap after GC invocations=12 (full 0):
 garbage-first heap   total 61440K, used 20058K [0x0000000712c00000, 0x0000000800000000)
  region size 2048K, 2 young (4096K), 2 survivors (4096K)
 Metaspace       used 46467K, committed 46976K, reserved 1114112K
  class space    used 5407K, committed 5632K, reserved 1048576K
}
Event: 16.956 GC heap before
{Heap before GC invocations=12 (full 0):
 garbage-first heap   total 61440K, used 42586K [0x0000000712c00000, 0x0000000800000000)
  region size 2048K, 14 young (28672K), 2 survivors (4096K)
 Metaspace       used 51290K, committed 51840K, reserved 1114112K
  class space    used 5804K, committed 6080K, reserved 1048576K
}
Event: 16.960 GC heap after
{Heap after GC invocations=13 (full 0):
 garbage-first heap   total 61440K, used 21792K [0x0000000712c00000, 0x0000000800000000)
  region size 2048K, 1 young (2048K), 1 survivors (2048K)
 Metaspace       used 51290K, committed 51840K, reserved 1114112K
  class space    used 5804K, committed 6080K, reserved 1048576K
}

Dll operation events (8 events):
Event: 0.010 Loaded shared library C:\Users\marco.cerrato\.p2\pool\plugins\org.eclipse.justj.openjdk.hotspot.jre.full.win32.x86_64_17.0.7.v20230425-1502\jre\bin\java.dll
Event: 0.108 Loaded shared library C:\Users\marco.cerrato\.p2\pool\plugins\org.eclipse.justj.openjdk.hotspot.jre.full.win32.x86_64_17.0.7.v20230425-1502\jre\bin\jimage.dll
Event: 0.119 Loaded shared library C:\Users\marco.cerrato\.p2\pool\plugins\org.eclipse.justj.openjdk.hotspot.jre.full.win32.x86_64_17.0.7.v20230425-1502\jre\bin\net.dll
Event: 0.121 Loaded shared library C:\Users\marco.cerrato\.p2\pool\plugins\org.eclipse.justj.openjdk.hotspot.jre.full.win32.x86_64_17.0.7.v20230425-1502\jre\bin\nio.dll
Event: 0.126 Loaded shared library C:\Users\marco.cerrato\.p2\pool\plugins\org.eclipse.justj.openjdk.hotspot.jre.full.win32.x86_64_17.0.7.v20230425-1502\jre\bin\zip.dll
Event: 1.485 Loaded shared library C:\Users\marco.cerrato\.p2\pool\plugins\org.eclipse.justj.openjdk.hotspot.jre.full.win32.x86_64_17.0.7.v20230425-1502\jre\bin\sunmscapi.dll
Event: 2.883 Loaded shared library C:\Users\marco.cerrato\.p2\pool\plugins\org.eclipse.justj.openjdk.hotspot.jre.full.win32.x86_64_17.0.7.v20230425-1502\jre\bin\management.dll
Event: 2.885 Loaded shared library C:\Users\marco.cerrato\.p2\pool\plugins\org.eclipse.justj.openjdk.hotspot.jre.full.win32.x86_64_17.0.7.v20230425-1502\jre\bin\management_ext.dll

Deoptimization events (20 events):
Event: 17.240 Thread 0x00000201ea9b2b20 DEOPT PACKING pc=0x00000201d2beb29c sp=0x000000bd7fffb2f0
Event: 17.240 Thread 0x00000201ea9b2b20 DEOPT UNPACKING pc=0x00000201d26869a3 sp=0x000000bd7fffb2b8 mode 2
Event: 17.268 Thread 0x00000201ea9b2b20 DEOPT PACKING pc=0x00000201cb7c5192 sp=0x000000bd7fffb270
Event: 17.268 Thread 0x00000201ea9b2b20 DEOPT UNPACKING pc=0x00000201d2687143 sp=0x000000bd7fffa6f8 mode 0
Event: 17.269 Thread 0x00000201ea9b2b20 DEOPT PACKING pc=0x00000201cb7c5192 sp=0x000000bd7fffb270
Event: 17.269 Thread 0x00000201ea9b2b20 DEOPT UNPACKING pc=0x00000201d2687143 sp=0x000000bd7fffa6f8 mode 0
Event: 17.269 Thread 0x00000201ea9b2b20 DEOPT PACKING pc=0x00000201cb7c5192 sp=0x000000bd7fffb270
Event: 17.269 Thread 0x00000201ea9b2b20 DEOPT UNPACKING pc=0x00000201d2687143 sp=0x000000bd7fffa6f8 mode 0
Event: 17.269 Thread 0x00000201ea9b2b20 DEOPT PACKING pc=0x00000201cb7c5192 sp=0x000000bd7fffb270
Event: 17.269 Thread 0x00000201ea9b2b20 DEOPT UNPACKING pc=0x00000201d2687143 sp=0x000000bd7fffa6f8 mode 0
Event: 17.270 Thread 0x00000201ea9b2b20 DEOPT PACKING pc=0x00000201cb7c52da sp=0x000000bd7fffb270
Event: 17.270 Thread 0x00000201ea9b2b20 DEOPT UNPACKING pc=0x00000201d2687143 sp=0x000000bd7fffa6f8 mode 0
Event: 17.274 Thread 0x00000201ea9b2b20 Uncommon trap: trap_request=0xffffff45 fr.pc=0x00000201d2c22818 relative=0x0000000000000098
Event: 17.274 Thread 0x00000201ea9b2b20 Uncommon trap: reason=unstable_if action=reinterpret pc=0x00000201d2c22818 method=java.lang.Integer.stringSize(I)I @ 3 c2
Event: 17.274 Thread 0x00000201ea9b2b20 DEOPT PACKING pc=0x00000201d2c22818 sp=0x000000bd7fffc610
Event: 17.274 Thread 0x00000201ea9b2b20 DEOPT UNPACKING pc=0x00000201d26869a3 sp=0x000000bd7fffc598 mode 2
Event: 17.274 Thread 0x00000201ea9b2b20 Uncommon trap: trap_request=0xffffff45 fr.pc=0x00000201d2c22280 relative=0x00000000000001e0
Event: 17.274 Thread 0x00000201ea9b2b20 Uncommon trap: reason=unstable_if action=reinterpret pc=0x00000201d2c22280 method=java.lang.Integer.getChars(II[B)I @ 4 c2
Event: 17.274 Thread 0x00000201ea9b2b20 DEOPT PACKING pc=0x00000201d2c22280 sp=0x000000bd7fffc5e0
Event: 17.274 Thread 0x00000201ea9b2b20 DEOPT UNPACKING pc=0x00000201d26869a3 sp=0x000000bd7fffc580 mode 2

Classes unloaded (0 events):
No events

Classes redefined (0 events):
No events

Internal exceptions (20 events):
Event: 3.575 Thread 0x00000201c7a8e480 Exception <a 'java/lang/NoSuchMethodError'{0x0000000714f73770}: 'java.lang.Object java.lang.invoke.DirectMethodHandle$Holder.invokeSpecial(java.lang.Object, java.lang.Object, java.lang.Object, java.lang.Object, java.lang.Object, java.lang.Object, java.lang.Object, java.lang.Object, java.lang.Object, java.lang.Object)'> (0x0000000714f73770) 
thrown [s\src\hotspot\share\interpreter\linkResolver.cpp, line 759]
Event: 3.575 Thread 0x00000201c7a8e480 Exception <a 'java/lang/NoSuchMethodError'{0x0000000714f782a8}: 'java.lang.Object java.lang.invoke.Invokers$Holder.invoke_MT(java.lang.Object, java.lang.Object, java.lang.Object, java.lang.Object, java.lang.Object, java.lang.Object, java.lang.Object, java.lang.Object, java.lang.Object, java.lang.Object)'> (0x0000000714f782a8) 
thrown [s\src\hotspot\share\interpreter\linkResolver.cpp, line 759]
Event: 3.584 Thread 0x00000201c7a8e480 Exception <a 'java/lang/NoSuchMethodError'{0x0000000714fbd428}: 'java.lang.Object java.lang.invoke.DirectMethodHandle$Holder.invokeSpecial(java.lang.Object, java.lang.Object, int, java.lang.Object, java.lang.Object)'> (0x0000000714fbd428) 
thrown [s\src\hotspot\share\interpreter\linkResolver.cpp, line 759]
Event: 3.585 Thread 0x00000201c7a8e480 Exception <a 'java/lang/NoSuchMethodError'{0x0000000714fc1378}: 'java.lang.Object java.lang.invoke.DelegatingMethodHandle$Holder.delegate(java.lang.Object, int, java.lang.Object, java.lang.Object)'> (0x0000000714fc1378) 
thrown [s\src\hotspot\share\interpreter\linkResolver.cpp, line 759]
Event: 3.587 Thread 0x00000201c7a8e480 Exception <a 'java/lang/NoSuchMethodError'{0x0000000714fd24a8}: 'int java.lang.invoke.Invokers$Holder.linkToTargetMethod(java.lang.Object, java.lang.Object, java.lang.Object)'> (0x0000000714fd24a8) 
thrown [s\src\hotspot\share\interpreter\linkResolver.cpp, line 759]
Event: 3.863 Thread 0x00000201c7a8e480 Exception <a 'sun/nio/fs/WindowsException'{0x000000071453fa68}> (0x000000071453fa68) 
thrown [s\src\hotspot\share\prims\jni.cpp, line 516]
Event: 3.915 Thread 0x00000201c7a8e480 Exception <a 'java/lang/IncompatibleClassChangeError'{0x00000007219570c8}: Found class java.lang.Object, but interface was expected> (0x00000007219570c8) 
thrown [s\src\hotspot\share\interpreter\linkResolver.cpp, line 826]
Event: 3.966 Thread 0x00000201c7a8e480 Exception <a 'java/lang/NoSuchMethodError'{0x0000000721906160}: 'void java.lang.invoke.DirectMethodHandle$Holder.invokeVirtual(java.lang.Object, java.lang.Object, long)'> (0x0000000721906160) 
thrown [s\src\hotspot\share\interpreter\linkResolver.cpp, line 759]
Event: 4.021 Thread 0x00000201c7a8e480 Exception <a 'java/lang/NoSuchMethodError'{0x0000000718bf5208}: 'int java.lang.invoke.DirectMethodHandle$Holder.invokeStaticInit(java.lang.Object, java.lang.Object, java.lang.Object, java.lang.Object)'> (0x0000000718bf5208) 
thrown [s\src\hotspot\share\interpreter\linkResolver.cpp, line 759]
Event: 4.120 Thread 0x00000201c7a8e480 Exception <a 'java/lang/IncompatibleClassChangeError'{0x0000000715f75328}: Found class java.lang.Object, but interface was expected> (0x0000000715f75328) 
thrown [s\src\hotspot\share\interpreter\linkResolver.cpp, line 826]
Event: 4.145 Thread 0x00000201c7a8e480 Exception <a 'java/lang/NoSuchMethodError'{0x0000000715c680b8}: 'java.lang.Object java.lang.invoke.DirectMethodHandle$Holder.newInvokeSpecial(java.lang.Object, java.lang.Object, int, java.lang.Object, java.lang.Object)'> (0x0000000715c680b8) 
thrown [s\src\hotspot\share\interpreter\linkResolver.cpp, line 759]
Event: 10.632 Thread 0x00000201ec4d1760 Exception <a 'java/lang/NoSuchMethodError'{0x0000000715bfc860}: 'java.lang.Object java.lang.invoke.DirectMethodHandle$Holder.invokeStaticInit(java.lang.Object, java.lang.Object, java.lang.Object, int, int)'> (0x0000000715bfc860) 
thrown [s\src\hotspot\share\interpreter\linkResolver.cpp, line 759]
Event: 10.682 Thread 0x00000201ede638e0 Exception <a 'java/lang/NoSuchMethodError'{0x00000007159776b0}: 'java.lang.Object java.lang.invoke.DirectMethodHandle$Holder.invokeSpecial(java.lang.Object, java.lang.Object, java.lang.Object, java.lang.Object, java.lang.Object, long)'> (0x00000007159776b0) 
thrown [s\src\hotspot\share\interpreter\linkResolver.cpp, line 759]
Event: 10.682 Thread 0x00000201ede638e0 Exception <a 'java/lang/NoSuchMethodError'{0x000000071597b0f0}: 'java.lang.Object java.lang.invoke.Invokers$Holder.linkToTargetMethod(java.lang.Object, java.lang.Object, java.lang.Object, long, java.lang.Object)'> (0x000000071597b0f0) 
thrown [s\src\hotspot\share\interpreter\linkResolver.cpp, line 759]
Event: 10.731 Thread 0x00000201eff88a60 Exception <a 'java/io/IOException'{0x00000007157064d8}> (0x00000007157064d8) 
thrown [s\src\hotspot\share\prims\jni.cpp, line 516]
Event: 16.278 Thread 0x00000201ea9b2b20 Exception <a 'java/lang/NoSuchMethodError'{0x0000000715da21c8}: getSession> (0x0000000715da21c8) 
thrown [s\src\hotspot\share\prims\jni.cpp, line 1073]
Event: 16.306 Thread 0x00000201ea9b2b20 Exception <a 'java/lang/NoSuchMethodError'{0x00000007157fe638}: 'java.lang.Object java.lang.invoke.DirectMethodHandle$Holder.invokeStatic(java.lang.Object, int, int)'> (0x00000007157fe638) 
thrown [s\src\hotspot\share\interpreter\linkResolver.cpp, line 759]
Event: 16.592 Thread 0x00000201ea9b2b20 Implicit null exception at 0x00000201d2cfb60c to 0x00000201d2cfb640
Event: 17.198 Thread 0x00000201ea9b2b20 Exception <a 'java/lang/NoSuchMethodError'{0x0000000715d8ee70}: 'int java.lang.invoke.DirectMethodHandle$Holder.invokeStatic(java.lang.Object, int, java.lang.Object)'> (0x0000000715d8ee70) 
thrown [s\src\hotspot\share\interpreter\linkResolver.cpp, line 759]
Event: 17.234 Thread 0x00000201ea9b2b20 Exception <a 'java/lang/NullPointerException'{0x0000000715a3be40}> (0x0000000715a3be40) 
thrown [s\src\hotspot\share\interpreter\linkResolver.cpp, line 1433]

VM Operations (20 events):
Event: 16.520 Executing VM operation: G1CollectForAllocation
Event: 16.525 Executing VM operation: G1CollectForAllocation done
Event: 16.570 Executing VM operation: HandshakeAllThreads
Event: 16.570 Executing VM operation: HandshakeAllThreads done
Event: 16.956 Executing VM operation: G1CollectForAllocation
Event: 16.960 Executing VM operation: G1CollectForAllocation done
Event: 17.230 Executing VM operation: ChangeBreakpoints
Event: 17.232 Executing VM operation: ChangeBreakpoints done
Event: 17.232 Executing VM operation: ChangeBreakpoints
Event: 17.233 Executing VM operation: ChangeBreakpoints done
Event: 17.234 Executing VM operation: get/set locals
Event: 17.234 Executing VM operation: get/set locals done
Event: 17.234 Executing VM operation: get/set locals
Event: 17.234 Executing VM operation: get/set locals done
Event: 17.286 Executing VM operation: HandshakeAllThreads
Event: 17.286 Executing VM operation: HandshakeAllThreads done
Event: 17.287 Executing VM operation: get/set locals
Event: 17.287 Executing VM operation: get/set locals done
Event: 17.287 Executing VM operation: get/set locals
Event: 17.287 Executing VM operation: get/set locals done

Events (20 events):
Event: 17.227 loading class java/net/URLClassLoader$1
Event: 17.227 loading class java/net/URLClassLoader$1 done
Event: 17.239 loading class java/io/WriteAbortedException
Event: 17.239 loading class java/io/WriteAbortedException done
Event: 17.239 loading class sun/security/provider/SecureRandom
Event: 17.239 loading class sun/security/provider/SecureRandom done
Event: 17.240 loading class sun/security/provider/SecureRandom$SeederHolder
Event: 17.240 loading class sun/security/provider/SecureRandom$SeederHolder done
Event: 17.284 loading class java/util/WeakHashMap$EntrySet
Event: 17.284 loading class java/util/WeakHashMap$EntrySet done
Event: 17.284 loading class java/util/WeakHashMap$EntryIterator
Event: 17.284 loading class java/util/WeakHashMap$HashIterator
Event: 17.284 loading class java/util/WeakHashMap$HashIterator done
Event: 17.284 loading class java/util/WeakHashMap$EntryIterator done
Event: 17.286 loading class sun/nio/cs/ISO_8859_1$Encoder
Event: 17.286 loading class sun/nio/cs/ISO_8859_1$Encoder done
Event: 17.286 loading class sun/nio/cs/Surrogate$Parser
Event: 17.287 loading class sun/nio/cs/Surrogate$Parser done
Event: 17.287 loading class sun/nio/cs/Surrogate
Event: 17.287 loading class sun/nio/cs/Surrogate done


Dynamic libraries:
0x00007ff6d2c40000 - 0x00007ff6d2c4e000 	C:\Users\marco.cerrato\.p2\pool\plugins\org.eclipse.justj.openjdk.hotspot.jre.full.win32.x86_64_17.0.7.v20230425-1502\jre\bin\javaw.exe
0x00000201c5480000 - 0x00000201c5678000 	C:\Windows\SYSTEM32\ntd1l.dll
0x00000201c5380000 - 0x00000201c5442000 	C:\Windows\System32\kern3l32.dll
0x00007ffe3eb90000 - 0x00007ffe3ed88000 	C:\Windows\SYSTEM32\ntdll.dll
0x00007ffe3d470000 - 0x00007ffe3d532000 	C:\Windows\System32\KERNEL32.DLL
0x00007ffe3c430000 - 0x00007ffe3c726000 	C:\Windows\System32\KERNELBASE.dll
0x00007ffe3bd50000 - 0x00007ffe3bfb7000 	C:\Program Files\SentinelOne\Sentinel Agent 22.3.4.612\InProcessClient64.dll
0x00007ffe3e8f0000 - 0x00007ffe3e99f000 	C:\Windows\System32\ADVAPI32.dll
0x00007ffe3cdc0000 - 0x00007ffe3ce5e000 	C:\Windows\System32\msvcrt.dll
0x00007ffe3d150000 - 0x00007ffe3d1ef000 	C:\Windows\System32\sechost.dll
0x00007ffe3d300000 - 0x00007ffe3d423000 	C:\Windows\System32\RPCRT4.dll
0x00007ffe3c330000 - 0x00007ffe3c357000 	C:\Windows\System32\bcrypt.dll
0x00007ffe3c230000 - 0x00007ffe3c330000 	C:\Windows\System32\ucrtbase.dll
0x00007ffdfd680000 - 0x00007ffdfd699000 	C:\Users\marco.cerrato\.p2\pool\plugins\org.eclipse.justj.openjdk.hotspot.jre.full.win32.x86_64_17.0.7.v20230425-1502\jre\bin\VCRUNTIME140.dll
0x00007ffe01c30000 - 0x00007ffe01c47000 	C:\Users\marco.cerrato\.p2\pool\plugins\org.eclipse.justj.openjdk.hotspot.jre.full.win32.x86_64_17.0.7.v20230425-1502\jre\bin\jli.dll
0x00007ffe3cc20000 - 0x00007ffe3cdbd000 	C:\Windows\System32\USER32.dll
0x00007ffe3c730000 - 0x00007ffe3c752000 	C:\Windows\System32\win32u.dll
0x00007ffe292b0000 - 0x00007ffe2954a000 	C:\Windows\WinSxS\amd64_microsoft.windows.common-controls_6595b64144ccf1df_6.0.19041.5794_none_60bcd33171f2783c\COMCTL32.dll
0x00007ffe3d2d0000 - 0x00007ffe3d2fb000 	C:\Windows\System32\GDI32.dll
0x00007ffe3c810000 - 0x00007ffe3c92a000 	C:\Windows\System32\gdi32full.dll
0x00007ffe3ca90000 - 0x00007ffe3cb2d000 	C:\Windows\System32\msvcp_win.dll
0x00007ffe3bd40000 - 0x00007ffe3bd4a000 	C:\Windows\SYSTEM32\VERSION.dll
0x00007ffe3d440000 - 0x00007ffe3d46f000 	C:\Windows\System32\IMM32.DLL
0x00007ffe11910000 - 0x00007ffe1191c000 	C:\Users\marco.cerrato\.p2\pool\plugins\org.eclipse.justj.openjdk.hotspot.jre.full.win32.x86_64_17.0.7.v20230425-1502\jre\bin\vcruntime140_1.dll
0x00007ffd93360000 - 0x00007ffd933f1000 	C:\Users\marco.cerrato\.p2\pool\plugins\org.eclipse.justj.openjdk.hotspot.jre.full.win32.x86_64_17.0.7.v20230425-1502\jre\bin\msvcp140.dll
0x00007ffd99b10000 - 0x00007ffd9a758000 	C:\Users\marco.cerrato\.p2\pool\plugins\org.eclipse.justj.openjdk.hotspot.jre.full.win32.x86_64_17.0.7.v20230425-1502\jre\bin\server\jvm.dll
0x00007ffe23f00000 - 0x00007ffe23f09000 	C:\Windows\SYSTEM32\WSOCK32.dll
0x00007ffe3d250000 - 0x00007ffe3d2bb000 	C:\Windows\System32\WS2_32.dll
0x00007ffe30190000 - 0x00007ffe301b7000 	C:\Windows\SYSTEM32\WINMM.dll
0x00007ffe3a5b0000 - 0x00007ffe3a5c2000 	C:\Windows\SYSTEM32\kernel.appcore.dll
0x00007ffe348c0000 - 0x00007ffe348ca000 	C:\Users\marco.cerrato\.p2\pool\plugins\org.eclipse.justj.openjdk.hotspot.jre.full.win32.x86_64_17.0.7.v20230425-1502\jre\bin\jimage.dll
0x00007ffe399a0000 - 0x00007ffe39ba1000 	C:\Windows\SYSTEM32\DBGHELP.DLL
0x00007ffe27370000 - 0x00007ffe273a4000 	C:\Windows\SYSTEM32\dbgcore.DLL
0x00007ffe3cb30000 - 0x00007ffe3cbb2000 	C:\Windows\System32\bcryptPrimitives.dll
0x00000201c5680000 - 0x00000201c5700000 	C:\Program Files\SentinelOne\Sentinel Agent 22.3.4.612\SentinelJava64.dll
0x00007ffe3e130000 - 0x00007ffe3e25b000 	C:\Windows\System32\ole32.dll
0x00007ffe3dd10000 - 0x00007ffe3e063000 	C:\Windows\System32\combase.dll
0x00007ffe1f8b0000 - 0x00007ffe1f8d5000 	C:\Users\marco.cerrato\.p2\pool\plugins\org.eclipse.justj.openjdk.hotspot.jre.full.win32.x86_64_17.0.7.v20230425-1502\jre\bin\java.dll
0x00007ffe01b20000 - 0x00007ffe01b38000 	C:\Users\marco.cerrato\.p2\pool\plugins\org.eclipse.justj.openjdk.hotspot.jre.full.win32.x86_64_17.0.7.v20230425-1502\jre\bin\zip.dll
0x00007ffe3d5a0000 - 0x00007ffe3dd0e000 	C:\Windows\System32\SHELL32.dll
0x00007ffe39df0000 - 0x00007ffe3a593000 	C:\Windows\SYSTEM32\windows.storage.dll
0x00007ffe3b900000 - 0x00007ffe3b92b000 	C:\Windows\SYSTEM32\Wldp.dll
0x00007ffe3cfa0000 - 0x00007ffe3d06d000 	C:\Windows\System32\OLEAUT32.dll
0x00007ffe3e080000 - 0x00007ffe3e12d000 	C:\Windows\System32\SHCORE.dll
0x00007ffe3d1f0000 - 0x00007ffe3d245000 	C:\Windows\System32\shlwapi.dll
0x00007ffe3c160000 - 0x00007ffe3c185000 	C:\Windows\SYSTEM32\profapi.dll
0x00007ffdfeb90000 - 0x00007ffdfeba9000 	C:\Users\marco.cerrato\.p2\pool\plugins\org.eclipse.justj.openjdk.hotspot.jre.full.win32.x86_64_17.0.7.v20230425-1502\jre\bin\net.dll
0x00007ffe33e80000 - 0x00007ffe33f8a000 	C:\Windows\SYSTEM32\WINHTTP.dll
0x00007ffe3b6e0000 - 0x00007ffe3b74c000 	C:\Windows\system32\mswsock.dll
0x00007ffdfeb70000 - 0x00007ffdfeb85000 	C:\Users\marco.cerrato\.p2\pool\plugins\org.eclipse.justj.openjdk.hotspot.jre.full.win32.x86_64_17.0.7.v20230425-1502\jre\bin\nio.dll
0x00007ffe38ec0000 - 0x00007ffe38ece000 	C:\Users\marco.cerrato\.p2\pool\plugins\org.eclipse.justj.openjdk.hotspot.jre.full.win32.x86_64_17.0.7.v20230425-1502\jre\bin\sunmscapi.dll
0x00007ffe3c930000 - 0x00007ffe3ca8d000 	C:\Windows\System32\CRYPT32.dll
0x00007ffe3ba30000 - 0x00007ffe3ba57000 	C:\Windows\SYSTEM32\ncrypt.dll
0x00007ffe3b9f0000 - 0x00007ffe3ba2b000 	C:\Windows\SYSTEM32\NTASN1.dll
0x00007ffe3b940000 - 0x00007ffe3b958000 	C:\Windows\SYSTEM32\CRYPTSP.dll
0x00007ffe3af50000 - 0x00007ffe3af88000 	C:\Windows\system32\rsaenh.dll
0x00007ffe3c120000 - 0x00007ffe3c14e000 	C:\Windows\SYSTEM32\USERENV.dll
0x00007ffe3b870000 - 0x00007ffe3b87c000 	C:\Windows\SYSTEM32\CRYPTBASE.dll
0x00007ffe3b390000 - 0x00007ffe3b3cb000 	C:\Windows\SYSTEM32\IPHLPAPI.DLL
0x00007ffe3e070000 - 0x00007ffe3e078000 	C:\Windows\System32\NSI.dll
0x00007ffe36000000 - 0x00007ffe36017000 	C:\Windows\SYSTEM32\dhcpcsvc6.DLL
0x00007ffe35fe0000 - 0x00007ffe35ffd000 	C:\Windows\SYSTEM32\dhcpcsvc.DLL
0x00007ffe3b3e0000 - 0x00007ffe3b4aa000 	C:\Windows\SYSTEM32\DNSAPI.dll
0x00007ffe38f00000 - 0x00007ffe38f09000 	C:\Users\marco.cerrato\.p2\pool\plugins\org.eclipse.justj.openjdk.hotspot.jre.full.win32.x86_64_17.0.7.v20230425-1502\jre\bin\management.dll
0x00007ffe35780000 - 0x00007ffe3578b000 	C:\Users\marco.cerrato\.p2\pool\plugins\org.eclipse.justj.openjdk.hotspot.jre.full.win32.x86_64_17.0.7.v20230425-1502\jre\bin\management_ext.dll
0x00007ffe3d2c0000 - 0x00007ffe3d2c8000 	C:\Windows\System32\PSAPI.DLL
0x00007ffe38320000 - 0x00007ffe38327000 	C:\Windows\system32\wshunix.dll

dbghelp: loaded successfully - version: 4.0.5 - missing functions: none
symbol engine: initialized successfully - sym options: 0x614 - pdb path: .;C:\Users\marco.cerrato\.p2\pool\plugins\org.eclipse.justj.openjdk.hotspot.jre.full.win32.x86_64_17.0.7.v20230425-1502\jre\bin;C:\Windows\SYSTEM32;C:\Program Files\SentinelOne\Sentinel Agent 22.3.4.612;C:\Windows\WinSxS\amd64_microsoft.windows.common-controls_6595b64144ccf1df_6.0.19041.5794_none_60bcd33171f2783c;C:\Users\marco.cerrato\.p2\pool\plugins\org.eclipse.justj.openjdk.hotspot.jre.full.win32.x86_64_17.0.7.v20230425-1502\jre\bin\server

VM Arguments:
jvm_args: -Dfile.encoding=UTF-8 -XX:+ShowCodeDetailsInExceptionMessages -agentpath:C:\Program Files\SentinelOne\Sentinel Agent 22.3.4.612\SentinelJava64.dll 
java_command: com.its.readchallenge.ReadChallengeApplication
java_class_path (initial): C:\Development\readchallenge\target\classes;C:\Users\marco.cerrato\.m2\repository\org\springframework\boot\spring-boot-starter-jdbc\3.4.5\spring-boot-starter-jdbc-3.4.5.jar;C:\Users\marco.cerrato\.m2\repository\org\springframework\boot\spring-boot-starter\3.4.5\spring-boot-starter-3.4.5.jar;C:\Users\marco.cerrato\.m2\repository\org\springframework\boot\spring-boot\3.4.5\spring-boot-3.4.5.jar;C:\Users\marco.cerrato\.m2\repository\org\springframework\boot\spring-boot-autoconfigure\3.4.5\spring-boot-autoconfigure-3.4.5.jar;C:\Users\marco.cerrato\.m2\repository\org\springframework\boot\spring-boot-starter-logging\3.4.5\spring-boot-starter-logging-3.4.5.jar;C:\Users\marco.cerrato\.m2\repository\ch\qos\logback\logback-classic\1.5.18\logback-classic-1.5.18.jar;C:\Users\marco.cerrato\.m2\repository\ch\qos\logback\logback-core\1.5.18\logback-core-1.5.18.jar;C:\Users\marco.cerrato\.m2\repository\org\apache\logging\log4j\log4j-to-slf4j\2.24.3\log4j-to-slf4j-2.24.3.jar;C:\Users\marco.cerrato\.m2\repository\org\apache\logging\log4j\log4j-api\2.24.3\log4j-api-2.24.3.jar;C:\Users\marco.cerrato\.m2\repository\org\slf4j\jul-to-slf4j\2.0.17\jul-to-slf4j-2.0.17.jar;C:\Users\marco.cerrato\.m2\repository\jakarta\annotation\jakarta.annotation-api\2.1.1\jakarta.annotation-api-2.1.1.jar;C:\Users\marco.cerrato\.m2\repository\org\springframework\spring-core\6.2.6\spring-core-6.2.6.jar;C:\Users\marco.cerrato\.m2\repository\org\springframework\spring-jcl\6.2.6\spring-jcl-6.2.6.jar;C:\Users\marco.cerrato\.m2\repository\org\yaml\snakeyaml\2.3\snakeyaml-2.3.jar;C:\Users\marco.cerrato\.m2\repository\com\zaxxer\HikariCP\5.1.0\HikariCP-5.1.0.jar;C:\Users\marco.cerrato\.m2\repository\org\slf4j\slf4j-api\2.0.17\slf4j-api-2.0.17.jar;C:\Users\marco.cerrato\.m2\repository\org\springframework\spring-jdbc\6.2.6\spring-jdbc-6.2.6.jar;C:\Users\marco.cerrato\.m2\repository\org\springframework\spring-beans\6.2.6\spring-beans-6.2.6.jar;C:\Users\marco.cerrato\.m2\repository\org\sprin
Launcher Type: SUN_STANDARD

[Global flags]
     intx CICompilerCount                          = 4                                         {product} {ergonomic}
     uint ConcGCThreads                            = 2                                         {product} {ergonomic}
     uint G1ConcRefinementThreads                  = 8                                         {product} {ergonomic}
   size_t G1HeapRegionSize                         = 2097152                                   {product} {ergonomic}
    uintx GCDrainStackTargetSize                   = 64                                        {product} {ergonomic}
   size_t InitialHeapSize                          = 249561088                                 {product} {ergonomic}
   size_t MarkStackSize                            = 4194304                                   {product} {ergonomic}
   size_t MaxHeapSize                              = 3980394496                                {product} {ergonomic}
   size_t MaxNewSize                               = 2386558976                                {product} {ergonomic}
   size_t MinHeapDeltaBytes                        = 2097152                                   {product} {ergonomic}
   size_t MinHeapSize                              = 8388608                                   {product} {ergonomic}
    uintx NonNMethodCodeHeapSize                   = 5839372                                {pd product} {ergonomic}
    uintx NonProfiledCodeHeapSize                  = 122909434                              {pd product} {ergonomic}
    uintx ProfiledCodeHeapSize                     = 122909434                              {pd product} {ergonomic}
    uintx ReservedCodeCacheSize                    = 251658240                              {pd product} {ergonomic}
     bool SegmentedCodeCache                       = true                                      {product} {ergonomic}
     bool ShowCodeDetailsInExceptionMessages       = true                                   {manageable} {command line}
   size_t SoftMaxHeapSize                          = 3980394496                             {manageable} {ergonomic}
     bool UseCompressedClassPointers               = true                           {product lp64_product} {ergonomic}
     bool UseCompressedOops                        = true                           {product lp64_product} {ergonomic}
     bool UseG1GC                                  = true                                      {product} {ergonomic}
     bool UseLargePagesIndividualAllocation        = false                                  {pd product} {ergonomic}

Logging:
Log output configuration:
 #0: stdout all=warning uptime,level,tags
 #1: stderr all=off uptime,level,tags

Environment Variables:
JAVA_HOME=C:\Program Files\Java\jdk1.8.0_202
PATH=C:/Users/marco.cerrato/.p2/pool/plugins/org.eclipse.justj.openjdk.hotspot.jre.full.win32.x86_64_17.0.7.v20230425-1502/jre/bin/server;C:/Users/marco.cerrato/.p2/pool/plugins/org.eclipse.justj.openjdk.hotspot.jre.full.win32.x86_64_17.0.7.v20230425-1502/jre/bin;C:\Program Files\Common Files\Oracle\Java\javapath;C:\Program Files (x86)\Common Files\Oracle\Java\javapath;C:\app\marco.cerrato\product\21c\dbhomeXE\bin;C:\Windows\system32;C:\Windows;C:\Windows\System32\Wbem;C:\Windows\System32\WindowsPowerShell\v1.0\;C:\Windows\System32\OpenSSH\;C:\Program Files\Cloudflare\Cloudflare WARP\;C:\Program Files\dotnet\;C:\Program Files\Git\cmd;C:\Program Files\PuTTY\;C:\Program Files\nodejs\;C:\Program Files\MySQL\MySQL Shell 8.0\bin\;C:\Users\marco.cerrato\AppData\Local\Microsoft\WindowsApps;C:\Development\gradle-8.5\bin;C:\Users\marco.cerrato\AppData\Roaming\npm;C:\Windows\System32;
USERNAME=marco.cerrato
OS=Windows_NT
PROCESSOR_IDENTIFIER=AMD64 Family 23 Model 104 Stepping 1, AuthenticAMD
TMP=C:\Users\MARCO~1.CER\AppData\Local\Temp
TEMP=C:\Users\MARCO~1.CER\AppData\Local\Temp



---------------  S Y S T E M  ---------------

OS:
 Windows 10 , 64 bit Build 19041 (10.0.19041.5794)
OS uptime: 13 days 0:09 hours
Hyper-V role detected

CPU: total 8 (initial active 8) (16 cores per cpu, 2 threads per core) family 23 model 104 stepping 1 microcode 0x0, cx8, cmov, fxsr, ht, mmx, 3dnowpref, sse, sse2, sse3, ssse3, sse4a, sse4.1, sse4.2, popcnt, lzcnt, tsc, tscinvbit, avx, avx2, aes, clmul, bmi1, bmi2, adx, sha, fma, vzeroupper, clflush, clflushopt, hv

Memory: 4k page, system-wide physical 15178M (2587M free)
TotalPageFile size 29554M (AvailPageFile size 5591M)
current process WorkingSet (physical memory assigned to process): 233M, peak: 294M
current process commit charge ("private bytes"): 259M, peak: 377M

vm_info: OpenJDK 64-Bit Server VM (17.0.7+7) for windows-amd64 JRE (17.0.7+7), built on Apr 18 2023 22:10:42 by "temurin" with MS VC++ 16.7 (VS2019)

END.
